#
# A fatal error has been detected by the Java Runtime Environment:
#
#  EXCEPTION_ACCESS_VIOLATION (0xc0000005) at pc=0x00007ffd56bf0d70, pid=7080, tid=24428
#
# JRE version: Java(TM) SE Runtime Environment 18.9 (11.0.18+9) (build 11.0.18+9-LTS-195)
# Java VM: Java HotSpot(TM) 64-Bit Server VM 18.9 (11.0.18+9-LTS-195, mixed mode, tiered, compressed oops, g1 gc, windows-amd64)
# Problematic frame:
# C  [ig11icd64.dll+0x5b0d70]
#
# No core dump will be written. Minidumps are not enabled by default on client versions of Windows
#
# If you would like to submit a bug report, please visit:
#   https://bugreport.java.com/bugreport/crash.jsp
# The crash happened outside the Java Virtual Machine in native code.
# See problematic frame for where to report the bug.
#

---------------  S U M M A R Y ------------

Command Line: -Dsun.java2d.d3d=false -Dsun.java2d.uiScale=1 a3.MyGame

Host: Intel(R) Core(TM) i7-1065G7 CPU @ 1.30GHz, 8 cores, 15G,  Windows 11 , 64 bit Build 22621 (10.0.22621.1344)
Time: Fri Apr  7 15:30:43 2023 Pacific Daylight Time elapsed time: 64.177205 seconds (0d 0h 1m 4s)

---------------  T H R E A D  ---------------

Current thread (0x000001efb26f4000):  JavaThread "AWT-EventQueue-0" [_thread_in_native, id=24428, stack(0x000000bf09200000,0x000000bf09300000)]

Stack: [0x000000bf09200000,0x000000bf09300000],  sp=0x000000bf092fa168,  free space=1000k
Native frames: (J=compiled Java code, j=interpreted, Vv=VM code, C=native code)
C  [ig11icd64.dll+0x5b0d70]

Java frames: (J=compiled Java code, j=interpreted, Vv=VM code)
J 3146  jogamp.opengl.gl4.GL4bcImpl.dispatch_glDrawArrays1(IIIJ)V (0 bytes) @ 0x000001ef9c58fd75 [0x000001ef9c58fd20+0x0000000000000055]
J 3287 c2 jogamp.opengl.gl4.GL4bcImpl.glDrawArrays(III)V (49 bytes) @ 0x000001ef9c5a0264 [0x000001ef9c5a0220+0x0000000000000044]
J 3613 c2 tage.objectRenderers.RenderObjectStandard.render(Ltage/GameObject;ILorg/joml/Matrix4f;Lorg/joml/Matrix4f;)V (1265 bytes) @ 0x000001ef9c5cc750 [0x000001ef9c5cb000+0x0000000000001750]
J 3656 c2 tage.RenderSystem.display(Lcom/jogamp/opengl/GLAutoDrawable;)V (462 bytes) @ 0x000001ef9c5dc880 [0x000001ef9c5da800+0x0000000000002080]
J 3815 c1 jogamp.opengl.GLDrawableHelper.displayImpl(Lcom/jogamp/opengl/GLAutoDrawable;)V (86 bytes) @ 0x000001ef95647f6c [0x000001ef95647520+0x0000000000000a4c]
J 3813 c1 com.jogamp.opengl.awt.GLCanvas$11.run()V (122 bytes) @ 0x000001ef9564e29c [0x000001ef9564dd80+0x000000000000051c]
J 3811 c1 jogamp.opengl.GLDrawableHelper.invokeGLImpl(Lcom/jogamp/opengl/GLDrawable;Lcom/jogamp/opengl/GLContext;Ljava/lang/Runnable;Ljava/lang/Runnable;)V (579 bytes) @ 0x000001ef9564b164 [0x000001ef9564a2e0+0x0000000000000e84]
J 3810 c1 jogamp.opengl.GLDrawableHelper.invokeGL(Lcom/jogamp/opengl/GLDrawable;Lcom/jogamp/opengl/GLContext;Ljava/lang/Runnable;Ljava/lang/Runnable;)V (76 bytes) @ 0x000001ef95649cfc [0x000001ef95649c40+0x00000000000000bc]
J 3698 c1 com.jogamp.opengl.awt.GLCanvas$12.run()V (126 bytes) @ 0x000001ef95604ae4 [0x000001ef95604580+0x0000000000000564]
J 3500 c1 java.awt.event.InvocationEvent.dispatch()V java.desktop@11.0.18 (69 bytes) @ 0x000001ef95569c54 [0x000001ef95569b00+0x0000000000000154]
J 3332 c1 java.awt.EventQueue.dispatchEventImpl(Ljava/awt/AWTEvent;Ljava/lang/Object;)V java.desktop@11.0.18 (136 bytes) @ 0x000001ef954e977c [0x000001ef954e7da0+0x00000000000019dc]
J 3331 c1 java.awt.EventQueue$4.run()Ljava/lang/Void; java.desktop@11.0.18 (60 bytes) @ 0x000001ef954e76c4 [0x000001ef954e7580+0x0000000000000144]
J 3330 c1 java.awt.EventQueue$4.run()Ljava/lang/Object; java.desktop@11.0.18 (5 bytes) @ 0x000001ef954e7244 [0x000001ef954e71c0+0x0000000000000084]
v  ~StubRoutines::call_stub
J 1800  java.security.AccessController.doPrivileged(Ljava/security/PrivilegedAction;Ljava/security/AccessControlContext;)Ljava/lang/Object; java.base@11.0.18 (0 bytes) @ 0x000001ef9c4961b6 [0x000001ef9c496140+0x0000000000000076]
J 3198 c1 java.awt.EventQueue.dispatchEvent(Ljava/awt/AWTEvent;)V java.desktop@11.0.18 (80 bytes) @ 0x000001ef954bdb94 [0x000001ef954bd420+0x0000000000000774]
J 3230 c1 java.awt.EventDispatchThread.pumpOneEventForFilters(I)V java.desktop@11.0.18 (113 bytes) @ 0x000001ef954d52e4 [0x000001ef954d4b80+0x0000000000000764]
j  java.awt.EventDispatchThread.pumpEventsForFilter(ILjava/awt/Conditional;Ljava/awt/EventFilter;)V+35 java.desktop@11.0.18
j  java.awt.EventDispatchThread.pumpEventsForHierarchy(ILjava/awt/Conditional;Ljava/awt/Component;)V+11 java.desktop@11.0.18
j  java.awt.EventDispatchThread.pumpEvents(ILjava/awt/Conditional;)V+4 java.desktop@11.0.18
j  java.awt.EventDispatchThread.pumpEvents(Ljava/awt/Conditional;)V+3 java.desktop@11.0.18
j  java.awt.EventDispatchThread.run()V+9 java.desktop@11.0.18
v  ~StubRoutines::call_stub

siginfo: EXCEPTION_ACCESS_VIOLATION (0xc0000005), reading address 0x0000000000000098


Register to memory mapping:

RIP=0x00007ffd56bf0d70 ig11icd64.dll
RAX=0x000001efb308b5d0 points into unknown readable memory: 0x000001efb8530000 | 00 00 53 b8 ef 01 00 00
RBX=0x0 is NULL
RCX=0x000001efb308b5d0 points into unknown readable memory: 0x000001efb8530000 | 00 00 53 b8 ef 01 00 00
RDX=0x0 is NULL
RSP=0x000000bf092fa168 is pointing into the stack for thread: 0x000001efb26f4000
RBP=0x000000bf092fa270 is pointing into the stack for thread: 0x000001efb26f4000
RSI=0x000001efb3c1a6f0 points into unknown readable memory: 0x0000000078380001 | 01 00 38 78 00 00 00 00
RDI=0x000001efb3086b60 points into unknown readable memory: 0x00007ffd5735f7c8 | c8 f7 35 57 fd 7f 00 00
R8 =0x000001efb3087be8 points into unknown readable memory: 0x0000000000000000 | 00 00 00 00 00 00 00 00
R9 =0x00007ffd56640000 ig11icd64.dll
R10=0x000001efb3c146c0 points into unknown readable memory: 0x0000703411000001 | 01 00 00 11 34 70 00 00
R11=0x000001efb3c25b70 points into unknown readable memory: 0x051a06fb00000000 | 00 00 00 00 fb 06 1a 05
R12=0x000001efb3052240 points into unknown readable memory: 0x000001efb3ab8580 | 80 85 ab b3 ef 01 00 00
R13=0x000001efb3087550 points into unknown readable memory: 0x0000000000000000 | 00 00 00 00 00 00 00 00
R14=0x000001efb308a670 points into unknown readable memory: 0x7fffffdffe10c7ff | ff c7 10 fe df ff ff 7f
R15=0x0 is NULL


Registers:
RAX=0x000001efb308b5d0, RBX=0x0000000000000000, RCX=0x000001efb308b5d0, RDX=0x0000000000000000
RSP=0x000000bf092fa168, RBP=0x000000bf092fa270, RSI=0x000001efb3c1a6f0, RDI=0x000001efb3086b60
R8 =0x000001efb3087be8, R9 =0x00007ffd56640000, R10=0x000001efb3c146c0, R11=0x000001efb3c25b70
R12=0x000001efb3052240, R13=0x000001efb3087550, R14=0x000001efb308a670, R15=0x0000000000000000
RIP=0x00007ffd56bf0d70, EFLAGS=0x0000000000010246

Top of Stack: (sp=0x000000bf092fa168)
0x000000bf092fa168:   00007ffd5673c4bf 000001efb3c146c0
0x000000bf092fa178:   000001efb3c1a6f0 000000bf00000000
0x000000bf092fa188:   000001ef00000000 00007ffd0000002e
0x000000bf092fa198:   000001ef00000000 000001ef00001400
0x000000bf092fa1a8:   000001ef0000042c 4437453300000000
0x000000bf092fa1b8:   000001efb14ea9a0 0000000000000000
0x000000bf092fa1c8:   0000000000000000 0000000000000000
0x000000bf092fa1d8:   0000000000000000 0000010000000001
0x000000bf092fa1e8:   000001efb3086bb0 0000000040000209
0x000000bf092fa1f8:   0000000800000001 000001efb3b94ed0
0x000000bf092fa208:   000001ef0000007f 0000000000000008
0x000000bf092fa218:   0000000000000000 0000000000000000
0x000000bf092fa228:   0000000000000000 000001efb1d6f288
0x000000bf092fa238:   000001ef00000000 0000000000000003
0x000000bf092fa248:   000001efb3c146c0 000001efb3087550
0x000000bf092fa258:   000001efb3c146c0 000001efb3087910 

Instructions: (pc=0x00007ffd56bf0d70)
0x00007ffd56bf0d50:   f4 01 00 00 48 8b c7 48 8b 5c 24 50 48 8b 6c 24
0x00007ffd56bf0d60:   58 48 83 c4 20 41 5e 5f 5e c3 cc cc cc cc cc cc
0x00007ffd56bf0d70:   48 8b 82 98 00 00 00 4c 8b c1 48 85 c0 74 06 48
0x00007ffd56bf0d80:   8b 48 20 eb 14 48 8b 8a a0 00 00 00 48 85 c9 0f 


Stack slot to memory mapping:
stack at sp + 0 slots: 0x00007ffd5673c4bf ig11icd64.dll
stack at sp + 1 slots: 0x000001efb3c146c0 points into unknown readable memory: 0x0000703411000001 | 01 00 00 11 34 70 00 00
stack at sp + 2 slots: 0x000001efb3c1a6f0 points into unknown readable memory: 0x0000000078380001 | 01 00 38 78 00 00 00 00
stack at sp + 3 slots: 0x000000bf00000000 is an unknown value
stack at sp + 4 slots: 0x000001ef00000000 is an unknown value
stack at sp + 5 slots: 0x00007ffd0000002e is an unknown value
stack at sp + 6 slots: 0x000001ef00000000 is an unknown value
stack at sp + 7 slots: 0x000001ef00001400 is an unknown value


---------------  P R O C E S S  ---------------

Threads class SMR info:
_java_thread_list=0x000001efb229e2e0, length=17, elements={
0x000001efb033d000, 0x000001efb032d000, 0x000001efb0347800, 0x000001efb034b800,
0x000001efb034c800, 0x000001efb034e000, 0x000001efb0c38000, 0x000001efb0c4c000,
0x000001efb0dce800, 0x000001efb26f5000, 0x000001efb350f800, 0x000001efb26f4000,
0x000001efb1d04800, 0x000001efb10d6000, 0x000001ef8ba39000, 0x000001efb36b0000,
0x000001efb25d4000
}

Java Threads: ( => current thread )
  0x000001efb033d000 JavaThread "Reference Handler" daemon [_thread_blocked, id=6464, stack(0x000000bf08300000,0x000000bf08400000)]
  0x000001efb032d000 JavaThread "Finalizer" daemon [_thread_blocked, id=29836, stack(0x000000bf08400000,0x000000bf08500000)]
  0x000001efb0347800 JavaThread "Signal Dispatcher" daemon [_thread_blocked, id=2016, stack(0x000000bf08500000,0x000000bf08600000)]
  0x000001efb034b800 JavaThread "Attach Listener" daemon [_thread_blocked, id=30212, stack(0x000000bf08600000,0x000000bf08700000)]
  0x000001efb034c800 JavaThread "Service Thread" daemon [_thread_blocked, id=16032, stack(0x000000bf08700000,0x000000bf08800000)]
  0x000001efb034e000 JavaThread "C2 CompilerThread0" daemon [_thread_blocked, id=18184, stack(0x000000bf08800000,0x000000bf08900000)]
  0x000001efb0c38000 JavaThread "C1 CompilerThread0" daemon [_thread_blocked, id=24364, stack(0x000000bf08900000,0x000000bf08a00000)]
  0x000001efb0c4c000 JavaThread "Sweeper thread" daemon [_thread_blocked, id=16312, stack(0x000000bf08a00000,0x000000bf08b00000)]
  0x000001efb0dce800 JavaThread "Common-Cleaner" daemon [_thread_blocked, id=16652, stack(0x000000bf08c00000,0x000000bf08d00000)]
  0x000001efb26f5000 JavaThread "Java2D Disposer" daemon [_thread_blocked, id=25880, stack(0x000000bf08f00000,0x000000bf09000000)]
  0x000001efb350f800 JavaThread "AWT-Shutdown" [_thread_blocked, id=29064, stack(0x000000bf09000000,0x000000bf09100000)]
=>0x000001efb26f4000 JavaThread "AWT-EventQueue-0" [_thread_in_native, id=24428, stack(0x000000bf09200000,0x000000bf09300000)]
  0x000001efb1d04800 JavaThread "Thread-1" daemon [_thread_in_native, id=24412, stack(0x000000bf09a00000,0x000000bf09b00000)]
  0x000001efb10d6000 JavaThread "main-AWTAnimator#00" [_thread_blocked, id=23332, stack(0x000000bf0a200000,0x000000bf0a300000)]
  0x000001ef8ba39000 JavaThread "DestroyJavaVM" [_thread_blocked, id=21492, stack(0x000000bf07c00000,0x000000bf07d00000)]
  0x000001efb36b0000 JavaThread "SIGINT handler" daemon [_thread_blocked, id=13376, stack(0x000000bf07900000,0x000000bf07a00000)]
  0x000001efb25d4000 JavaThread "SIGINT handler" daemon [_thread_blocked, id=29872, stack(0x000000bf07a00000,0x000000bf07b00000)]

Other Threads:
  0x000001efb032a000 VMThread "VM Thread" [stack: 0x000000bf08200000,0x000000bf08300000] [id=7772]
  0x000001efb0dcc800 WatcherThread [stack: 0x000000bf08b00000,0x000000bf08c00000] [id=11904]
  0x000001ef8ba4e000 GCTaskThread "GC Thread#0" [stack: 0x000000bf07d00000,0x000000bf07e00000] [id=2444]
  0x000001efb18f0000 GCTaskThread "GC Thread#1" [stack: 0x000000bf09300000,0x000000bf09400000] [id=21272]
  0x000001efb2793800 GCTaskThread "GC Thread#2" [stack: 0x000000bf09400000,0x000000bf09500000] [id=21924]
  0x000001efb1de9800 GCTaskThread "GC Thread#3" [stack: 0x000000bf09500000,0x000000bf09600000] [id=4572]
  0x000001efb15ea000 GCTaskThread "GC Thread#4" [stack: 0x000000bf09600000,0x000000bf09700000] [id=2256]
  0x000001efb15c3800 GCTaskThread "GC Thread#5" [stack: 0x000000bf09700000,0x000000bf09800000] [id=27540]
  0x000001efb47cb000 GCTaskThread "GC Thread#6" [stack: 0x000000bf0a000000,0x000000bf0a100000] [id=28520]
  0x000001efb18b6000 GCTaskThread "GC Thread#7" [stack: 0x000000bf0a100000,0x000000bf0a200000] [id=24372]
  0x000001ef8baab800 ConcurrentGCThread "G1 Main Marker" [stack: 0x000000bf07e00000,0x000000bf07f00000] [id=24196]
  0x000001ef8baad800 ConcurrentGCThread "G1 Conc#0" [stack: 0x000000bf07f00000,0x000000bf08000000] [id=21276]
  0x000001efb15fe800 ConcurrentGCThread "G1 Conc#1" [stack: 0x000000bf09800000,0x000000bf09900000] [id=18224]
  0x000001efb0211800 ConcurrentGCThread "G1 Refine#0" [stack: 0x000000bf08000000,0x000000bf08100000] [id=18640]
  0x000001efb0214800 ConcurrentGCThread "G1 Young RemSet Sampling" [stack: 0x000000bf08100000,0x000000bf08200000] [id=4272]

Threads with active compile tasks:

VM state:not at safepoint (normal execution)

VM Mutex/Monitor currently owned by a thread: None

Heap address: 0x0000000706600000, size: 3994 MB, Compressed Oops mode: Zero based, Oop shift amount: 3
Narrow klass base: 0x0000000800000000, Narrow klass shift: 0
Compressed class space size: 1073741824 Address: 0x0000000800000000

Heap:
 garbage-first heap   total 401408K, used 145645K [0x0000000706600000, 0x0000000800000000)
  region size 1024K, 57 young (58368K), 1 survivors (1024K)
 Metaspace       used 35554K, capacity 36675K, committed 36860K, reserved 1081344K
  class space    used 3569K, capacity 4090K, committed 4096K, reserved 1048576K
Heap Regions: E=young(eden), S=young(survivor), O=old, HS=humongous(starts), HC=humongous(continues), CS=collection set, F=free, A=archive, TAMS=top-at-mark-start (previous, next)
|   0|0x0000000706600000, 0x0000000706700000, 0x0000000706700000|100%| O|  |TAMS 0x0000000706700000, 0x0000000706600000| Untracked 
|   1|0x0000000706700000, 0x0000000706800000, 0x0000000706800000|100%| O|  |TAMS 0x0000000706800000, 0x0000000706700000| Untracked 
|   2|0x0000000706800000, 0x0000000706900000, 0x0000000706900000|100%|HS|  |TAMS 0x0000000706900000, 0x0000000706800000| Complete 
|   3|0x0000000706900000, 0x0000000706a00000, 0x0000000706a00000|100%| O|  |TAMS 0x0000000706a00000, 0x0000000706900000| Untracked 
|   4|0x0000000706a00000, 0x0000000706b00000, 0x0000000706b00000|100%| O|  |TAMS 0x0000000706b00000, 0x0000000706a00000| Untracked 
|   5|0x0000000706b00000, 0x0000000706c00000, 0x0000000706c00000|100%|HS|  |TAMS 0x0000000706c00000, 0x0000000706b00000| Complete 
|   6|0x0000000706c00000, 0x0000000706d00000, 0x0000000706d00000|100%|HC|  |TAMS 0x0000000706d00000, 0x0000000706c00000| Complete 
|   7|0x0000000706d00000, 0x0000000706e00000, 0x0000000706e00000|100%|HC|  |TAMS 0x0000000706e00000, 0x0000000706d00000| Complete 
|   8|0x0000000706e00000, 0x0000000706f00000, 0x0000000706f00000|100%|HC|  |TAMS 0x0000000706f00000, 0x0000000706e00000| Complete 
|   9|0x0000000706f00000, 0x0000000707000000, 0x0000000707000000|100%|HC|  |TAMS 0x0000000707000000, 0x0000000706f00000| Complete 
|  10|0x0000000707000000, 0x0000000707100000, 0x0000000707100000|100%|HC|  |TAMS 0x0000000707100000, 0x0000000707000000| Complete 
|  11|0x0000000707100000, 0x0000000707200000, 0x0000000707200000|100%|HC|  |TAMS 0x0000000707200000, 0x0000000707100000| Complete 
|  12|0x0000000707200000, 0x0000000707300000, 0x0000000707300000|100%|HC|  |TAMS 0x0000000707300000, 0x0000000707200000| Complete 
|  13|0x0000000707300000, 0x0000000707400000, 0x0000000707400000|100%|HC|  |TAMS 0x0000000707400000, 0x0000000707300000| Complete 
|  14|0x0000000707400000, 0x0000000707500000, 0x0000000707500000|100%|HC|  |TAMS 0x0000000707500000, 0x0000000707400000| Complete 
|  15|0x0000000707500000, 0x0000000707600000, 0x0000000707600000|100%|HC|  |TAMS 0x0000000707600000, 0x0000000707500000| Complete 
|  16|0x0000000707600000, 0x0000000707700000, 0x0000000707700000|100%|HC|  |TAMS 0x0000000707700000, 0x0000000707600000| Complete 
|  17|0x0000000707700000, 0x0000000707800000, 0x0000000707800000|100%|HC|  |TAMS 0x0000000707800000, 0x0000000707700000| Complete 
|  18|0x0000000707800000, 0x0000000707900000, 0x0000000707900000|100%|HC|  |TAMS 0x0000000707900000, 0x0000000707800000| Complete 
|  19|0x0000000707900000, 0x0000000707a00000, 0x0000000707a00000|100%|HC|  |TAMS 0x0000000707a00000, 0x0000000707900000| Complete 
|  20|0x0000000707a00000, 0x0000000707b00000, 0x0000000707b00000|100%|HC|  |TAMS 0x0000000707b00000, 0x0000000707a00000| Complete 
|  21|0x0000000707b00000, 0x0000000707c00000, 0x0000000707c00000|100%|HC|  |TAMS 0x0000000707c00000, 0x0000000707b00000| Complete 
|  22|0x0000000707c00000, 0x0000000707d00000, 0x0000000707d00000|100%|HC|  |TAMS 0x0000000707d00000, 0x0000000707c00000| Complete 
|  23|0x0000000707d00000, 0x0000000707e00000, 0x0000000707e00000|100%|HC|  |TAMS 0x0000000707e00000, 0x0000000707d00000| Complete 
|  24|0x0000000707e00000, 0x0000000707f00000, 0x0000000707f00000|100%|HS|  |TAMS 0x0000000707f00000, 0x0000000707e00000| Complete 
|  25|0x0000000707f00000, 0x0000000708000000, 0x0000000708000000|100%| O|  |TAMS 0x0000000708000000, 0x0000000707f00000| Untracked 
|  26|0x0000000708000000, 0x0000000708100000, 0x0000000708100000|100%| O|  |TAMS 0x0000000708100000, 0x0000000708000000| Untracked 
|  27|0x0000000708100000, 0x0000000708200000, 0x0000000708200000|100%| O|  |TAMS 0x0000000708200000, 0x0000000708100000| Untracked 
|  28|0x0000000708200000, 0x0000000708200000, 0x0000000708300000|  0%| F|  |TAMS 0x0000000708200000, 0x0000000708200000| Untracked 
|  29|0x0000000708300000, 0x0000000708300000, 0x0000000708400000|  0%| F|  |TAMS 0x0000000708300000, 0x0000000708300000| Untracked 
|  30|0x0000000708400000, 0x0000000708400000, 0x0000000708500000|  0%| F|  |TAMS 0x0000000708400000, 0x0000000708400000| Untracked 
|  31|0x0000000708500000, 0x0000000708500000, 0x0000000708600000|  0%| F|  |TAMS 0x0000000708500000, 0x0000000708500000| Untracked 
|  32|0x0000000708600000, 0x0000000708600000, 0x0000000708700000|  0%| F|  |TAMS 0x0000000708600000, 0x0000000708600000| Untracked 
|  33|0x0000000708700000, 0x0000000708700000, 0x0000000708800000|  0%| F|  |TAMS 0x0000000708700000, 0x0000000708700000| Untracked 
|  34|0x0000000708800000, 0x0000000708800000, 0x0000000708900000|  0%| F|  |TAMS 0x0000000708800000, 0x0000000708800000| Untracked 
|  35|0x0000000708900000, 0x0000000708900000, 0x0000000708a00000|  0%| F|  |TAMS 0x0000000708900000, 0x0000000708900000| Untracked 
|  36|0x0000000708a00000, 0x0000000708a00000, 0x0000000708b00000|  0%| F|  |TAMS 0x0000000708a00000, 0x0000000708a00000| Untracked 
|  37|0x0000000708b00000, 0x0000000708b00000, 0x0000000708c00000|  0%| F|  |TAMS 0x0000000708b00000, 0x0000000708b00000| Untracked 
|  38|0x0000000708c00000, 0x0000000708c00000, 0x0000000708d00000|  0%| F|  |TAMS 0x0000000708c00000, 0x0000000708c00000| Untracked 
|  39|0x0000000708d00000, 0x0000000708d00000, 0x0000000708e00000|  0%| F|  |TAMS 0x0000000708d00000, 0x0000000708d00000| Untracked 
|  40|0x0000000708e00000, 0x0000000708e00000, 0x0000000708f00000|  0%| F|  |TAMS 0x0000000708e00000, 0x0000000708e00000| Untracked 
|  41|0x0000000708f00000, 0x0000000709000000, 0x0000000709000000|100%|HS|  |TAMS 0x0000000709000000, 0x0000000708f00000| Complete 
|  42|0x0000000709000000, 0x0000000709100000, 0x0000000709100000|100%|HC|  |TAMS 0x0000000709100000, 0x0000000709000000| Complete 
|  43|0x0000000709100000, 0x0000000709200000, 0x0000000709200000|100%|HC|  |TAMS 0x0000000709200000, 0x0000000709100000| Complete 
|  44|0x0000000709200000, 0x0000000709300000, 0x0000000709300000|100%|HC|  |TAMS 0x0000000709300000, 0x0000000709200000| Complete 
|  45|0x0000000709300000, 0x0000000709400000, 0x0000000709400000|100%|HC|  |TAMS 0x0000000709400000, 0x0000000709300000| Complete 
|  46|0x0000000709400000, 0x0000000709500000, 0x0000000709500000|100%|HC|  |TAMS 0x0000000709500000, 0x0000000709400000| Complete 
|  47|0x0000000709500000, 0x0000000709600000, 0x0000000709600000|100%|HC|  |TAMS 0x0000000709600000, 0x0000000709500000| Complete 
|  48|0x0000000709600000, 0x0000000709700000, 0x0000000709700000|100%|HC|  |TAMS 0x0000000709700000, 0x0000000709600000| Complete 
|  49|0x0000000709700000, 0x0000000709800000, 0x0000000709800000|100%|HC|  |TAMS 0x0000000709800000, 0x0000000709700000| Complete 
|  50|0x0000000709800000, 0x0000000709900000, 0x0000000709900000|100%|HC|  |TAMS 0x0000000709900000, 0x0000000709800000| Complete 
|  51|0x0000000709900000, 0x0000000709a00000, 0x0000000709a00000|100%|HC|  |TAMS 0x0000000709a00000, 0x0000000709900000| Complete 
|  52|0x0000000709a00000, 0x0000000709b00000, 0x0000000709b00000|100%|HC|  |TAMS 0x0000000709b00000, 0x0000000709a00000| Complete 
|  53|0x0000000709b00000, 0x0000000709c00000, 0x0000000709c00000|100%|HC|  |TAMS 0x0000000709c00000, 0x0000000709b00000| Complete 
|  54|0x0000000709c00000, 0x0000000709d00000, 0x0000000709d00000|100%|HS|  |TAMS 0x0000000709d00000, 0x0000000709c00000| Complete 
|  55|0x0000000709d00000, 0x0000000709e00000, 0x0000000709e00000|100%|HC|  |TAMS 0x0000000709e00000, 0x0000000709d00000| Complete 
|  56|0x0000000709e00000, 0x0000000709f00000, 0x0000000709f00000|100%|HC|  |TAMS 0x0000000709f00000, 0x0000000709e00000| Complete 
|  57|0x0000000709f00000, 0x000000070a000000, 0x000000070a000000|100%|HC|  |TAMS 0x000000070a000000, 0x0000000709f00000| Complete 
|  58|0x000000070a000000, 0x000000070a100000, 0x000000070a100000|100%|HC|  |TAMS 0x000000070a100000, 0x000000070a000000| Complete 
|  59|0x000000070a100000, 0x000000070a200000, 0x000000070a200000|100%|HC|  |TAMS 0x000000070a200000, 0x000000070a100000| Complete 
|  60|0x000000070a200000, 0x000000070a300000, 0x000000070a300000|100%|HC|  |TAMS 0x000000070a300000, 0x000000070a200000| Complete 
|  61|0x000000070a300000, 0x000000070a400000, 0x000000070a400000|100%|HC|  |TAMS 0x000000070a400000, 0x000000070a300000| Complete 
|  62|0x000000070a400000, 0x000000070a500000, 0x000000070a500000|100%|HC|  |TAMS 0x000000070a500000, 0x000000070a400000| Complete 
|  63|0x000000070a500000, 0x000000070a600000, 0x000000070a600000|100%|HC|  |TAMS 0x000000070a600000, 0x000000070a500000| Complete 
|  64|0x000000070a600000, 0x000000070a700000, 0x000000070a700000|100%|HC|  |TAMS 0x000000070a700000, 0x000000070a600000| Complete 
|  65|0x000000070a700000, 0x000000070a800000, 0x000000070a800000|100%|HC|  |TAMS 0x000000070a800000, 0x000000070a700000| Complete 
|  66|0x000000070a800000, 0x000000070a900000, 0x000000070a900000|100%|HC|  |TAMS 0x000000070a900000, 0x000000070a800000| Complete 
|  67|0x000000070a900000, 0x000000070a900000, 0x000000070aa00000|  0%| F|  |TAMS 0x000000070a900000, 0x000000070a900000| Untracked 
|  68|0x000000070aa00000, 0x000000070aa00000, 0x000000070ab00000|  0%| F|  |TAMS 0x000000070aa00000, 0x000000070aa00000| Untracked 
|  69|0x000000070ab00000, 0x000000070ab00000, 0x000000070ac00000|  0%| F|  |TAMS 0x000000070ab00000, 0x000000070ab00000| Untracked 
|  70|0x000000070ac00000, 0x000000070ac00000, 0x000000070ad00000|  0%| F|  |TAMS 0x000000070ac00000, 0x000000070ac00000| Untracked 
|  71|0x000000070ad00000, 0x000000070ad00000, 0x000000070ae00000|  0%| F|  |TAMS 0x000000070ad00000, 0x000000070ad00000| Untracked 
|  72|0x000000070ae00000, 0x000000070af00000, 0x000000070af00000|100%| O|  |TAMS 0x000000070af00000, 0x000000070ae00000| Untracked 
|  73|0x000000070af00000, 0x000000070b000000, 0x000000070b000000|100%| O|  |TAMS 0x000000070b000000, 0x000000070af00000| Untracked 
|  74|0x000000070b000000, 0x000000070b100000, 0x000000070b100000|100%| O|  |TAMS 0x000000070b100000, 0x000000070b000000| Untracked 
|  75|0x000000070b100000, 0x000000070b200000, 0x000000070b200000|100%| O|  |TAMS 0x000000070b200000, 0x000000070b100000| Untracked 
|  76|0x000000070b200000, 0x000000070b300000, 0x000000070b300000|100%| O|  |TAMS 0x000000070b300000, 0x000000070b200000| Untracked 
|  77|0x000000070b300000, 0x000000070b400000, 0x000000070b400000|100%| O|  |TAMS 0x000000070b400000, 0x000000070b300000| Untracked 
|  78|0x000000070b400000, 0x000000070b500000, 0x000000070b500000|100%| O|  |TAMS 0x000000070b500000, 0x000000070b400000| Untracked 
|  79|0x000000070b500000, 0x000000070b500000, 0x000000070b600000|  0%| F|  |TAMS 0x000000070b500000, 0x000000070b500000| Untracked 
|  80|0x000000070b600000, 0x000000070b600000, 0x000000070b700000|  0%| F|  |TAMS 0x000000070b600000, 0x000000070b600000| Untracked 
|  81|0x000000070b700000, 0x000000070b700000, 0x000000070b800000|  0%| F|  |TAMS 0x000000070b700000, 0x000000070b700000| Untracked 
|  82|0x000000070b800000, 0x000000070b800000, 0x000000070b900000|  0%| F|  |TAMS 0x000000070b800000, 0x000000070b800000| Untracked 
|  83|0x000000070b900000, 0x000000070b900000, 0x000000070ba00000|  0%| F|  |TAMS 0x000000070b900000, 0x000000070b900000| Untracked 
|  84|0x000000070ba00000, 0x000000070ba00000, 0x000000070bb00000|  0%| F|  |TAMS 0x000000070ba00000, 0x000000070ba00000| Untracked 
|  85|0x000000070bb00000, 0x000000070bb00000, 0x000000070bc00000|  0%| F|  |TAMS 0x000000070bb00000, 0x000000070bb00000| Untracked 
|  86|0x000000070bc00000, 0x000000070bc00000, 0x000000070bd00000|  0%| F|  |TAMS 0x000000070bc00000, 0x000000070bc00000| Untracked 
|  87|0x000000070bd00000, 0x000000070bd00000, 0x000000070be00000|  0%| F|  |TAMS 0x000000070bd00000, 0x000000070bd00000| Untracked 
|  88|0x000000070be00000, 0x000000070be00000, 0x000000070bf00000|  0%| F|  |TAMS 0x000000070be00000, 0x000000070be00000| Untracked 
|  89|0x000000070bf00000, 0x000000070bf00000, 0x000000070c000000|  0%| F|  |TAMS 0x000000070bf00000, 0x000000070bf00000| Untracked 
|  90|0x000000070c000000, 0x000000070c000000, 0x000000070c100000|  0%| F|  |TAMS 0x000000070c000000, 0x000000070c000000| Untracked 
|  91|0x000000070c100000, 0x000000070c100000, 0x000000070c200000|  0%| F|  |TAMS 0x000000070c100000, 0x000000070c100000| Untracked 
|  92|0x000000070c200000, 0x000000070c300000, 0x000000070c300000|100%|HS|  |TAMS 0x000000070c300000, 0x000000070c200000| Complete 
|  93|0x000000070c300000, 0x000000070c400000, 0x000000070c400000|100%|HC|  |TAMS 0x000000070c400000, 0x000000070c300000| Complete 
|  94|0x000000070c400000, 0x000000070c500000, 0x000000070c500000|100%|HC|  |TAMS 0x000000070c500000, 0x000000070c400000| Complete 
|  95|0x000000070c500000, 0x000000070c600000, 0x000000070c600000|100%|HC|  |TAMS 0x000000070c600000, 0x000000070c500000| Complete 
|  96|0x000000070c600000, 0x000000070c700000, 0x000000070c700000|100%|HC|  |TAMS 0x000000070c700000, 0x000000070c600000| Complete 
|  97|0x000000070c700000, 0x000000070c800000, 0x000000070c800000|100%|HC|  |TAMS 0x000000070c800000, 0x000000070c700000| Complete 
|  98|0x000000070c800000, 0x000000070c900000, 0x000000070c900000|100%|HC|  |TAMS 0x000000070c900000, 0x000000070c800000| Complete 
|  99|0x000000070c900000, 0x000000070ca00000, 0x000000070ca00000|100%|HC|  |TAMS 0x000000070ca00000, 0x000000070c900000| Complete 
| 100|0x000000070ca00000, 0x000000070cb00000, 0x000000070cb00000|100%|HC|  |TAMS 0x000000070cb00000, 0x000000070ca00000| Complete 
| 101|0x000000070cb00000, 0x000000070cc00000, 0x000000070cc00000|100%|HC|  |TAMS 0x000000070cc00000, 0x000000070cb00000| Complete 
| 102|0x000000070cc00000, 0x000000070cd00000, 0x000000070cd00000|100%|HC|  |TAMS 0x000000070cd00000, 0x000000070cc00000| Complete 
| 103|0x000000070cd00000, 0x000000070ce00000, 0x000000070ce00000|100%|HC|  |TAMS 0x000000070ce00000, 0x000000070cd00000| Complete 
| 104|0x000000070ce00000, 0x000000070cf00000, 0x000000070cf00000|100%|HC|  |TAMS 0x000000070cf00000, 0x000000070ce00000| Complete 
| 105|0x000000070cf00000, 0x000000070d000000, 0x000000070d000000|100%|HS|  |TAMS 0x000000070d000000, 0x000000070cf00000| Complete 
| 106|0x000000070d000000, 0x000000070d100000, 0x000000070d100000|100%|HC|  |TAMS 0x000000070d100000, 0x000000070d000000| Complete 
| 107|0x000000070d100000, 0x000000070d200000, 0x000000070d200000|100%|HC|  |TAMS 0x000000070d200000, 0x000000070d100000| Complete 
| 108|0x000000070d200000, 0x000000070d300000, 0x000000070d300000|100%|HC|  |TAMS 0x000000070d300000, 0x000000070d200000| Complete 
| 109|0x000000070d300000, 0x000000070d400000, 0x000000070d400000|100%|HC|  |TAMS 0x000000070d400000, 0x000000070d300000| Complete 
| 110|0x000000070d400000, 0x000000070d500000, 0x000000070d500000|100%|HC|  |TAMS 0x000000070d500000, 0x000000070d400000| Complete 
| 111|0x000000070d500000, 0x000000070d600000, 0x000000070d600000|100%|HC|  |TAMS 0x000000070d600000, 0x000000070d500000| Complete 
| 112|0x000000070d600000, 0x000000070d700000, 0x000000070d700000|100%|HC|  |TAMS 0x000000070d700000, 0x000000070d600000| Complete 
| 113|0x000000070d700000, 0x000000070d800000, 0x000000070d800000|100%|HC|  |TAMS 0x000000070d800000, 0x000000070d700000| Complete 
| 114|0x000000070d800000, 0x000000070d900000, 0x000000070d900000|100%|HC|  |TAMS 0x000000070d900000, 0x000000070d800000| Complete 
| 115|0x000000070d900000, 0x000000070da00000, 0x000000070da00000|100%|HC|  |TAMS 0x000000070da00000, 0x000000070d900000| Complete 
| 116|0x000000070da00000, 0x000000070db00000, 0x000000070db00000|100%|HC|  |TAMS 0x000000070db00000, 0x000000070da00000| Complete 
| 117|0x000000070db00000, 0x000000070dc00000, 0x000000070dc00000|100%|HC|  |TAMS 0x000000070dc00000, 0x000000070db00000| Complete 
| 118|0x000000070dc00000, 0x000000070dc00000, 0x000000070dd00000|  0%| F|  |TAMS 0x000000070dc00000, 0x000000070dc00000| Untracked 
| 119|0x000000070dd00000, 0x000000070dd00000, 0x000000070de00000|  0%| F|  |TAMS 0x000000070dd00000, 0x000000070dd00000| Untracked 
| 120|0x000000070de00000, 0x000000070de00000, 0x000000070df00000|  0%| F|  |TAMS 0x000000070de00000, 0x000000070de00000| Untracked 
| 121|0x000000070df00000, 0x000000070df00000, 0x000000070e000000|  0%| F|  |TAMS 0x000000070df00000, 0x000000070df00000| Untracked 
| 122|0x000000070e000000, 0x000000070e000000, 0x000000070e100000|  0%| F|  |TAMS 0x000000070e000000, 0x000000070e000000| Untracked 
| 123|0x000000070e100000, 0x000000070e100000, 0x000000070e200000|  0%| F|  |TAMS 0x000000070e100000, 0x000000070e100000| Untracked 
| 124|0x000000070e200000, 0x000000070e200000, 0x000000070e300000|  0%| F|  |TAMS 0x000000070e200000, 0x000000070e200000| Untracked 
| 125|0x000000070e300000, 0x000000070e300000, 0x000000070e400000|  0%| F|  |TAMS 0x000000070e300000, 0x000000070e300000| Untracked 
| 126|0x000000070e400000, 0x000000070e400000, 0x000000070e500000|  0%| F|  |TAMS 0x000000070e400000, 0x000000070e400000| Untracked 
| 127|0x000000070e500000, 0x000000070e500000, 0x000000070e600000|  0%| F|  |TAMS 0x000000070e500000, 0x000000070e500000| Untracked 
| 128|0x000000070e600000, 0x000000070e600000, 0x000000070e700000|  0%| F|  |TAMS 0x000000070e600000, 0x000000070e600000| Untracked 
| 129|0x000000070e700000, 0x000000070e700000, 0x000000070e800000|  0%| F|  |TAMS 0x000000070e700000, 0x000000070e700000| Untracked 
| 130|0x000000070e800000, 0x000000070e800000, 0x000000070e900000|  0%| F|  |TAMS 0x000000070e800000, 0x000000070e800000| Untracked 
| 131|0x000000070e900000, 0x000000070e900000, 0x000000070ea00000|  0%| F|  |TAMS 0x000000070e900000, 0x000000070e900000| Untracked 
| 132|0x000000070ea00000, 0x000000070ea00000, 0x000000070eb00000|  0%| F|  |TAMS 0x000000070ea00000, 0x000000070ea00000| Untracked 
| 133|0x000000070eb00000, 0x000000070eb00000, 0x000000070ec00000|  0%| F|  |TAMS 0x000000070eb00000, 0x000000070eb00000| Untracked 
| 134|0x000000070ec00000, 0x000000070ec00000, 0x000000070ed00000|  0%| F|  |TAMS 0x000000070ec00000, 0x000000070ec00000| Untracked 
| 135|0x000000070ed00000, 0x000000070ed00000, 0x000000070ee00000|  0%| F|  |TAMS 0x000000070ed00000, 0x000000070ed00000| Untracked 
| 136|0x000000070ee00000, 0x000000070ee00000, 0x000000070ef00000|  0%| F|  |TAMS 0x000000070ee00000, 0x000000070ee00000| Untracked 
| 137|0x000000070ef00000, 0x000000070ef00000, 0x000000070f000000|  0%| F|  |TAMS 0x000000070ef00000, 0x000000070ef00000| Untracked 
| 138|0x000000070f000000, 0x000000070f000000, 0x000000070f100000|  0%| F|  |TAMS 0x000000070f000000, 0x000000070f000000| Untracked 
| 139|0x000000070f100000, 0x000000070f100000, 0x000000070f200000|  0%| F|  |TAMS 0x000000070f100000, 0x000000070f100000| Untracked 
| 140|0x000000070f200000, 0x000000070f200000, 0x000000070f300000|  0%| F|  |TAMS 0x000000070f200000, 0x000000070f200000| Untracked 
| 141|0x000000070f300000, 0x000000070f300000, 0x000000070f400000|  0%| F|  |TAMS 0x000000070f300000, 0x000000070f300000| Untracked 
| 142|0x000000070f400000, 0x000000070f400000, 0x000000070f500000|  0%| F|  |TAMS 0x000000070f400000, 0x000000070f400000| Untracked 
| 143|0x000000070f500000, 0x000000070f500000, 0x000000070f600000|  0%| F|  |TAMS 0x000000070f500000, 0x000000070f500000| Untracked 
| 144|0x000000070f600000, 0x000000070f600000, 0x000000070f700000|  0%| F|  |TAMS 0x000000070f600000, 0x000000070f600000| Untracked 
| 145|0x000000070f700000, 0x000000070f700000, 0x000000070f800000|  0%| F|  |TAMS 0x000000070f700000, 0x000000070f700000| Untracked 
| 146|0x000000070f800000, 0x000000070f800000, 0x000000070f900000|  0%| F|  |TAMS 0x000000070f800000, 0x000000070f800000| Untracked 
| 147|0x000000070f900000, 0x000000070f900000, 0x000000070fa00000|  0%| F|  |TAMS 0x000000070f900000, 0x000000070f900000| Untracked 
| 148|0x000000070fa00000, 0x000000070fa00000, 0x000000070fb00000|  0%| F|  |TAMS 0x000000070fa00000, 0x000000070fa00000| Untracked 
| 149|0x000000070fb00000, 0x000000070fb00000, 0x000000070fc00000|  0%| F|  |TAMS 0x000000070fb00000, 0x000000070fb00000| Untracked 
| 150|0x000000070fc00000, 0x000000070fc00000, 0x000000070fd00000|  0%| F|  |TAMS 0x000000070fc00000, 0x000000070fc00000| Untracked 
| 151|0x000000070fd00000, 0x000000070fd00000, 0x000000070fe00000|  0%| F|  |TAMS 0x000000070fd00000, 0x000000070fd00000| Untracked 
| 152|0x000000070fe00000, 0x000000070fe00000, 0x000000070ff00000|  0%| F|  |TAMS 0x000000070fe00000, 0x000000070fe00000| Untracked 
| 153|0x000000070ff00000, 0x000000070ff00000, 0x0000000710000000|  0%| F|  |TAMS 0x000000070ff00000, 0x000000070ff00000| Untracked 
| 154|0x0000000710000000, 0x0000000710000000, 0x0000000710100000|  0%| F|  |TAMS 0x0000000710000000, 0x0000000710000000| Untracked 
| 155|0x0000000710100000, 0x0000000710100000, 0x0000000710200000|  0%| F|  |TAMS 0x0000000710100000, 0x0000000710100000| Untracked 
| 156|0x0000000710200000, 0x0000000710200000, 0x0000000710300000|  0%| F|  |TAMS 0x0000000710200000, 0x0000000710200000| Untracked 
| 157|0x0000000710300000, 0x0000000710300000, 0x0000000710400000|  0%| F|  |TAMS 0x0000000710300000, 0x0000000710300000| Untracked 
| 158|0x0000000710400000, 0x0000000710400000, 0x0000000710500000|  0%| F|  |TAMS 0x0000000710400000, 0x0000000710400000| Untracked 
| 159|0x0000000710500000, 0x0000000710500000, 0x0000000710600000|  0%| F|  |TAMS 0x0000000710500000, 0x0000000710500000| Untracked 
| 160|0x0000000710600000, 0x0000000710600000, 0x0000000710700000|  0%| F|  |TAMS 0x0000000710600000, 0x0000000710600000| Untracked 
| 161|0x0000000710700000, 0x0000000710700000, 0x0000000710800000|  0%| F|  |TAMS 0x0000000710700000, 0x0000000710700000| Untracked 
| 162|0x0000000710800000, 0x0000000710800000, 0x0000000710900000|  0%| F|  |TAMS 0x0000000710800000, 0x0000000710800000| Untracked 
| 163|0x0000000710900000, 0x0000000710900000, 0x0000000710a00000|  0%| F|  |TAMS 0x0000000710900000, 0x0000000710900000| Untracked 
| 164|0x0000000710a00000, 0x0000000710a3b468, 0x0000000710b00000| 23%| S|CS|TAMS 0x0000000710a00000, 0x0000000710a00000| Complete 
| 165|0x0000000710b00000, 0x0000000710b00000, 0x0000000710c00000|  0%| F|  |TAMS 0x0000000710b00000, 0x0000000710b00000| Untracked 
| 166|0x0000000710c00000, 0x0000000710c00000, 0x0000000710d00000|  0%| F|  |TAMS 0x0000000710c00000, 0x0000000710c00000| Untracked 
| 167|0x0000000710d00000, 0x0000000710d00000, 0x0000000710e00000|  0%| F|  |TAMS 0x0000000710d00000, 0x0000000710d00000| Untracked 
| 168|0x0000000710e00000, 0x0000000710e00000, 0x0000000710f00000|  0%| F|  |TAMS 0x0000000710e00000, 0x0000000710e00000| Untracked 
| 169|0x0000000710f00000, 0x0000000710f00000, 0x0000000711000000|  0%| F|  |TAMS 0x0000000710f00000, 0x0000000710f00000| Untracked 
| 170|0x0000000711000000, 0x0000000711000000, 0x0000000711100000|  0%| F|  |TAMS 0x0000000711000000, 0x0000000711000000| Untracked 
| 171|0x0000000711100000, 0x0000000711100000, 0x0000000711200000|  0%| F|  |TAMS 0x0000000711100000, 0x0000000711100000| Untracked 
| 172|0x0000000711200000, 0x0000000711200000, 0x0000000711300000|  0%| F|  |TAMS 0x0000000711200000, 0x0000000711200000| Untracked 
| 173|0x0000000711300000, 0x0000000711300000, 0x0000000711400000|  0%| F|  |TAMS 0x0000000711300000, 0x0000000711300000| Untracked 
| 174|0x0000000711400000, 0x0000000711400000, 0x0000000711500000|  0%| F|  |TAMS 0x0000000711400000, 0x0000000711400000| Untracked 
| 175|0x0000000711500000, 0x0000000711500000, 0x0000000711600000|  0%| F|  |TAMS 0x0000000711500000, 0x0000000711500000| Untracked 
| 176|0x0000000711600000, 0x0000000711600000, 0x0000000711700000|  0%| F|  |TAMS 0x0000000711600000, 0x0000000711600000| Untracked 
| 177|0x0000000711700000, 0x0000000711700000, 0x0000000711800000|  0%| F|  |TAMS 0x0000000711700000, 0x0000000711700000| Untracked 
| 178|0x0000000711800000, 0x0000000711800000, 0x0000000711900000|  0%| F|  |TAMS 0x0000000711800000, 0x0000000711800000| Untracked 
| 179|0x0000000711900000, 0x0000000711900000, 0x0000000711a00000|  0%| F|  |TAMS 0x0000000711900000, 0x0000000711900000| Untracked 
| 180|0x0000000711a00000, 0x0000000711a00000, 0x0000000711b00000|  0%| F|  |TAMS 0x0000000711a00000, 0x0000000711a00000| Untracked 
| 181|0x0000000711b00000, 0x0000000711b00000, 0x0000000711c00000|  0%| F|  |TAMS 0x0000000711b00000, 0x0000000711b00000| Untracked 
| 182|0x0000000711c00000, 0x0000000711c00000, 0x0000000711d00000|  0%| F|  |TAMS 0x0000000711c00000, 0x0000000711c00000| Untracked 
| 183|0x0000000711d00000, 0x0000000711d00000, 0x0000000711e00000|  0%| F|  |TAMS 0x0000000711d00000, 0x0000000711d00000| Untracked 
| 184|0x0000000711e00000, 0x0000000711e00000, 0x0000000711f00000|  0%| F|  |TAMS 0x0000000711e00000, 0x0000000711e00000| Untracked 
| 185|0x0000000711f00000, 0x0000000711f00000, 0x0000000712000000|  0%| F|  |TAMS 0x0000000711f00000, 0x0000000711f00000| Untracked 
| 186|0x0000000712000000, 0x0000000712000000, 0x0000000712100000|  0%| F|  |TAMS 0x0000000712000000, 0x0000000712000000| Untracked 
| 187|0x0000000712100000, 0x0000000712100000, 0x0000000712200000|  0%| F|  |TAMS 0x0000000712100000, 0x0000000712100000| Untracked 
| 188|0x0000000712200000, 0x0000000712200000, 0x0000000712300000|  0%| F|  |TAMS 0x0000000712200000, 0x0000000712200000| Untracked 
| 189|0x0000000712300000, 0x0000000712300000, 0x0000000712400000|  0%| F|  |TAMS 0x0000000712300000, 0x0000000712300000| Untracked 
| 190|0x0000000712400000, 0x0000000712400000, 0x0000000712500000|  0%| F|  |TAMS 0x0000000712400000, 0x0000000712400000| Untracked 
| 191|0x0000000712500000, 0x0000000712500000, 0x0000000712600000|  0%| F|  |TAMS 0x0000000712500000, 0x0000000712500000| Untracked 
| 192|0x0000000712600000, 0x0000000712600000, 0x0000000712700000|  0%| F|  |TAMS 0x0000000712600000, 0x0000000712600000| Untracked 
| 193|0x0000000712700000, 0x0000000712700000, 0x0000000712800000|  0%| F|  |TAMS 0x0000000712700000, 0x0000000712700000| Untracked 
| 194|0x0000000712800000, 0x0000000712800000, 0x0000000712900000|  0%| F|  |TAMS 0x0000000712800000, 0x0000000712800000| Untracked 
| 195|0x0000000712900000, 0x0000000712900000, 0x0000000712a00000|  0%| F|  |TAMS 0x0000000712900000, 0x0000000712900000| Untracked 
| 196|0x0000000712a00000, 0x0000000712a00000, 0x0000000712b00000|  0%| F|  |TAMS 0x0000000712a00000, 0x0000000712a00000| Untracked 
| 197|0x0000000712b00000, 0x0000000712b00000, 0x0000000712c00000|  0%| F|  |TAMS 0x0000000712b00000, 0x0000000712b00000| Untracked 
| 198|0x0000000712c00000, 0x0000000712c00000, 0x0000000712d00000|  0%| F|  |TAMS 0x0000000712c00000, 0x0000000712c00000| Untracked 
| 199|0x0000000712d00000, 0x0000000712d00000, 0x0000000712e00000|  0%| F|  |TAMS 0x0000000712d00000, 0x0000000712d00000| Untracked 
| 200|0x0000000712e00000, 0x0000000712e00000, 0x0000000712f00000|  0%| F|  |TAMS 0x0000000712e00000, 0x0000000712e00000| Untracked 
| 201|0x0000000712f00000, 0x0000000712f00000, 0x0000000713000000|  0%| F|  |TAMS 0x0000000712f00000, 0x0000000712f00000| Untracked 
| 202|0x0000000713000000, 0x0000000713000000, 0x0000000713100000|  0%| F|  |TAMS 0x0000000713000000, 0x0000000713000000| Untracked 
| 203|0x0000000713100000, 0x0000000713100000, 0x0000000713200000|  0%| F|  |TAMS 0x0000000713100000, 0x0000000713100000| Untracked 
| 204|0x0000000713200000, 0x0000000713200000, 0x0000000713300000|  0%| F|  |TAMS 0x0000000713200000, 0x0000000713200000| Untracked 
| 205|0x0000000713300000, 0x0000000713300000, 0x0000000713400000|  0%| F|  |TAMS 0x0000000713300000, 0x0000000713300000| Untracked 
| 206|0x0000000713400000, 0x0000000713400000, 0x0000000713500000|  0%| F|  |TAMS 0x0000000713400000, 0x0000000713400000| Untracked 
| 207|0x0000000713500000, 0x0000000713500000, 0x0000000713600000|  0%| F|  |TAMS 0x0000000713500000, 0x0000000713500000| Untracked 
| 208|0x0000000713600000, 0x0000000713600000, 0x0000000713700000|  0%| F|  |TAMS 0x0000000713600000, 0x0000000713600000| Untracked 
| 209|0x0000000713700000, 0x0000000713700000, 0x0000000713800000|  0%| F|  |TAMS 0x0000000713700000, 0x0000000713700000| Untracked 
| 210|0x0000000713800000, 0x0000000713800000, 0x0000000713900000|  0%| F|  |TAMS 0x0000000713800000, 0x0000000713800000| Untracked 
| 211|0x0000000713900000, 0x0000000713900000, 0x0000000713a00000|  0%| F|  |TAMS 0x0000000713900000, 0x0000000713900000| Untracked 
| 212|0x0000000713a00000, 0x0000000713a00000, 0x0000000713b00000|  0%| F|  |TAMS 0x0000000713a00000, 0x0000000713a00000| Untracked 
| 213|0x0000000713b00000, 0x0000000713b00000, 0x0000000713c00000|  0%| F|  |TAMS 0x0000000713b00000, 0x0000000713b00000| Untracked 
| 214|0x0000000713c00000, 0x0000000713c00000, 0x0000000713d00000|  0%| F|  |TAMS 0x0000000713c00000, 0x0000000713c00000| Untracked 
| 215|0x0000000713d00000, 0x0000000713d00000, 0x0000000713e00000|  0%| F|  |TAMS 0x0000000713d00000, 0x0000000713d00000| Untracked 
| 216|0x0000000713e00000, 0x0000000713e00000, 0x0000000713f00000|  0%| F|  |TAMS 0x0000000713e00000, 0x0000000713e00000| Untracked 
| 217|0x0000000713f00000, 0x0000000713f00000, 0x0000000714000000|  0%| F|  |TAMS 0x0000000713f00000, 0x0000000713f00000| Untracked 
| 218|0x0000000714000000, 0x0000000714000000, 0x0000000714100000|  0%| F|  |TAMS 0x0000000714000000, 0x0000000714000000| Untracked 
| 219|0x0000000714100000, 0x0000000714100000, 0x0000000714200000|  0%| F|  |TAMS 0x0000000714100000, 0x0000000714100000| Untracked 
| 220|0x0000000714200000, 0x0000000714200000, 0x0000000714300000|  0%| F|  |TAMS 0x0000000714200000, 0x0000000714200000| Untracked 
| 221|0x0000000714300000, 0x0000000714300000, 0x0000000714400000|  0%| F|  |TAMS 0x0000000714300000, 0x0000000714300000| Untracked 
| 222|0x0000000714400000, 0x0000000714400000, 0x0000000714500000|  0%| F|  |TAMS 0x0000000714400000, 0x0000000714400000| Untracked 
| 223|0x0000000714500000, 0x0000000714500000, 0x0000000714600000|  0%| F|  |TAMS 0x0000000714500000, 0x0000000714500000| Untracked 
| 224|0x0000000714600000, 0x0000000714600000, 0x0000000714700000|  0%| F|  |TAMS 0x0000000714600000, 0x0000000714600000| Untracked 
| 225|0x0000000714700000, 0x0000000714700000, 0x0000000714800000|  0%| F|  |TAMS 0x0000000714700000, 0x0000000714700000| Untracked 
| 226|0x0000000714800000, 0x0000000714800000, 0x0000000714900000|  0%| F|  |TAMS 0x0000000714800000, 0x0000000714800000| Untracked 
| 227|0x0000000714900000, 0x0000000714900000, 0x0000000714a00000|  0%| F|  |TAMS 0x0000000714900000, 0x0000000714900000| Untracked 
| 228|0x0000000714a00000, 0x0000000714a00000, 0x0000000714b00000|  0%| F|  |TAMS 0x0000000714a00000, 0x0000000714a00000| Untracked 
| 229|0x0000000714b00000, 0x0000000714b00000, 0x0000000714c00000|  0%| F|  |TAMS 0x0000000714b00000, 0x0000000714b00000| Untracked 
| 230|0x0000000714c00000, 0x0000000714c00000, 0x0000000714d00000|  0%| F|  |TAMS 0x0000000714c00000, 0x0000000714c00000| Untracked 
| 231|0x0000000714d00000, 0x0000000714d00000, 0x0000000714e00000|  0%| F|  |TAMS 0x0000000714d00000, 0x0000000714d00000| Untracked 
| 232|0x0000000714e00000, 0x0000000714e00000, 0x0000000714f00000|  0%| F|  |TAMS 0x0000000714e00000, 0x0000000714e00000| Untracked 
| 233|0x0000000714f00000, 0x0000000714f00000, 0x0000000715000000|  0%| F|  |TAMS 0x0000000714f00000, 0x0000000714f00000| Untracked 
| 234|0x0000000715000000, 0x0000000715000000, 0x0000000715100000|  0%| F|  |TAMS 0x0000000715000000, 0x0000000715000000| Untracked 
| 235|0x0000000715100000, 0x0000000715100000, 0x0000000715200000|  0%| F|  |TAMS 0x0000000715100000, 0x0000000715100000| Untracked 
| 236|0x0000000715200000, 0x0000000715200000, 0x0000000715300000|  0%| F|  |TAMS 0x0000000715200000, 0x0000000715200000| Untracked 
| 237|0x0000000715300000, 0x0000000715300000, 0x0000000715400000|  0%| F|  |TAMS 0x0000000715300000, 0x0000000715300000| Untracked 
| 238|0x0000000715400000, 0x0000000715400000, 0x0000000715500000|  0%| F|  |TAMS 0x0000000715400000, 0x0000000715400000| Untracked 
| 239|0x0000000715500000, 0x0000000715500000, 0x0000000715600000|  0%| F|  |TAMS 0x0000000715500000, 0x0000000715500000| Untracked 
| 240|0x0000000715600000, 0x0000000715600000, 0x0000000715700000|  0%| F|  |TAMS 0x0000000715600000, 0x0000000715600000| Untracked 
| 241|0x0000000715700000, 0x0000000715700000, 0x0000000715800000|  0%| F|  |TAMS 0x0000000715700000, 0x0000000715700000| Untracked 
| 242|0x0000000715800000, 0x0000000715800000, 0x0000000715900000|  0%| F|  |TAMS 0x0000000715800000, 0x0000000715800000| Untracked 
| 243|0x0000000715900000, 0x0000000715900000, 0x0000000715a00000|  0%| F|  |TAMS 0x0000000715900000, 0x0000000715900000| Untracked 
| 244|0x0000000715a00000, 0x0000000715a00000, 0x0000000715b00000|  0%| F|  |TAMS 0x0000000715a00000, 0x0000000715a00000| Untracked 
| 245|0x0000000715b00000, 0x0000000715b00000, 0x0000000715c00000|  0%| F|  |TAMS 0x0000000715b00000, 0x0000000715b00000| Untracked 
| 246|0x0000000715c00000, 0x0000000715c00000, 0x0000000715d00000|  0%| F|  |TAMS 0x0000000715c00000, 0x0000000715c00000| Untracked 
| 247|0x0000000715d00000, 0x0000000715d00000, 0x0000000715e00000|  0%| F|  |TAMS 0x0000000715d00000, 0x0000000715d00000| Untracked 
| 248|0x0000000715e00000, 0x0000000715e00000, 0x0000000715f00000|  0%| F|  |TAMS 0x0000000715e00000, 0x0000000715e00000| Untracked 
| 249|0x0000000715f00000, 0x0000000715f00000, 0x0000000716000000|  0%| F|  |TAMS 0x0000000715f00000, 0x0000000715f00000| Untracked 
| 250|0x0000000716000000, 0x0000000716000000, 0x0000000716100000|  0%| F|  |TAMS 0x0000000716000000, 0x0000000716000000| Untracked 
| 251|0x0000000716100000, 0x0000000716100000, 0x0000000716200000|  0%| F|  |TAMS 0x0000000716100000, 0x0000000716100000| Untracked 
| 252|0x0000000716200000, 0x0000000716200000, 0x0000000716300000|  0%| F|  |TAMS 0x0000000716200000, 0x0000000716200000| Untracked 
| 253|0x0000000716300000, 0x0000000716300000, 0x0000000716400000|  0%| F|  |TAMS 0x0000000716300000, 0x0000000716300000| Untracked 
| 254|0x0000000716400000, 0x0000000716400000, 0x0000000716500000|  0%| F|  |TAMS 0x0000000716400000, 0x0000000716400000| Untracked 
| 255|0x0000000716500000, 0x0000000716500000, 0x0000000716600000|  0%| F|  |TAMS 0x0000000716500000, 0x0000000716500000| Untracked 
| 256|0x0000000716600000, 0x0000000716600000, 0x0000000716700000|  0%| F|  |TAMS 0x0000000716600000, 0x0000000716600000| Untracked 
| 257|0x0000000716700000, 0x0000000716700000, 0x0000000716800000|  0%| F|  |TAMS 0x0000000716700000, 0x0000000716700000| Untracked 
| 258|0x0000000716800000, 0x0000000716800000, 0x0000000716900000|  0%| F|  |TAMS 0x0000000716800000, 0x0000000716800000| Untracked 
| 259|0x0000000716900000, 0x0000000716900000, 0x0000000716a00000|  0%| F|  |TAMS 0x0000000716900000, 0x0000000716900000| Untracked 
| 260|0x0000000716a00000, 0x0000000716a00000, 0x0000000716b00000|  0%| F|  |TAMS 0x0000000716a00000, 0x0000000716a00000| Untracked 
| 261|0x0000000716b00000, 0x0000000716b00000, 0x0000000716c00000|  0%| F|  |TAMS 0x0000000716b00000, 0x0000000716b00000| Untracked 
| 262|0x0000000716c00000, 0x0000000716c00000, 0x0000000716d00000|  0%| F|  |TAMS 0x0000000716c00000, 0x0000000716c00000| Untracked 
| 263|0x0000000716d00000, 0x0000000716d00000, 0x0000000716e00000|  0%| F|  |TAMS 0x0000000716d00000, 0x0000000716d00000| Untracked 
| 264|0x0000000716e00000, 0x0000000716e00000, 0x0000000716f00000|  0%| F|  |TAMS 0x0000000716e00000, 0x0000000716e00000| Untracked 
| 265|0x0000000716f00000, 0x0000000716f00000, 0x0000000717000000|  0%| F|  |TAMS 0x0000000716f00000, 0x0000000716f00000| Untracked 
| 266|0x0000000717000000, 0x0000000717000000, 0x0000000717100000|  0%| F|  |TAMS 0x0000000717000000, 0x0000000717000000| Untracked 
| 267|0x0000000717100000, 0x0000000717100000, 0x0000000717200000|  0%| F|  |TAMS 0x0000000717100000, 0x0000000717100000| Untracked 
| 268|0x0000000717200000, 0x0000000717200000, 0x0000000717300000|  0%| F|  |TAMS 0x0000000717200000, 0x0000000717200000| Untracked 
| 269|0x0000000717300000, 0x0000000717300000, 0x0000000717400000|  0%| F|  |TAMS 0x0000000717300000, 0x0000000717300000| Untracked 
| 270|0x0000000717400000, 0x0000000717400000, 0x0000000717500000|  0%| F|  |TAMS 0x0000000717400000, 0x0000000717400000| Untracked 
| 271|0x0000000717500000, 0x0000000717500000, 0x0000000717600000|  0%| F|  |TAMS 0x0000000717500000, 0x0000000717500000| Untracked 
| 272|0x0000000717600000, 0x0000000717600000, 0x0000000717700000|  0%| F|  |TAMS 0x0000000717600000, 0x0000000717600000| Untracked 
| 273|0x0000000717700000, 0x0000000717700000, 0x0000000717800000|  0%| F|  |TAMS 0x0000000717700000, 0x0000000717700000| Untracked 
| 274|0x0000000717800000, 0x0000000717800000, 0x0000000717900000|  0%| F|  |TAMS 0x0000000717800000, 0x0000000717800000| Untracked 
| 275|0x0000000717900000, 0x0000000717900000, 0x0000000717a00000|  0%| F|  |TAMS 0x0000000717900000, 0x0000000717900000| Untracked 
| 276|0x0000000717a00000, 0x0000000717a00000, 0x0000000717b00000|  0%| F|  |TAMS 0x0000000717a00000, 0x0000000717a00000| Untracked 
| 277|0x0000000717b00000, 0x0000000717b00000, 0x0000000717c00000|  0%| F|  |TAMS 0x0000000717b00000, 0x0000000717b00000| Untracked 
| 278|0x0000000717c00000, 0x0000000717c00000, 0x0000000717d00000|  0%| F|  |TAMS 0x0000000717c00000, 0x0000000717c00000| Untracked 
| 279|0x0000000717d00000, 0x0000000717d00000, 0x0000000717e00000|  0%| F|  |TAMS 0x0000000717d00000, 0x0000000717d00000| Untracked 
| 280|0x0000000717e00000, 0x0000000717e00000, 0x0000000717f00000|  0%| F|  |TAMS 0x0000000717e00000, 0x0000000717e00000| Untracked 
| 281|0x0000000717f00000, 0x0000000717f00000, 0x0000000718000000|  0%| F|  |TAMS 0x0000000717f00000, 0x0000000717f00000| Untracked 
| 282|0x0000000718000000, 0x0000000718000000, 0x0000000718100000|  0%| F|  |TAMS 0x0000000718000000, 0x0000000718000000| Untracked 
| 283|0x0000000718100000, 0x0000000718100000, 0x0000000718200000|  0%| F|  |TAMS 0x0000000718100000, 0x0000000718100000| Untracked 
| 284|0x0000000718200000, 0x0000000718200000, 0x0000000718300000|  0%| F|  |TAMS 0x0000000718200000, 0x0000000718200000| Untracked 
| 285|0x0000000718300000, 0x0000000718300000, 0x0000000718400000|  0%| F|  |TAMS 0x0000000718300000, 0x0000000718300000| Untracked 
| 286|0x0000000718400000, 0x0000000718400000, 0x0000000718500000|  0%| F|  |TAMS 0x0000000718400000, 0x0000000718400000| Untracked 
| 287|0x0000000718500000, 0x0000000718500000, 0x0000000718600000|  0%| F|  |TAMS 0x0000000718500000, 0x0000000718500000| Untracked 
| 288|0x0000000718600000, 0x0000000718600000, 0x0000000718700000|  0%| F|  |TAMS 0x0000000718600000, 0x0000000718600000| Untracked 
| 289|0x0000000718700000, 0x0000000718700000, 0x0000000718800000|  0%| F|  |TAMS 0x0000000718700000, 0x0000000718700000| Untracked 
| 290|0x0000000718800000, 0x0000000718800000, 0x0000000718900000|  0%| F|  |TAMS 0x0000000718800000, 0x0000000718800000| Untracked 
| 291|0x0000000718900000, 0x0000000718900000, 0x0000000718a00000|  0%| F|  |TAMS 0x0000000718900000, 0x0000000718900000| Untracked 
| 292|0x0000000718a00000, 0x0000000718a00000, 0x0000000718b00000|  0%| F|  |TAMS 0x0000000718a00000, 0x0000000718a00000| Untracked 
| 293|0x0000000718b00000, 0x0000000718b00000, 0x0000000718c00000|  0%| F|  |TAMS 0x0000000718b00000, 0x0000000718b00000| Untracked 
| 294|0x0000000718c00000, 0x0000000718c00000, 0x0000000718d00000|  0%| F|  |TAMS 0x0000000718c00000, 0x0000000718c00000| Untracked 
| 295|0x0000000718d00000, 0x0000000718d00000, 0x0000000718e00000|  0%| F|  |TAMS 0x0000000718d00000, 0x0000000718d00000| Untracked 
| 296|0x0000000718e00000, 0x0000000718e00000, 0x0000000718f00000|  0%| F|  |TAMS 0x0000000718e00000, 0x0000000718e00000| Untracked 
| 297|0x0000000718f00000, 0x0000000718f00000, 0x0000000719000000|  0%| F|  |TAMS 0x0000000718f00000, 0x0000000718f00000| Untracked 
| 298|0x0000000719000000, 0x0000000719000000, 0x0000000719100000|  0%| F|  |TAMS 0x0000000719000000, 0x0000000719000000| Untracked 
| 299|0x0000000719100000, 0x0000000719100000, 0x0000000719200000|  0%| F|  |TAMS 0x0000000719100000, 0x0000000719100000| Untracked 
| 300|0x0000000719200000, 0x0000000719200000, 0x0000000719300000|  0%| F|  |TAMS 0x0000000719200000, 0x0000000719200000| Untracked 
| 301|0x0000000719300000, 0x0000000719300000, 0x0000000719400000|  0%| F|  |TAMS 0x0000000719300000, 0x0000000719300000| Untracked 
| 302|0x0000000719400000, 0x0000000719400000, 0x0000000719500000|  0%| F|  |TAMS 0x0000000719400000, 0x0000000719400000| Untracked 
| 303|0x0000000719500000, 0x0000000719500000, 0x0000000719600000|  0%| F|  |TAMS 0x0000000719500000, 0x0000000719500000| Untracked 
| 304|0x0000000719600000, 0x0000000719600000, 0x0000000719700000|  0%| F|  |TAMS 0x0000000719600000, 0x0000000719600000| Untracked 
| 305|0x0000000719700000, 0x0000000719700000, 0x0000000719800000|  0%| F|  |TAMS 0x0000000719700000, 0x0000000719700000| Untracked 
| 306|0x0000000719800000, 0x0000000719800000, 0x0000000719900000|  0%| F|  |TAMS 0x0000000719800000, 0x0000000719800000| Untracked 
| 307|0x0000000719900000, 0x0000000719900000, 0x0000000719a00000|  0%| F|  |TAMS 0x0000000719900000, 0x0000000719900000| Untracked 
| 308|0x0000000719a00000, 0x0000000719a00000, 0x0000000719b00000|  0%| F|  |TAMS 0x0000000719a00000, 0x0000000719a00000| Untracked 
| 309|0x0000000719b00000, 0x0000000719b00000, 0x0000000719c00000|  0%| F|  |TAMS 0x0000000719b00000, 0x0000000719b00000| Untracked 
| 310|0x0000000719c00000, 0x0000000719c00000, 0x0000000719d00000|  0%| F|  |TAMS 0x0000000719c00000, 0x0000000719c00000| Untracked 
| 311|0x0000000719d00000, 0x0000000719d00000, 0x0000000719e00000|  0%| F|  |TAMS 0x0000000719d00000, 0x0000000719d00000| Untracked 
| 312|0x0000000719e00000, 0x0000000719e00000, 0x0000000719f00000|  0%| F|  |TAMS 0x0000000719e00000, 0x0000000719e00000| Untracked 
| 313|0x0000000719f00000, 0x0000000719f00000, 0x000000071a000000|  0%| F|  |TAMS 0x0000000719f00000, 0x0000000719f00000| Untracked 
| 314|0x000000071a000000, 0x000000071a000000, 0x000000071a100000|  0%| F|  |TAMS 0x000000071a000000, 0x000000071a000000| Untracked 
| 315|0x000000071a100000, 0x000000071a100000, 0x000000071a200000|  0%| F|  |TAMS 0x000000071a100000, 0x000000071a100000| Untracked 
| 316|0x000000071a200000, 0x000000071a200000, 0x000000071a300000|  0%| F|  |TAMS 0x000000071a200000, 0x000000071a200000| Untracked 
| 317|0x000000071a300000, 0x000000071a300000, 0x000000071a400000|  0%| F|  |TAMS 0x000000071a300000, 0x000000071a300000| Untracked 
| 318|0x000000071a400000, 0x000000071a400000, 0x000000071a500000|  0%| F|  |TAMS 0x000000071a400000, 0x000000071a400000| Untracked 
| 319|0x000000071a500000, 0x000000071a500000, 0x000000071a600000|  0%| F|  |TAMS 0x000000071a500000, 0x000000071a500000| Untracked 
| 320|0x000000071a600000, 0x000000071a600000, 0x000000071a700000|  0%| F|  |TAMS 0x000000071a600000, 0x000000071a600000| Untracked 
| 321|0x000000071a700000, 0x000000071a700000, 0x000000071a800000|  0%| F|  |TAMS 0x000000071a700000, 0x000000071a700000| Untracked 
| 322|0x000000071a800000, 0x000000071a800000, 0x000000071a900000|  0%| F|  |TAMS 0x000000071a800000, 0x000000071a800000| Untracked 
| 323|0x000000071a900000, 0x000000071a900000, 0x000000071aa00000|  0%| F|  |TAMS 0x000000071a900000, 0x000000071a900000| Untracked 
| 324|0x000000071aa00000, 0x000000071aa00000, 0x000000071ab00000|  0%| F|  |TAMS 0x000000071aa00000, 0x000000071aa00000| Untracked 
| 325|0x000000071ab00000, 0x000000071ab00000, 0x000000071ac00000|  0%| F|  |TAMS 0x000000071ab00000, 0x000000071ab00000| Untracked 
| 326|0x000000071ac00000, 0x000000071ac00000, 0x000000071ad00000|  0%| F|  |TAMS 0x000000071ac00000, 0x000000071ac00000| Untracked 
| 327|0x000000071ad00000, 0x000000071ad00000, 0x000000071ae00000|  0%| F|  |TAMS 0x000000071ad00000, 0x000000071ad00000| Untracked 
| 328|0x000000071ae00000, 0x000000071ae00000, 0x000000071af00000|  0%| F|  |TAMS 0x000000071ae00000, 0x000000071ae00000| Untracked 
| 329|0x000000071af00000, 0x000000071af00000, 0x000000071b000000|  0%| F|  |TAMS 0x000000071af00000, 0x000000071af00000| Untracked 
| 330|0x000000071b000000, 0x000000071b000000, 0x000000071b100000|  0%| F|  |TAMS 0x000000071b000000, 0x000000071b000000| Untracked 
| 331|0x000000071b100000, 0x000000071b100000, 0x000000071b200000|  0%| F|  |TAMS 0x000000071b100000, 0x000000071b100000| Untracked 
| 332|0x000000071b200000, 0x000000071b200000, 0x000000071b300000|  0%| F|  |TAMS 0x000000071b200000, 0x000000071b200000| Untracked 
| 333|0x000000071b300000, 0x000000071b300000, 0x000000071b400000|  0%| F|  |TAMS 0x000000071b300000, 0x000000071b300000| Untracked 
| 334|0x000000071b400000, 0x000000071b400000, 0x000000071b500000|  0%| F|  |TAMS 0x000000071b400000, 0x000000071b400000| Untracked 
| 335|0x000000071b500000, 0x000000071b500000, 0x000000071b600000|  0%| F|  |TAMS 0x000000071b500000, 0x000000071b500000| Untracked 
| 336|0x000000071b600000, 0x000000071b700000, 0x000000071b700000|100%| E|  |TAMS 0x000000071b600000, 0x000000071b600000| Complete 
| 337|0x000000071b700000, 0x000000071b800000, 0x000000071b800000|100%| E|CS|TAMS 0x000000071b700000, 0x000000071b700000| Complete 
| 338|0x000000071b800000, 0x000000071b900000, 0x000000071b900000|100%| E|CS|TAMS 0x000000071b800000, 0x000000071b800000| Complete 
| 339|0x000000071b900000, 0x000000071ba00000, 0x000000071ba00000|100%| E|CS|TAMS 0x000000071b900000, 0x000000071b900000| Complete 
| 340|0x000000071ba00000, 0x000000071bb00000, 0x000000071bb00000|100%| E|CS|TAMS 0x000000071ba00000, 0x000000071ba00000| Complete 
| 341|0x000000071bb00000, 0x000000071bc00000, 0x000000071bc00000|100%| E|CS|TAMS 0x000000071bb00000, 0x000000071bb00000| Complete 
| 342|0x000000071bc00000, 0x000000071bd00000, 0x000000071bd00000|100%| E|CS|TAMS 0x000000071bc00000, 0x000000071bc00000| Complete 
| 343|0x000000071bd00000, 0x000000071be00000, 0x000000071be00000|100%| E|CS|TAMS 0x000000071bd00000, 0x000000071bd00000| Complete 
| 344|0x000000071be00000, 0x000000071bf00000, 0x000000071bf00000|100%| E|CS|TAMS 0x000000071be00000, 0x000000071be00000| Complete 
| 345|0x000000071bf00000, 0x000000071c000000, 0x000000071c000000|100%| E|CS|TAMS 0x000000071bf00000, 0x000000071bf00000| Complete 
| 346|0x000000071c000000, 0x000000071c100000, 0x000000071c100000|100%| E|CS|TAMS 0x000000071c000000, 0x000000071c000000| Complete 
| 347|0x000000071c100000, 0x000000071c200000, 0x000000071c200000|100%| E|CS|TAMS 0x000000071c100000, 0x000000071c100000| Complete 
| 348|0x000000071c200000, 0x000000071c300000, 0x000000071c300000|100%| E|CS|TAMS 0x000000071c200000, 0x000000071c200000| Complete 
| 349|0x000000071c300000, 0x000000071c400000, 0x000000071c400000|100%| E|CS|TAMS 0x000000071c300000, 0x000000071c300000| Complete 
| 350|0x000000071c400000, 0x000000071c500000, 0x000000071c500000|100%| E|CS|TAMS 0x000000071c400000, 0x000000071c400000| Complete 
| 351|0x000000071c500000, 0x000000071c600000, 0x000000071c600000|100%| E|CS|TAMS 0x000000071c500000, 0x000000071c500000| Complete 
| 352|0x000000071c600000, 0x000000071c700000, 0x000000071c700000|100%| E|CS|TAMS 0x000000071c600000, 0x000000071c600000| Complete 
| 353|0x000000071c700000, 0x000000071c800000, 0x000000071c800000|100%| E|CS|TAMS 0x000000071c700000, 0x000000071c700000| Complete 
| 354|0x000000071c800000, 0x000000071c900000, 0x000000071c900000|100%| E|CS|TAMS 0x000000071c800000, 0x000000071c800000| Complete 
| 355|0x000000071c900000, 0x000000071ca00000, 0x000000071ca00000|100%| E|CS|TAMS 0x000000071c900000, 0x000000071c900000| Complete 
| 356|0x000000071ca00000, 0x000000071cb00000, 0x000000071cb00000|100%| E|CS|TAMS 0x000000071ca00000, 0x000000071ca00000| Complete 
| 357|0x000000071cb00000, 0x000000071cc00000, 0x000000071cc00000|100%| E|CS|TAMS 0x000000071cb00000, 0x000000071cb00000| Complete 
| 358|0x000000071cc00000, 0x000000071cd00000, 0x000000071cd00000|100%| E|CS|TAMS 0x000000071cc00000, 0x000000071cc00000| Complete 
| 359|0x000000071cd00000, 0x000000071ce00000, 0x000000071ce00000|100%| E|CS|TAMS 0x000000071cd00000, 0x000000071cd00000| Complete 
| 360|0x000000071ce00000, 0x000000071cf00000, 0x000000071cf00000|100%| E|CS|TAMS 0x000000071ce00000, 0x000000071ce00000| Complete 
| 361|0x000000071cf00000, 0x000000071d000000, 0x000000071d000000|100%| E|CS|TAMS 0x000000071cf00000, 0x000000071cf00000| Complete 
| 362|0x000000071d000000, 0x000000071d100000, 0x000000071d100000|100%| E|CS|TAMS 0x000000071d000000, 0x000000071d000000| Complete 
| 363|0x000000071d100000, 0x000000071d200000, 0x000000071d200000|100%| E|CS|TAMS 0x000000071d100000, 0x000000071d100000| Complete 
| 364|0x000000071d200000, 0x000000071d300000, 0x000000071d300000|100%| E|CS|TAMS 0x000000071d200000, 0x000000071d200000| Complete 
| 365|0x000000071d300000, 0x000000071d400000, 0x000000071d400000|100%| E|CS|TAMS 0x000000071d300000, 0x000000071d300000| Complete 
| 366|0x000000071d400000, 0x000000071d500000, 0x000000071d500000|100%| E|CS|TAMS 0x000000071d400000, 0x000000071d400000| Complete 
| 367|0x000000071d500000, 0x000000071d600000, 0x000000071d600000|100%| E|CS|TAMS 0x000000071d500000, 0x000000071d500000| Complete 
| 368|0x000000071d600000, 0x000000071d700000, 0x000000071d700000|100%| E|CS|TAMS 0x000000071d600000, 0x000000071d600000| Complete 
| 369|0x000000071d700000, 0x000000071d800000, 0x000000071d800000|100%| E|CS|TAMS 0x000000071d700000, 0x000000071d700000| Complete 
| 370|0x000000071d800000, 0x000000071d900000, 0x000000071d900000|100%| E|CS|TAMS 0x000000071d800000, 0x000000071d800000| Complete 
| 371|0x000000071d900000, 0x000000071da00000, 0x000000071da00000|100%| E|CS|TAMS 0x000000071d900000, 0x000000071d900000| Complete 
| 372|0x000000071da00000, 0x000000071db00000, 0x000000071db00000|100%| E|CS|TAMS 0x000000071da00000, 0x000000071da00000| Complete 
| 373|0x000000071db00000, 0x000000071dc00000, 0x000000071dc00000|100%| E|CS|TAMS 0x000000071db00000, 0x000000071db00000| Complete 
| 374|0x000000071dc00000, 0x000000071dd00000, 0x000000071dd00000|100%| E|CS|TAMS 0x000000071dc00000, 0x000000071dc00000| Complete 
| 375|0x000000071dd00000, 0x000000071de00000, 0x000000071de00000|100%| E|CS|TAMS 0x000000071dd00000, 0x000000071dd00000| Complete 
| 376|0x000000071de00000, 0x000000071df00000, 0x000000071df00000|100%| E|CS|TAMS 0x000000071de00000, 0x000000071de00000| Complete 
| 377|0x000000071df00000, 0x000000071e000000, 0x000000071e000000|100%| E|CS|TAMS 0x000000071df00000, 0x000000071df00000| Complete 
| 378|0x000000071e000000, 0x000000071e100000, 0x000000071e100000|100%| E|CS|TAMS 0x000000071e000000, 0x000000071e000000| Complete 
| 379|0x000000071e100000, 0x000000071e200000, 0x000000071e200000|100%| E|CS|TAMS 0x000000071e100000, 0x000000071e100000| Complete 
| 380|0x000000071e200000, 0x000000071e300000, 0x000000071e300000|100%| E|CS|TAMS 0x000000071e200000, 0x000000071e200000| Complete 
| 381|0x000000071e300000, 0x000000071e400000, 0x000000071e400000|100%| E|CS|TAMS 0x000000071e300000, 0x000000071e300000| Complete 
| 382|0x000000071e400000, 0x000000071e500000, 0x000000071e500000|100%| E|CS|TAMS 0x000000071e400000, 0x000000071e400000| Complete 
| 383|0x000000071e500000, 0x000000071e600000, 0x000000071e600000|100%| E|CS|TAMS 0x000000071e500000, 0x000000071e500000| Complete 
| 384|0x000000071e600000, 0x000000071e700000, 0x000000071e700000|100%| E|CS|TAMS 0x000000071e600000, 0x000000071e600000| Complete 
| 385|0x000000071e700000, 0x000000071e800000, 0x000000071e800000|100%| E|CS|TAMS 0x000000071e700000, 0x000000071e700000| Complete 
| 386|0x000000071e800000, 0x000000071e900000, 0x000000071e900000|100%| E|CS|TAMS 0x000000071e800000, 0x000000071e800000| Complete 
| 387|0x000000071e900000, 0x000000071ea00000, 0x000000071ea00000|100%| E|CS|TAMS 0x000000071e900000, 0x000000071e900000| Complete 
| 388|0x000000071ea00000, 0x000000071eb00000, 0x000000071eb00000|100%| E|CS|TAMS 0x000000071ea00000, 0x000000071ea00000| Complete 
| 389|0x000000071eb00000, 0x000000071ec00000, 0x000000071ec00000|100%| E|CS|TAMS 0x000000071eb00000, 0x000000071eb00000| Complete 
| 390|0x000000071ec00000, 0x000000071ed00000, 0x000000071ed00000|100%| E|CS|TAMS 0x000000071ec00000, 0x000000071ec00000| Complete 
| 391|0x000000071ed00000, 0x000000071ee00000, 0x000000071ee00000|100%| E|CS|TAMS 0x000000071ed00000, 0x000000071ed00000| Complete 

Card table byte_map: [0x000001efa4b40000,0x000001efa5310000] _byte_map_base: 0x000001efa130d000

Marking Bits (Prev, Next): (CMBitMap*) 0x000001ef8ba9add8, (CMBitMap*) 0x000001ef8ba9ae10
 Prev Bits: [0x000001efa5ae0000, 0x000001efa9948000)
 Next Bits: [0x000001efa9950000, 0x000001efad7b8000)

Polling page: 0x000001ef8bb10000

Metaspace:

Usage:
  Non-class:     31.82 MB capacity,    31.23 MB ( 98%) used,   478.27 KB (  1%) free+waste,   122.50 KB ( <1%) overhead. 
      Class:      3.99 MB capacity,     3.49 MB ( 87%) used,   451.13 KB ( 11%) free+waste,    69.00 KB (  2%) overhead. 
       Both:     35.82 MB capacity,    34.72 MB ( 97%) used,   929.41 KB (  3%) free+waste,   191.50 KB ( <1%) overhead. 

Virtual space:
  Non-class space:       32.00 MB reserved,      32.00 MB (>99%) committed 
      Class space:        1.00 GB reserved,       4.00 MB ( <1%) committed 
             Both:        1.03 GB reserved,      36.00 MB (  3%) committed 

Chunk freelists:
   Non-Class:  6.38 KB
       Class:  768 bytes
        Both:  7.12 KB

CodeHeap 'non-profiled nmethods': size=120000Kb used=2469Kb max_used=2469Kb free=117530Kb
 bounds [0x000001ef9c3d0000, 0x000001ef9c640000, 0x000001efa3900000]
CodeHeap 'profiled nmethods': size=120000Kb used=8079Kb max_used=8079Kb free=111920Kb
 bounds [0x000001ef94ea0000, 0x000001ef95690000, 0x000001ef9c3d0000]
CodeHeap 'non-nmethods': size=5760Kb used=1580Kb max_used=1624Kb free=4179Kb
 bounds [0x000001ef94900000, 0x000001ef94b70000, 0x000001ef94ea0000]
 total_blobs=5066 nmethods=3956 adapters=1020
 compilation: enabled
              stopped_count=0, restarted_count=0
 full_count=0

Compilation events (10 events):
Event: 61.105 Thread 0x000001efb0c38000 3954       3       jdk.nashorn.internal.runtime.GlobalConstants$Access::invalidateUncounted (6 bytes)
Event: 61.105 Thread 0x000001efb0c38000 nmethod 3954 0x000001ef95683190 code [0x000001ef95683360, 0x000001ef95683908]
Event: 61.671 Thread 0x000001efb034e000 3955       4       java.awt.EventQueue::eventToCacheIndex (80 bytes)
Event: 61.672 Thread 0x000001efb034e000 nmethod 3955 0x000001ef9c637810 code [0x000001ef9c6379a0, 0x000001ef9c637a78]
Event: 62.303 Thread 0x000001efb034e000 3956       4       java.awt.EventQueue::getNextEventPrivate (76 bytes)
Event: 62.313 Thread 0x000001efb034e000 nmethod 3956 0x000001ef9c637b90 code [0x000001ef9c637d20, 0x000001ef9c638198]
Event: 63.876 Thread 0x000001efb034e000 3957       4       sun.awt.AWTAutoShutdown::notifyToolkitThreadBusy (8 bytes)
Event: 63.881 Thread 0x000001efb034e000 nmethod 3957 0x000001ef9c638410 code [0x000001ef9c6385a0, 0x000001ef9c638ab8]
Event: 63.881 Thread 0x000001efb034e000 3958       4       sun.awt.AWTAutoShutdown::notifyToolkitThreadFree (8 bytes)
Event: 63.887 Thread 0x000001efb034e000 nmethod 3958 0x000001ef9c638d10 code [0x000001ef9c638ea0, 0x000001ef9c639378]

GC Heap History (10 events):
Event: 17.049 GC heap before
{Heap before GC invocations=37 (full 0):
 garbage-first heap   total 332800K, used 292866K [0x0000000706600000, 0x0000000800000000)
  region size 1024K, 55 young (56320K), 1 survivors (1024K)
 Metaspace       used 34436K, capacity 35477K, committed 35836K, reserved 1081344K
  class space    used 3508K, capacity 3992K, committed 4096K, reserved 1048576K
}
Event: 17.052 GC heap after
{Heap after GC invocations=38 (full 0):
 garbage-first heap   total 399360K, used 237569K [0x0000000706600000, 0x0000000800000000)
  region size 1024K, 1 young (1024K), 1 survivors (1024K)
 Metaspace       used 34436K, capacity 35477K, committed 35836K, reserved 1081344K
  class space    used 3508K, capacity 3992K, committed 4096K, reserved 1048576K
}
Event: 17.089 GC heap before
{Heap before GC invocations=39 (full 0):
 garbage-first heap   total 399360K, used 254977K [0x0000000706600000, 0x0000000800000000)
  region size 1024K, 19 young (19456K), 1 survivors (1024K)
 Metaspace       used 34436K, capacity 35477K, committed 35836K, reserved 1081344K
  class space    used 3508K, capacity 3992K, committed 4096K, reserved 1048576K
}
Event: 17.090 GC heap after
{Heap after GC invocations=40 (full 0):
 garbage-first heap   total 399360K, used 237577K [0x0000000706600000, 0x0000000800000000)
  region size 1024K, 1 young (1024K), 1 survivors (1024K)
 Metaspace       used 34436K, capacity 35477K, committed 35836K, reserved 1081344K
  class space    used 3508K, capacity 3992K, committed 4096K, reserved 1048576K
}
Event: 17.345 GC heap before
{Heap before GC invocations=41 (full 0):
 garbage-first heap   total 399360K, used 398345K [0x0000000706600000, 0x0000000800000000)
  region size 1024K, 107 young (109568K), 1 survivors (1024K)
 Metaspace       used 34436K, capacity 35477K, committed 35836K, reserved 1081344K
  class space    used 3508K, capacity 3992K, committed 4096K, reserved 1048576K
}
Event: 17.346 GC heap after
{Heap after GC invocations=42 (full 0):
 garbage-first heap   total 401408K, used 254992K [0x0000000706600000, 0x0000000800000000)
  region size 1024K, 1 young (1024K), 1 survivors (1024K)
 Metaspace       used 34436K, capacity 35477K, committed 35836K, reserved 1081344K
  class space    used 3508K, capacity 3992K, committed 4096K, reserved 1048576K
}
Event: 26.670 GC heap before
{Heap before GC invocations=42 (full 0):
 garbage-first heap   total 401408K, used 352272K [0x0000000706600000, 0x0000000800000000)
  region size 1024K, 96 young (98304K), 1 survivors (1024K)
 Metaspace       used 35416K, capacity 36537K, committed 36604K, reserved 1081344K
  class space    used 3564K, capacity 4088K, committed 4096K, reserved 1048576K
}
Event: 26.671 GC heap after
{Heap after GC invocations=43 (full 0):
 garbage-first heap   total 401408K, used 150756K [0x0000000706600000, 0x0000000800000000)
  region size 1024K, 1 young (1024K), 1 survivors (1024K)
 Metaspace       used 35416K, capacity 36537K, committed 36604K, reserved 1081344K
  class space    used 3564K, capacity 4088K, committed 4096K, reserved 1048576K
}
Event: 55.839 GC heap before
{Heap before GC invocations=44 (full 0):
 garbage-first heap   total 401408K, used 320738K [0x0000000706600000, 0x0000000800000000)
  region size 1024K, 193 young (197632K), 1 survivors (1024K)
 Metaspace       used 35479K, capacity 36605K, committed 36860K, reserved 1081344K
  class space    used 3564K, capacity 4088K, committed 4096K, reserved 1048576K
}
Event: 55.842 GC heap after
{Heap after GC invocations=45 (full 0):
 garbage-first heap   total 401408K, used 89325K [0x0000000706600000, 0x0000000800000000)
  region size 1024K, 1 young (1024K), 1 survivors (1024K)
 Metaspace       used 35479K, capacity 36605K, committed 36860K, reserved 1081344K
  class space    used 3564K, capacity 4088K, committed 4096K, reserved 1048576K
}

Deoptimization events (10 events):
Event: 12.823 Thread 0x000001efb26f4000 Uncommon trap: reason=unstable_if action=reinterpret pc=0x000001ef9c510444 method=com.sun.imageio.plugins.jpeg.JPEGImageReader.acceptPixels(IZ)V @ 184 c2
Event: 19.613 Thread 0x000001efb26f4000 Uncommon trap: reason=unstable_if action=reinterpret pc=0x000001ef9c55a37c method=java.util.ArrayList.fastRemove([Ljava/lang/Object;I)V @ 19 c2
Event: 20.986 Thread 0x000001efb26f4000 Uncommon trap: reason=unstable_if action=reinterpret pc=0x000001ef9c5a6c64 method=tage.objectRenderers.RenderObjectStandard.render(Ltage/GameObject;ILorg/joml/Matrix4f;Lorg/joml/Matrix4f;)V @ 1000 c2
Event: 30.700 Thread 0x000001efb26f4000 Uncommon trap: reason=class_check action=maybe_recompile pc=0x000001ef9c5f1434 method=jdk.internal.misc.Unsafe.allocateUninitializedArray(Ljava/lang/Class;I)Ljava/lang/Object; @ 48 c2
Event: 30.700 Thread 0x000001efb26f4000 Uncommon trap: reason=class_check action=maybe_recompile pc=0x000001ef9c5f1434 method=jdk.internal.misc.Unsafe.allocateUninitializedArray(Ljava/lang/Class;I)Ljava/lang/Object; @ 48 c2
Event: 30.700 Thread 0x000001efb26f4000 Uncommon trap: reason=class_check action=maybe_recompile pc=0x000001ef9c5f1434 method=jdk.internal.misc.Unsafe.allocateUninitializedArray(Ljava/lang/Class;I)Ljava/lang/Object; @ 48 c2
Event: 30.726 Thread 0x000001efb26f4000 Uncommon trap: reason=class_check action=maybe_recompile pc=0x000001ef9c5f1434 method=jdk.internal.misc.Unsafe.allocateUninitializedArray(Ljava/lang/Class;I)Ljava/lang/Object; @ 48 c2
Event: 51.331 Thread 0x000001efb26f4000 Uncommon trap: reason=null_check action=make_not_entrant pc=0x000001ef9c5fb934 method=tage.input.InputManager.update(F)V @ 160 c2
Event: 57.007 Thread 0x000001efb26f4000 Uncommon trap: reason=unstable_if action=reinterpret pc=0x000001ef9c452b24 method=jdk.internal.org.objectweb.asm.Frame.execute(IILjdk/internal/org/objectweb/asm/ClassWriter;Ljdk/internal/org/objectweb/asm/Item;)V @ 881 c2
Event: 58.591 Thread 0x000001efb26f4000 Uncommon trap: reason=unstable_if action=reinterpret pc=0x000001ef9c5f6000 method=net.java.games.input.DataQueue.compact()V @ 6 c2

Classes redefined (0 events):
No events

Internal exceptions (10 events):
Event: 8.948 Thread 0x000001ef8ba39000 Exception <a 'java/lang/NoSuchMethodError'{0x00000007155f9ed8}: java.lang.invoke.DirectMethodHandle$Holder.invokeStatic(Ljava/lang/Object;Ljava/lang/Object;J)Ljava/lang/Object;> (0x00000007155f9ed8) thrown at [./open/src/hotspot/share/interpreter/linkReso
Event: 8.949 Thread 0x000001ef8ba39000 Exception <a 'java/lang/NoSuchMethodError'{0x00000007155fce28}: java.lang.invoke.Invokers$Holder.linkToTargetMethod(Ljava/lang/Object;JLjava/lang/Object;)Ljava/lang/Object;> (0x00000007155fce28) thrown at [./open/src/hotspot/share/interpreter/linkResolver
Event: 10.667 Thread 0x000001efb26f4000 Implicit null exception at 0x000001ef9c511b02 to 0x000001ef9c511dd4
Event: 17.499 Thread 0x000001efb26f4000 Exception <a 'java/lang/NoSuchMethodError'{0x000000071d5cd9e8}: java.lang.invoke.DirectMethodHandle$Holder.invokeSpecial(Ljava/lang/Object;Ljava/lang/Object;IILjava/lang/Object;Ljava/lang/Object;II)Ljava/lang/Object;> (0x000000071d5cd9e8) thrown at [./ope
Event: 17.499 Thread 0x000001efb26f4000 Exception <a 'java/lang/NoSuchMethodError'{0x000000071d5d11b8}: java.lang.invoke.DelegatingMethodHandle$Holder.reinvoke_L(Ljava/lang/Object;IILjava/lang/Object;Ljava/lang/Object;II)Ljava/lang/Object;> (0x000000071d5d11b8) thrown at [./open/src/hotspot/sha
Event: 17.501 Thread 0x000001efb26f4000 Exception <a 'java/lang/NoSuchMethodError'{0x000000071d41caf8}: java.lang.invoke.DirectMethodHandle$Holder.invokeStatic(Ljava/lang/Object;Ljava/lang/Object;Ljava/lang/Object;Ljava/lang/Object;Ljava/lang/Object;Ljava/lang/Object;Ljava/lang/Object;Ljava/lan
Event: 17.502 Thread 0x000001efb26f4000 Exception <a 'java/lang/NoSuchMethodError'{0x000000071d4286e0}: java.lang.invoke.DirectMethodHandle$Holder.invokeSpecial(Ljava/lang/Object;Ljava/lang/Object;Ljava/lang/Object;Ljava/lang/Object;II)Ljava/lang/Object;> (0x000000071d4286e0) thrown at [./open/
Event: 17.502 Thread 0x000001efb26f4000 Exception <a 'java/lang/NoSuchMethodError'{0x000000071d42ba88}: java.lang.invoke.Invokers$Holder.linkToTargetMethod(Ljava/lang/Object;Ljava/lang/Object;IILjava/lang/Object;)Ljava/lang/Object;> (0x000000071d42ba88) thrown at [./open/src/hotspot/share/inter
Event: 17.509 Thread 0x000001efb26f4000 Exception <a 'java/lang/NoSuchMethodError'{0x000000071d4af368}: java.lang.invoke.DirectMethodHandle$Holder.invokeStatic(Ljava/lang/Object;Ljava/lang/Object;Ljava/lang/Object;Ljava/lang/Object;Ljava/lang/Object;Ljava/lang/Object;Ljava/lang/Object;Ljava/lan
Event: 51.331 Thread 0x000001efb26f4000 Implicit null exception at 0x000001ef9c5f9e6f to 0x000001ef9c5fb914

Events (10 events):
Event: 64.097 Thread 0x000001efb3017800 Thread exited: 0x000001efb3017800
Event: 64.114 Executing VM operation: RevokeBias
Event: 64.115 Executing VM operation: RevokeBias done
Event: 64.115 Thread 0x000001efb1fee000 Thread exited: 0x000001efb1fee000
Event: 64.115 Executing VM operation: RevokeBias
Event: 64.115 Executing VM operation: RevokeBias done
Event: 64.115 Executing VM operation: RevokeBias
Event: 64.116 Executing VM operation: RevokeBias done
Event: 64.116 loading class jogamp/opengl/egl/EGLGraphicsConfigurationFactory
Event: 64.116 loading class jogamp/opengl/egl/EGLGraphicsConfigurationFactory done


Dynamic libraries:
0x00007ff6c6850000 - 0x00007ff6c6860000 	C:\Program Files\Java\jdk-11\bin\java.exe
0x00007ffdb89d0000 - 0x00007ffdb8be4000 	C:\WINDOWS\SYSTEM32\ntdll.dll
0x00007ffdb7020000 - 0x00007ffdb70e3000 	C:\WINDOWS\System32\KERNEL32.DLL
0x00007ffdb6150000 - 0x00007ffdb64ec000 	C:\WINDOWS\System32\KERNELBASE.dll
0x00007ffdb6030000 - 0x00007ffdb6141000 	C:\WINDOWS\System32\ucrtbase.dll
0x00007ffdb1230000 - 0x00007ffdb124b000 	C:\Program Files\Java\jdk-11\bin\VCRUNTIME140.dll
0x00007ffdb01d0000 - 0x00007ffdb01e8000 	C:\Program Files\Java\jdk-11\bin\jli.dll
0x00007ffdb7c30000 - 0x00007ffdb7cde000 	C:\WINDOWS\System32\ADVAPI32.dll
0x00007ffdb7b80000 - 0x00007ffdb7c27000 	C:\WINDOWS\System32\msvcrt.dll
0x00007ffdb8750000 - 0x00007ffdb87f4000 	C:\WINDOWS\System32\sechost.dll
0x00007ffdb8850000 - 0x00007ffdb8965000 	C:\WINDOWS\System32\RPCRT4.dll
0x00007ffdb7f50000 - 0x00007ffdb80fd000 	C:\WINDOWS\System32\USER32.dll
0x00007ffdb5e10000 - 0x00007ffdb5e36000 	C:\WINDOWS\System32\win32u.dll
0x00007ffd99820000 - 0x00007ffd99aae000 	C:\WINDOWS\WinSxS\amd64_microsoft.windows.common-controls_6595b64144ccf1df_6.0.22621.608_none_a9444ca7c10bb01d\COMCTL32.dll
0x00007ffdb8720000 - 0x00007ffdb8749000 	C:\WINDOWS\System32\GDI32.dll
0x00007ffdb66c0000 - 0x00007ffdb67d3000 	C:\WINDOWS\System32\gdi32full.dll
0x00007ffdb6620000 - 0x00007ffdb66ba000 	C:\WINDOWS\System32\msvcp_win.dll
0x00007ffda70c0000 - 0x00007ffda70ca000 	C:\WINDOWS\SYSTEM32\VERSION.dll
0x00007ffdb7ce0000 - 0x00007ffdb7d11000 	C:\WINDOWS\System32\IMM32.DLL
0x00007ffdb2a70000 - 0x00007ffdb2a7c000 	C:\Program Files\Java\jdk-11\bin\vcruntime140_1.dll
0x00007ffdaca20000 - 0x00007ffdacaae000 	C:\Program Files\Java\jdk-11\bin\msvcp140.dll
0x00007ffd592c0000 - 0x00007ffd59e28000 	C:\Program Files\Java\jdk-11\bin\server\jvm.dll
0x00007ffdb6d50000 - 0x00007ffdb6d58000 	C:\WINDOWS\System32\PSAPI.DLL
0x00007ffdad4c0000 - 0x00007ffdad4f4000 	C:\WINDOWS\SYSTEM32\WINMM.dll
0x00007ffd9a460000 - 0x00007ffd9a469000 	C:\WINDOWS\SYSTEM32\WSOCK32.dll
0x00007ffdb86a0000 - 0x00007ffdb8711000 	C:\WINDOWS\System32\WS2_32.dll
0x00007ffdb4f20000 - 0x00007ffdb4f38000 	C:\WINDOWS\SYSTEM32\kernel.appcore.dll
0x00007ffdb2a30000 - 0x00007ffdb2a40000 	C:\Program Files\Java\jdk-11\bin\verify.dll
0x00007ffda6bb0000 - 0x00007ffda6dde000 	C:\WINDOWS\SYSTEM32\DBGHELP.DLL
0x00007ffdb69c0000 - 0x00007ffdb6d49000 	C:\WINDOWS\System32\combase.dll
0x00007ffdb68e0000 - 0x00007ffdb69b7000 	C:\WINDOWS\System32\OLEAUT32.dll
0x00007ffd9a1f0000 - 0x00007ffd9a222000 	C:\WINDOWS\SYSTEM32\dbgcore.DLL
0x00007ffdb5fb0000 - 0x00007ffdb602b000 	C:\WINDOWS\System32\bcryptPrimitives.dll
0x00007ffdae800000 - 0x00007ffdae828000 	C:\Program Files\Java\jdk-11\bin\java.dll
0x00007ffdb1460000 - 0x00007ffdb146a000 	C:\Program Files\Java\jdk-11\bin\jimage.dll
0x00007ffdae6b0000 - 0x00007ffdae6c7000 	C:\Program Files\Java\jdk-11\bin\zip.dll
0x00007ffdb7150000 - 0x00007ffdb7940000 	C:\WINDOWS\System32\SHELL32.dll
0x00007ffdb3de0000 - 0x00007ffdb46ae000 	C:\WINDOWS\SYSTEM32\windows.storage.dll
0x00007ffdb3ca0000 - 0x00007ffdb3dde000 	C:\WINDOWS\SYSTEM32\wintypes.dll
0x00007ffdb6f20000 - 0x00007ffdb7011000 	C:\WINDOWS\System32\SHCORE.dll
0x00007ffdb6880000 - 0x00007ffdb68de000 	C:\WINDOWS\System32\shlwapi.dll
0x00007ffdb5d40000 - 0x00007ffdb5d61000 	C:\WINDOWS\SYSTEM32\profapi.dll
0x00007ffdad580000 - 0x00007ffdad599000 	C:\Program Files\Java\jdk-11\bin\net.dll
0x00007ffdaeef0000 - 0x00007ffdaf01f000 	C:\WINDOWS\SYSTEM32\WINHTTP.dll
0x00007ffdb53c0000 - 0x00007ffdb5429000 	C:\WINDOWS\system32\mswsock.dll
0x00007ffdad530000 - 0x00007ffdad542000 	C:\Program Files\Java\jdk-11\bin\nio.dll
0x00007ffda1a40000 - 0x00007ffda1bc2000 	C:\Program Files\Java\jdk-11\bin\awt.dll
0x00007ffdb31d0000 - 0x00007ffdb3267000 	C:\WINDOWS\SYSTEM32\apphelp.dll
0x00007ffdb3570000 - 0x00007ffdb359b000 	C:\WINDOWS\system32\DWMAPI.DLL
0x00007ffdb32e0000 - 0x00007ffdb338b000 	C:\WINDOWS\system32\uxtheme.dll
0x00007ffd93170000 - 0x00007ffd93270000 	C:\WINDOWS\system32\opengl32.dll
0x00007ffd93100000 - 0x00007ffd9312d000 	C:\WINDOWS\SYSTEM32\GLU32.dll
0x00007ffdb35f0000 - 0x00007ffdb3626000 	C:\WINDOWS\SYSTEM32\dxcore.dll
0x00007ffdb7e30000 - 0x00007ffdb7f4e000 	C:\WINDOWS\System32\MSCTF.dll
0x00007ffdb79e0000 - 0x00007ffdb7b7c000 	C:\WINDOWS\System32\ole32.dll
0x00007ffda4e70000 - 0x00007ffda4ef6000 	C:\Program Files\Java\jdk-11\bin\freetype.dll
0x00007ffda1490000 - 0x00007ffda1555000 	C:\Program Files\Java\jdk-11\bin\fontmanager.dll
0x00007ffdaa710000 - 0x00007ffdaa83e000 	C:\WINDOWS\SYSTEM32\textinputframework.dll
0x00007ffd9df60000 - 0x00007ffd9dfc9000 	C:\WINDOWS\system32\Oleacc.dll
0x00007ffdb2ef0000 - 0x00007ffdb3023000 	C:\WINDOWS\SYSTEM32\CoreMessaging.dll
0x00007ffdaf9e0000 - 0x00007ffdafd4c000 	C:\WINDOWS\SYSTEM32\CoreUIComponents.dll
0x00007ffdb5640000 - 0x00007ffdb564c000 	C:\WINDOWS\SYSTEM32\CRYPTBASE.DLL
0x00007ffdac620000 - 0x00007ffdac645000 	C:\javagaming\jinput\lib\jinput-dx8_64.dll
0x00007ffda5480000 - 0x00007ffda54c6000 	C:\WINDOWS\SYSTEM32\DINPUT8.dll
0x00007ffda7220000 - 0x00007ffda7421000 	C:\WINDOWS\SYSTEM32\inputhost.dll
0x00007ffdb46b0000 - 0x00007ffdb46be000 	C:\WINDOWS\SYSTEM32\HID.DLL
0x00007ffdb8110000 - 0x00007ffdb8584000 	C:\WINDOWS\System32\SETUPAPI.DLL
0x00007ffdb5b00000 - 0x00007ffdb5b4e000 	C:\WINDOWS\SYSTEM32\cfgmgr32.DLL
0x00007ffdb5ad0000 - 0x00007ffdb5afc000 	C:\WINDOWS\SYSTEM32\DEVOBJ.dll
0x00007ffdb64f0000 - 0x00007ffdb655b000 	C:\WINDOWS\System32\WINTRUST.dll
0x00007ffdb5e40000 - 0x00007ffdb5fa6000 	C:\WINDOWS\System32\CRYPT32.dll
0x00007ffdb5680000 - 0x00007ffdb5692000 	C:\WINDOWS\SYSTEM32\MSASN1.dll
0x00007ffdacfb0000 - 0x00007ffdacfd6000 	C:\javagaming\jinput\lib\jinput-raw_64.dll
0x00007ffdb5620000 - 0x00007ffdb563b000 	C:\WINDOWS\SYSTEM32\CRYPTSP.dll
0x00007ffdb4e90000 - 0x00007ffdb4ec5000 	C:\WINDOWS\system32\rsaenh.dll
0x00007ffdb54c0000 - 0x00007ffdb54e8000 	C:\WINDOWS\SYSTEM32\USERENV.dll
0x00007ffdb57e0000 - 0x00007ffdb5808000 	C:\WINDOWS\SYSTEM32\bcrypt.dll
0x00007ffdb4970000 - 0x00007ffdb499d000 	C:\WINDOWS\SYSTEM32\IPHLPAPI.DLL
0x00007ffdb7940000 - 0x00007ffdb7949000 	C:\WINDOWS\System32\NSI.dll
0x00007ffdad790000 - 0x00007ffdad7a9000 	C:\WINDOWS\SYSTEM32\dhcpcsvc6.DLL
0x00007ffdad770000 - 0x00007ffdad78f000 	C:\WINDOWS\SYSTEM32\dhcpcsvc.DLL
0x00007ffdb49e0000 - 0x00007ffdb4ad3000 	C:\WINDOWS\SYSTEM32\DNSAPI.dll
0x000000006e8c0000 - 0x000000006e8cd000 	C:\Users\Eguzm\AppData\Local\Temp\jogamp_0000\file_cache\jln8344759852230370223\jln8281947874557603827\natives\windows-amd64\gluegen_rt.dll
0x00007ffdb12d0000 - 0x00007ffdb12d7000 	C:\Program Files\Java\jdk-11\bin\jawt.dll
0x000000006a440000 - 0x000000006a44d000 	C:\Users\Eguzm\AppData\Local\Temp\jogamp_0000\file_cache\jln8344759852230370223\jln8281947874557603827\natives\windows-amd64\nativewindow_awt.dll
0x000000006c100000 - 0x000000006c110000 	C:\Users\Eguzm\AppData\Local\Temp\jogamp_0000\file_cache\jln8344759852230370223\jln8281947874557603827\natives\windows-amd64\nativewindow_win32.dll
0x0000000064500000 - 0x0000000064585000 	C:\Users\Eguzm\AppData\Local\Temp\jogamp_0000\file_cache\jln8344759852230370223\jln8281947874557603827\natives\windows-amd64\jogl_desktop.dll
0x0000000064340000 - 0x0000000064391000 	C:\Users\Eguzm\AppData\Local\Temp\jogamp_0000\file_cache\jln8344759852230370223\jln8281947874557603827\natives\windows-amd64\jogl_mobile.dll
0x00007ffdb0170000 - 0x00007ffdb01b9000 	C:\WINDOWS\SYSTEM32\directxdatabasehelper.dll
0x00007ffdb8590000 - 0x00007ffdb8640000 	C:\WINDOWS\System32\clbcatq.dll
0x00007ffd56640000 - 0x00007ffd57662000 	C:\WINDOWS\System32\DriverStore\FileRepository\iigd_dch.inf_amd64_d73f88d32ddb95d3\ig11icd64.dll
0x00007ffdb3460000 - 0x00007ffdb3557000 	C:\WINDOWS\system32\dxgi.dll
0x00007ffd6f290000 - 0x00007ffd6f699000 	C:\WINDOWS\System32\DriverStore\FileRepository\iigd_dch.inf_amd64_d73f88d32ddb95d3\igdml64.dll
0x00007ffdaa3d0000 - 0x00007ffdaa701000 	C:\WINDOWS\System32\DriverStore\FileRepository\iigd_dch.inf_amd64_d73f88d32ddb95d3\igdgmm64.dll
0x00007ffda7650000 - 0x00007ffdaa3c8000 	C:\WINDOWS\System32\DriverStore\FileRepository\iigd_dch.inf_amd64_d73f88d32ddb95d3\igc64.dll
0x00007ffdb4cf0000 - 0x00007ffdb4d3d000 	C:\WINDOWS\SYSTEM32\powrprof.dll
0x00007ffdb4cd0000 - 0x00007ffdb4ce3000 	C:\WINDOWS\SYSTEM32\UMPDC.dll
0x00007ffdacd40000 - 0x00007ffdacd6e000 	C:\Program Files\Java\jdk-11\bin\javajpeg.dll

dbghelp: loaded successfully - version: 4.0.5 - missing functions: none
symbol engine: initialized successfully - sym options: 0x614 - pdb path: .;C:\Program Files\Java\jdk-11\bin;C:\WINDOWS\SYSTEM32;C:\WINDOWS\WinSxS\amd64_microsoft.windows.common-controls_6595b64144ccf1df_6.0.22621.608_none_a9444ca7c10bb01d;C:\Program Files\Java\jdk-11\bin\server;C:\javagaming\jinput\lib;C:\Users\Eguzm\AppData\Local\Temp\jogamp_0000\file_cache\jln8344759852230370223\jln8281947874557603827\natives\windows-amd64;C:\WINDOWS\System32\DriverStore\FileRepository\iigd_dch.inf_amd64_d73f88d32ddb95d3

VM Arguments:
jvm_args: -Dsun.java2d.d3d=false -Dsun.java2d.uiScale=1 
java_command: a3.MyGame
java_class_path (initial): .;C:\javagaming\joml\joml-1.10.0.jar;C:\javagaming\jogl\jogl-all.jar;C:\javagaming\jogl\gluegen-rt.jar;C:\javagaming\jogl\joal.jar;C:\javagaming\jinput\jinput.jar;C:\javagaming\jbullet\jbullet.jar;C:\javagaming\vecmath\vecmath.jar;
Launcher Type: SUN_STANDARD

[Global flags]
     intx CICompilerCount                          = 4                                         {product} {ergonomic}
     uint ConcGCThreads                            = 2                                         {product} {ergonomic}
     uint G1ConcRefinementThreads                  = 8                                         {product} {ergonomic}
   size_t G1HeapRegionSize                         = 1048576                                   {product} {ergonomic}
    uintx GCDrainStackTargetSize                   = 64                                        {product} {ergonomic}
   size_t InitialHeapSize                          = 262144000                                 {product} {ergonomic}
   size_t MarkStackSize                            = 4194304                                   {product} {ergonomic}
   size_t MaxHeapSize                              = 4188012544                                {product} {ergonomic}
   size_t MaxNewSize                               = 2512388096                                {product} {ergonomic}
   size_t MinHeapDeltaBytes                        = 1048576                                   {product} {ergonomic}
    uintx NonNMethodCodeHeapSize                   = 5836300                                {pd product} {ergonomic}
    uintx NonProfiledCodeHeapSize                  = 122910970                              {pd product} {ergonomic}
    uintx ProfiledCodeHeapSize                     = 122910970                              {pd product} {ergonomic}
    uintx ReservedCodeCacheSize                    = 251658240                              {pd product} {ergonomic}
     bool SegmentedCodeCache                       = true                                      {product} {ergonomic}
     bool UseCompressedClassPointers               = true                                 {lp64_product} {ergonomic}
     bool UseCompressedOops                        = true                                 {lp64_product} {ergonomic}
     bool UseG1GC                                  = true                                      {product} {ergonomic}
     bool UseLargePagesIndividualAllocation        = false                                  {pd product} {ergonomic}

Logging:
Log output configuration:
 #0: stdout all=warning uptime,level,tags
 #1: stderr all=off uptime,level,tags

Environment Variables:
JAVA_HOME=C:\Program Files\Java\jdk-11
CLASSPATH=.;C:\javagaming\joml\joml-1.10.0.jar;C:\javagaming\jogl\jogl-all.jar;C:\javagaming\jogl\gluegen-rt.jar;C:\javagaming\jogl\joal.jar;C:\javagaming\jinput\jinput.jar;C:\javagaming\jbullet\jbullet.jar;C:\javagaming\vecmath\vecmath.jar;
PATH=C:\Program Files\Common Files\Oracle\Java\javapath;C:\WINDOWS\system32;C:\WINDOWS;C:\WINDOWS\System32\Wbem;C:\WINDOWS\System32\WindowsPowerShell\v1.0\;C:\WINDOWS\System32\OpenSSH\;C:\Program Files\Git\cmd;C:\javagaming\jinput\lib;C:\Users\Eguzm\AppData\Local\Microsoft\WindowsApps;C:\Users\Eguzm\AppData\Local\Programs\Microsoft VS Code\bin;C:\Program Files\heroku\bin
USERNAME=Eguzm
OS=Windows_NT
PROCESSOR_IDENTIFIER=Intel64 Family 6 Model 126 Stepping 5, GenuineIntel



---------------  S Y S T E M  ---------------

OS: Windows 11 , 64 bit Build 22621 (10.0.22621.1344)
Hyper-V role detected

CPU:total 8 (initial active 8) (4 cores per cpu, 2 threads per core) family 6 model 126 stepping 5 microcode 0xb0, cmov, cx8, fxsr, mmx, sse, sse2, sse3, ssse3, sse4.1, sse4.2, popcnt, avx, avx2, aes, clmul, erms, 3dnowpref, lzcnt, ht, tsc, tscinvbit, bmi1, bmi2, adx, evex, sha, fma

Memory: 4k page, system-wide physical 15970M (3631M free)
TotalPageFile size 24674M (AvailPageFile size 10207M)
current process WorkingSet (physical memory assigned to process): 956M, peak: 1287M
current process commit charge ("private bytes"): 928M, peak: 1192M

vm_info: Java HotSpot(TM) 64-Bit Server VM (11.0.18+9-LTS-195) for windows-amd64 JRE (11.0.18+9-LTS-195), built on Dec  6 2022 15:50:58 by "mach5one" with MS VC++ 17.1 (VS2022)

END.
