#
# A fatal error has been detected by the Java Runtime Environment:
#
#  EXCEPTION_ACCESS_VIOLATION (0xc0000005) at pc=0x00007ffda5960d70, pid=22724, tid=17404
#
# JRE version: Java(TM) SE Runtime Environment 18.9 (11.0.18+9) (build 11.0.18+9-LTS-195)
# Java VM: Java HotSpot(TM) 64-Bit Server VM 18.9 (11.0.18+9-LTS-195, mixed mode, tiered, compressed oops, g1 gc, windows-amd64)
# Problematic frame:
# C  [ig11icd64.dll+0x5b0d70]
#
# No core dump will be written. Minidumps are not enabled by default on client versions of Windows
#
# If you would like to submit a bug report, please visit:
#   https://bugreport.java.com/bugreport/crash.jsp
# The crash happened outside the Java Virtual Machine in native code.
# See problematic frame for where to report the bug.
#

---------------  S U M M A R Y ------------

Command Line: -Dsun.java2d.d3d=false -Dsun.java2d.uiScale=1 a3.MazeGame 192.168.56.1 6030 UDP

Host: Intel(R) Core(TM) i7-1065G7 CPU @ 1.30GHz, 8 cores, 15G,  Windows 11 , 64 bit Build 22621 (10.0.22621.1635)
Time: Sat May 13 21:25:26 2023 Pacific Daylight Time elapsed time: 56.861905 seconds (0d 0h 0m 56s)

---------------  T H R E A D  ---------------

Current thread (0x000001dc4a0bc800):  JavaThread "AWT-EventQueue-0" [_thread_in_native, id=17404, stack(0x000000b5e5f00000,0x000000b5e6000000)]

Stack: [0x000000b5e5f00000,0x000000b5e6000000],  sp=0x000000b5e5ffa0e8,  free space=1000k
Native frames: (J=compiled Java code, j=interpreted, Vv=VM code, C=native code)
C  [ig11icd64.dll+0x5b0d70]

Java frames: (J=compiled Java code, j=interpreted, Vv=VM code)
J 3495  jogamp.opengl.gl4.GL4bcImpl.dispatch_glDrawArrays1(IIIJ)V (0 bytes) @ 0x000001dc3457a9f5 [0x000001dc3457a9a0+0x0000000000000055]
J 3456 c1 jogamp.opengl.gl4.GL4bcImpl.glDrawArrays(III)V (49 bytes) @ 0x000001dc2d54799c [0x000001dc2d5471a0+0x00000000000007fc]
J 3633 c1 tage.HUDmanager.prepHUDcolor([FI)V (47 bytes) @ 0x000001dc2d58ceac [0x000001dc2d58ca00+0x00000000000004ac]
j  tage.HUDmanager.drawHUDs(I)V+40
J 3852 c1 tage.RenderSystem.display(Lcom/jogamp/opengl/GLAutoDrawable;)V (462 bytes) @ 0x000001dc2d62236c [0x000001dc2d621380+0x0000000000000fec]
j  jogamp.opengl.GLDrawableHelper.displayImpl(Lcom/jogamp/opengl/GLAutoDrawable;)V+62
j  jogamp.opengl.GLDrawableHelper.display(Lcom/jogamp/opengl/GLAutoDrawable;)V+2
j  com.jogamp.opengl.awt.GLCanvas$11.run()V+118
j  jogamp.opengl.GLDrawableHelper.invokeGLImpl(Lcom/jogamp/opengl/GLDrawable;Lcom/jogamp/opengl/GLContext;Ljava/lang/Runnable;Ljava/lang/Runnable;)V+203
j  jogamp.opengl.GLDrawableHelper.invokeGL(Lcom/jogamp/opengl/GLDrawable;Lcom/jogamp/opengl/GLContext;Ljava/lang/Runnable;Ljava/lang/Runnable;)V+72
j  com.jogamp.opengl.awt.GLCanvas$12.run()V+104
J 3798 c1 java.awt.event.InvocationEvent.dispatch()V java.desktop@11.0.18 (69 bytes) @ 0x000001dc2d604f54 [0x000001dc2d604e00+0x0000000000000154]
J 3505 c1 java.awt.EventQueue.dispatchEventImpl(Ljava/awt/AWTEvent;Ljava/lang/Object;)V java.desktop@11.0.18 (136 bytes) @ 0x000001dc2d55bb6c [0x000001dc2d55a1a0+0x00000000000019cc]
J 3304 c1 java.awt.EventQueue$4.run()Ljava/lang/Void; java.desktop@11.0.18 (60 bytes) @ 0x000001dc2d4f1444 [0x000001dc2d4f1300+0x0000000000000144]
J 3303 c1 java.awt.EventQueue$4.run()Ljava/lang/Object; java.desktop@11.0.18 (5 bytes) @ 0x000001dc2d4f0fc4 [0x000001dc2d4f0f40+0x0000000000000084]
v  ~StubRoutines::call_stub
J 1807  java.security.AccessController.doPrivileged(Ljava/security/PrivilegedAction;Ljava/security/AccessControlContext;)Ljava/lang/Object; java.base@11.0.18 (0 bytes) @ 0x000001dc344767b6 [0x000001dc34476740+0x0000000000000076]
J 3321 c1 java.awt.EventQueue.dispatchEvent(Ljava/awt/AWTEvent;)V java.desktop@11.0.18 (80 bytes) @ 0x000001dc2d504314 [0x000001dc2d503ba0+0x0000000000000774]
J 3290 c1 java.awt.EventDispatchThread.pumpOneEventForFilters(I)V java.desktop@11.0.18 (113 bytes) @ 0x000001dc2d4e9d64 [0x000001dc2d4e9600+0x0000000000000764]
j  java.awt.EventDispatchThread.pumpEventsForFilter(ILjava/awt/Conditional;Ljava/awt/EventFilter;)V+35 java.desktop@11.0.18
j  java.awt.EventDispatchThread.pumpEventsForHierarchy(ILjava/awt/Conditional;Ljava/awt/Component;)V+11 java.desktop@11.0.18
j  java.awt.EventDispatchThread.pumpEvents(ILjava/awt/Conditional;)V+4 java.desktop@11.0.18
j  java.awt.EventDispatchThread.pumpEvents(Ljava/awt/Conditional;)V+3 java.desktop@11.0.18
j  java.awt.EventDispatchThread.run()V+9 java.desktop@11.0.18
v  ~StubRoutines::call_stub

siginfo: EXCEPTION_ACCESS_VIOLATION (0xc0000005), reading address 0x0000000000000098


Register to memory mapping:

RIP=0x00007ffda5960d70 ig11icd64.dll
RAX=0x000001dc48efc910 points into unknown readable memory: 0x000001dc51381000 | 00 10 38 51 dc 01 00 00
RBX=0x0 is NULL
RCX=0x000001dc48efc910 points into unknown readable memory: 0x000001dc51381000 | 00 10 38 51 dc 01 00 00
RDX=0x0 is NULL
RSP=0x000000b5e5ffa0e8 is pointing into the stack for thread: 0x000001dc4a0bc800
RBP=0x000000b5e5ffa1f0 is pointing into the stack for thread: 0x000001dc4a0bc800
RSI=0x000001dc4b0ea050 points into unknown readable memory: 0x0000000078380001 | 01 00 38 78 00 00 00 00
RDI=0x000001dc48ef7ea0 points into unknown readable memory: 0x00007ffda60cf7c8 | c8 f7 0c a6 fd 7f 00 00
R8 =0x000001dc48ef8f48 points into unknown readable memory: 0x0000000000000000 | 00 00 00 00 00 00 00 00
R9 =0x00007ffda53b0000 ig11icd64.dll
R10=0x000001dc4b0e4020 points into unknown readable memory: 0x0000703411000001 | 01 00 00 11 34 70 00 00
R11=0x000001dc4b0f54d0 points into unknown readable memory: 0x029402ea00000000 | 00 00 00 00 ea 02 94 02
R12=0x000001dc48ec3580 points into unknown readable memory: 0x000001dc4b450280 | 80 02 45 4b dc 01 00 00
R13=0x000001dc48ef8890 points into unknown readable memory: 0x0000000000000000 | 00 00 00 00 00 00 00 00
R14=