#
# A fatal error has been detected by the Java Runtime Environment:
#
#  EXCEPTION_ACCESS_VIOLATION (0xc0000005) at pc=0x00007ffda591c6d9, pid=1784, tid=14812
#
# JRE version: Java(TM) SE Runtime Environment 18.9 (11.0.18+9) (build 11.0.18+9-LTS-195)
# Java VM: Java HotSpot(TM) 64-Bit Server VM 18.9 (11.0.18+9-LTS-195, mixed mode, tiered, compressed oops, g1 gc, windows-amd64)
# Problematic frame:
# C  [ig11icd64.dll+0x56c6d9]
#
# No core dump will be written. Minidumps are not enabled by default on client versions of Windows
#
# If you would like to submit a bug report, please visit:
#   https://bugreport.java.com/bugreport/crash.jsp
#

---------------  S U M M A R Y ------------

Command Line: -Dsun.java2d.d3d=false -Dsun.java2d.uiScale=1 a3.MazeGame 192.168.56.1 6030 UDP

Host: Intel(R) Core(TM) i7-1065G7 CPU @ 1.30GHz, 8 cores, 15G,  Windows 11 , 64 bit Build 22621 (10.0.22621.1635)
Time: Sat May 13 21:27:09 2023 Pacific Daylight Time elapsed time: 15.814997 seconds (0d 0h 0m 15s)

---------------  T H R E A D  ---------------

Current thread (0x00000203d79cc000):  VMThread "VM Thread" [stack: 0x0000008d75600000,0x0000008d75700000] [id=14812]

Stack: [0x0000008d75600000,0x0000008d75700000],  sp=0x0000008d756fea80,  free space=1018k
Native frames: (J=compiled Java code, j=interpreted, Vv=VM code, C=native code)
C  [ig11icd64.dll+0x56c6d9]


siginfo: EXCEPTION_ACCESS_VIOLATION (0xc0000005), reading address 0x00000000000352f8


Register to memory mapping:

RIP=0x00007ffda591c6d9 ig11icd64.dll
RAX=0x00000203daaadaf0 points into unknown readable memory: 0x0000000000000189 | 89 01 00 00 00 00 00 00
RBX=0x00000203daaada10 points into unknown readable memory: 0x00000203d9e72c90 | 90 2c e7 d9 03 02 00 00
RCX=0x0 is NULL
RDX=0x00000203daaadaf0 points into unknown readable memory: 0x0000000000000189 | 89 01 00 00 00 00 00 00
RSP=0x0000008d756fea80 points into unknown readable memory: 0x00000203d98426c0 | c0 26 84 d9 03 02 00 00
RBP=0x00000203daaabe40 points into unknown readable memory: 0x00000203d9e72c90 | 90 2c e7 d9 03 02 00 00
RSI=0x00000203daaadf38 points into unknown readable memory: 0x00000203daaabe40 | 40 be aa da 03 02 00 00
RDI=0x00000203d8579f30 points into unknown readable memory: 0x00007ffe4c778e00 | 00 8e 77 4c fe 7f 00 00
R8 =0x0000000000000014 is an unknown value
R9 =0x0 is NULL
R10=0x0 is NULL
R11=0x0000000000000246 is an unknown value
R12=0x0 is NULL
R13=0x0 is NULL
R14=0x0 is NULL
R15=0x0 is NULL


Registers:
RAX=0x00000203daaadaf0, RBX=0x00000203daaada10, RCX=0x0000000000000000, RDX=0x00000203daaadaf0
RSP=0x0000008d756fea80, RBP=0x00000203daaabe40, RSI=0x00000203daaadf38, RDI=0x00000203d8579f30
R8 =0x0000000000000014, R9 =0x0000000000000000, R10=0x0000000000000000, R11=0x0000000000000246
R12=0x0000000000000000, R13=0x0000000000000000, R14=0x0000000000000000, R15=0x0000000000000000
RIP=0x00007ffda591c6d9, EFLAGS=0x0000000000010206

Top of Stack: (sp=0x0000008d756fea80)
0x0000008d756fea80:   00000203d98426c0 00000203b2d61774
0x0000008d756fea90:   0000008d756feac8 0000005400000000
0x0000008d756feaa0:   00007ffda63085e0 000000000000019e
0x0000008d756feab0:   00000203d98eac90 00000000000000c0
0x0000008d756feac0:   0000000000000000 00007ffda58fdbc2
0x0000008d756fead0:   00000203d98426c0 00000203d8579f30
0x0000008d756feae0:   0000008d756febd0 0000000000000000
0x0000008d756feaf0:   00000000000086ec 0000000000000000
0x0000008d756feb00:   0000008d756feb50 00007ffe4ce60db6
0x0000008d756feb10:   00007ffe4ce10001 00007ffda97e3830
0x0000008d756feb20:   0000000000000000 0000000000140012
0x0000008d756feb30:   00007ffe426ea7a0 00007ffda97e3840
0x0000008d756feb40:   0000008d756fecc8 0000000000000000
0x0000008d756feb50:   0000000000000070 0000000000000000
0x0000008d756feb60:   0000000000000000 0000000000000000
0x0000008d756feb70:   0000b80200150000 00000000000086ec 

Instructions: (pc=0x00007ffda591c6d9)
0x00007ffda591c6b9:   1d 8b c1 83 e0 0f 48 c1 e0 06 48 03 c2 48 85 c0
0x00007ffda591c6c9:   74 0c 48 8b 48 08 eb 08 48 83 c0 08 eb ef 33 c9
0x00007ffda591c6d9:   49 3b 8e f8 52 03 00 76 6b 48 8b 87 80 02 00 00
0x00007ffda591c6e9:   48 89 06 48 89 9f 80 02 00 00 ff 87 88 02 00 00 


Stack slot to memory mapping:
stack at sp + 0 slots: 0x00000203d98426c0 points into unknown readable memory: 0xffffffffffffffff | ff ff ff ff ff ff ff ff
stack at sp + 1 slots: 0x00000203b2d61774 points into unknown readable memory: 53 73 48 64
stack at sp + 2 slots: 0x0000008d756feac8 points into unknown readable memory: 0x00007ffda58fdbc2 | c2 db 8f a5 fd 7f 00 00
stack at sp + 3 slots: 0x0000005400000000 is an unknown value
stack at sp + 4 slots: 0x00007ffda63085e0 ig11icd64.dll
stack at sp + 5 slots: 0x000000000000019e is an unknown value
stack at sp + 6 slots: 0x00000203d98eac90 points into unknown readable memory: 0x0000000000000000 | 00 00 00 00 00 00 00 00
stack at sp + 7 slots: 0x00000000000000c0 is an unknown value

VM_Operation (0x0000008d774feda0): Exit, mode: safepoint, requested by thread 0x00000203d8846800


---------------  P R O C E S S  ---------------

Threads class SMR info:
_java_thread_list=0x00000203dadf4c40, length=17, elements={
0x00000203d79de800, 0x00000203d79df800, 0x00000203d79e9000, 0x00000203d79ea800,
0x00000203d79ec800, 0x00000203d79ed800, 0x00000203d82d7000, 0x00000203d82dd000,
0x00000203d8469000, 0x00000203da683000, 0x00000203d895f000, 0x00000203d9e5e000,
0x00000203daa04000, 0x00000203d9853000, 0x00000203d9c84000, 0x00000203b30fc800,
0x00000203d8846800
}

Java Threads: ( => current thread )
  0x00000203d79de800 JavaThread "Reference Handler" daemon [_thread_blocked, id=18900, stack(0x0000008d75700000,0x0000008d75800000)]
  0x00000203d79df800 JavaThread "Finalizer" daemon [_thread_blocked, id=9276, stack(0x0000008d75800000,0x0000008d75900000)]
  0x00000203d79e9000 JavaThread "Signal Dispatcher" daemon [_thread_blocked, id=17436, stack(0x0000008d75900000,0x0000008d75a00000)]
  0x00000203d79ea800 JavaThread "Attach Listener" daemon [_thread_blocked, id=880, stack(0x0000008d75a00000,0x0000008d75b00000)]
  0x00000203d79ec800 JavaThread "Service Thread" daemon [_thread_blocked, id=10860, stack(0x0000008d75b00000,0x0000008d75c00000)]
  0x00000203d79ed800 JavaThread "C2 CompilerThread0" daemon [_thread_blocked, id=3340, stack(0x0000008d75c00000,0x0000008d75d00000)]
  0x00000203d82d7000 JavaThread "C1 CompilerThread0" daemon [_thread_blocked, id=17324, stack(0x0000008d75d00000,0x0000008d75e00000)]
  0x00000203d82dd000 JavaThread "Sweeper thread" daemon [_thread_blocked, id=17280, stack(0x0000008d75e00000,0x0000008d75f00000)]
  0x00000203d8469000 JavaThread "Common-Cleaner" daemon [_thread_blocked, id=24020, stack(0x0000008d76000000,0x0000008d76100000)]
  0x00000203da683000 JavaThread "Java2D Disposer" daemon [_thread_blocked, id=21164, stack(0x0000008d76300000,0x0000008d76400000)]
  0x00000203d895f000 JavaThread "AWT-Shutdown" [_thread_blocked, id=2740, stack(0x0000008d76400000,0x0000008d76500000)]
  0x00000203d9e5e000 JavaThread "AWT-EventQueue-0" [_thread_blocked, id=23860, stack(0x0000008d76c00000,0x0000008d76d00000)]
  0x00000203daa04000 JavaThread "Thread-1" daemon [_thread_in_native, id=14652, stack(0x0000008d76f00000,0x0000008d77000000)]
  0x00000203d9853000 JavaThread "Thread-4" [_thread_blocked, id=18628, stack(0x0000008d77a00000,0x0000008d77b00000)]
  0x00000203d9c84000 JavaThread "main-AWTAnimator#00" [_thread_blocked, id=19612, stack(0x0000008d77b00000,0x0000008d77c00000)]
  0x00000203b30fc800 JavaThread "DestroyJavaVM" [_thread_blocked, id=11716, stack(0x0000008d75000000,0x0000008d75100000)]
  0x00000203d8846800 JavaThread "SIGINT handler" daemon [_thread_blocked, id=23396, stack(0x0000008d77400000,0x0000008d77500000)]

Other Threads:
=>0x00000203d79cc000 VMThread "VM Thread" [stack: 0x0000008d75600000,0x0000008d75700000] [id=14812]
  0x00000203b3111800 GCTaskThread "GC Thread#0" [stack: 0x0000008d75100000,0x0000008d75200000] [id=7924]
  0x00000203d9269800 GCTaskThread "GC Thread#1" [stack: 0x0000008d76600000,0x0000008d76700000] [id=23332]
  0x00000203d8d35000 GCTaskThread "GC Thread#2" [stack: 0x0000008d76700000,0x0000008d76800000] [id=3484]
  0x00000203da942000 GCTaskThread "GC Thread#3" [stack: 0x0000008d76800000,0x0000008d76900000] [id=12012]
  0x00000203d9895000 GCTaskThread "GC Thread#4" [stack: 0x0000008d76900000,0x0000008d76a00000] [id=24232]
  0x00000203d926b000 GCTaskThread "GC Thread#5" [stack: 0x0000008d76a00000,0x0000008d76b00000] [id=5132]
  0x00000203dadf6800 GCTaskThread "GC Thread#6" [stack: 0x0000008d77500000,0x0000008d77600000] [id=16640]
  0x00000203dae29000 GCTaskThread "GC Thread#7" [stack: 0x0000008d77700000,0x0000008d77800000] [id=17044]
  0x00000203b316d800 ConcurrentGCThread "G1 Main Marker" [stack: 0x0000008d75200000,0x0000008d75300000] [id=24512]
  0x00000203b316f800 ConcurrentGCThread "G1 Conc#0" [stack: 0x0000008d75300000,0x0000008d75400000] [id=15744]
  0x00000203d9dad000 ConcurrentGCThread "G1 Conc#1" [stack: 0x0000008d76b00000,0x0000008d76c00000] [id=9704]
  0x00000203d78b3800 ConcurrentGCThread "G1 Refine#0" [stack: 0x0000008d75400000,0x0000008d75500000] [id=10292]
  0x00000203d78b6800 ConcurrentGCThread "G1 Young RemSet Sampling" [stack: 0x0000008d75500000,0x0000008d75600000] [id=15020]

Threads with active compile tasks:

VM state:at safepoint (shutting down)

VM Mutex/Monitor currently owned by a thread:  ([mutex/lock_event])
[0x00000203b30f8c70] Threads_lock - owner thread: 0x00000203d79cc000

Heap address: 0x0000000706600000, size: 3994 MB, Compressed Oops mode: Zero based, Oop shift amount: 3
Narrow klass base: 0x0000000800000000, Narrow klass shift: 0
Compressed class space size: 1073741824 Address: 0x0000000800000000

Heap:
 garbage-first heap   total 487424K, used 441856K [0x0000000706600000, 0x0000000800000000)
  region size 1024K, 16 young (16384K), 3 survivors (3072K)
 Metaspace       used 37111K, capacity 38209K, committed 38524K, reserved 1083392K
  class space    used 3847K, capacity 4374K, committed 4480K, reserved 1048576K
Heap Regions: E=young(eden), S=young(survivor), O=old, HS=humongous(starts), HC=humongous(continues), CS=collection set, F=free, A=archive, TAMS=top-at-mark-start (previous, next)
|   0|0x0000000706600000, 0x0000000706700000, 0x0000000706700000|100%| O|  |TAMS 0x0000000706700000, 0x0000000706600000| Untracked 
|   1|0x0000000706700000, 0x0000000706800000, 0x0000000706800000|100%| O|  |TAMS 0x0000000706800000, 0x0000000706700000| Untracked 
|   2|0x0000000706800000, 0x0000000706900000, 0x0000000706900000|100%| O|  |TAMS 0x0000000706900000, 0x0000000706800000| Untracked 
|   3|0x0000000706900000, 0x0000000706a00000, 0x0000000706a00000|100%| O|  |TAMS 0x0000000706a00000, 0x0000000706900000| Untracked 
|   4|0x0000000706a00000, 0x0000000706b00000, 0x0000000706b00000|100%| O|  |TAMS 0x0000000706b00000, 0x0000000706a00000| Untracked 
|   5|0x0000000706b00000, 0x0000000706c00000, 0x0000000706c00000|100%| O|  |TAMS 0x0000000706c00000, 0x0000000706b00000| Untracked 
|   6|0x0000000706c00000, 0x0000000706d00000, 0x0000000706d00000|100%| O|  |TAMS 0x0000000706d00000, 0x0000000706c00000| Untracked 
|   7|0x0000000706d00000, 0x0000000706e00000, 0x0000000706e00000|100%|HS|  |TAMS 0x0000000706e00000, 0x0000000706d00000| Complete 
|   8|0x0000000706e00000, 0x0000000706f00000, 0x0000000706f00000|100%|HC|  |TAMS 0x0000000706f00000, 0x0000000706e00000| Complete 
|   9|0x0000000706f00000, 0x0000000707000000, 0x0000000707000000|100%|HC|  |TAMS 0x0000000707000000, 0x0000000706f00000| Complete 
|  10|0x0000000707000000, 0x0000000707100000, 0x0000000707100000|100%|HC|  |TAMS 0x0000000707100000, 0x0000000707000000| Complete 
|  11|0x0000000707100000, 0x0000000707200000, 0x0000000707200000|100%|HS|  |TAMS 0x0000000707200000, 0x0000000707100000| Complete 
|  12|0x0000000707200000, 0x0000000707300000, 0x0000000707300000|100%|HC|  |TAMS 0x0000000707300000, 0x0000000707200000| Complete 
|  13|0x0000000707300000, 0x0000000707400000, 0x0000000707400000|100%|HC|  |TAMS 0x0000000707400000, 0x0000000707300000| Complete 
|  14|0x0000000707400000, 0x0000000707500000, 0x0000000707500000|100%|HC|  |TAMS 0x0000000707500000, 0x0000000707400000| Complete 
|  15|0x0000000707500000, 0x0000000707600000, 0x0000000707600000|100%|HC|  |TAMS 0x0000000707600000, 0x0000000707500000| Complete 
|  16|0x0000000707600000, 0x0000000707700000, 0x0000000707700000|100%|HC|  |TAMS 0x0000000707700000, 0x0000000707600000| Complete 
|  17|0x0000000707700000, 0x0000000707800000, 0x0000000707800000|100%|HC|  |TAMS 0x0000000707800000, 0x0000000707700000| Complete 
|  18|0x0000000707800000, 0x0000000707900000, 0x0000000707900000|100%|HC|  |TAMS 0x0000000707900000, 0x0000000707800000| Complete 
|  19|0x0000000707900000, 0x0000000707a00000, 0x0000000707a00000|100%|HC|  |TAMS 0x0000000707a00000, 0x0000000707900000| Complete 
|  20|0x0000000707a00000, 0x0000000707b00000, 0x0000000707b00000|100%|HC|  |TAMS 0x0000000707b00000, 0x0000000707a00000| Complete 
|  21|0x0000000707b00000, 0x0000000707c00000, 0x0000000707c00000|100%|HC|  |TAMS 0x0000000707c00000, 0x0000000707b00000| Complete 
|  22|0x0000000707c00000, 0x0000000707d00000, 0x0000000707d00000|100%|HC|  |TAMS 0x0000000707d00000, 0x0000000707c00000| Complete 
|  23|0x0000000707d00000, 0x0000000707e00000, 0x0000000707e00000|100%|HC|  |TAMS 0x0000000707e00000, 0x0000000707d00000| Complete 
|  24|0x0000000707e00000, 0x0000000707f00000, 0x0000000707f00000|100%|HC|  |TAMS 0x0000000707f00000, 0x0000000707e00000| Complete 
|  25|0x0000000707f00000, 0x0000000708000000, 0x0000000708000000|100%|HC|  |TAMS 0x0000000708000000, 0x0000000707f00000| Complete 
|  26|0x0000000708000000, 0x0000000708100000, 0x0000000708100000|100%|HC|  |TAMS 0x0000000708100000, 0x0000000708000000| Complete 
|  27|0x0000000708100000, 0x0000000708200000, 0x0000000708200000|100%|HC|  |TAMS 0x0000000708200000, 0x0000000708100000| Complete 
|  28|0x0000000708200000, 0x0000000708300000, 0x0000000708300000|100%|HC|  |TAMS 0x0000000708300000, 0x0000000708200000| Complete 
|  29|0x0000000708300000, 0x0000000708400000, 0x0000000708400000|100%|HC|  |TAMS 0x0000000708400000, 0x0000000708300000| Complete 
|  30|0x0000000708400000, 0x0000000708500000, 0x0000000708500000|100%|HC|  |TAMS 0x0000000708500000, 0x0000000708400000| Complete 
|  31|0x0000000708500000, 0x0000000708600000, 0x0000000708600000|100%|HC|  |TAMS 0x0000000708600000, 0x0000000708500000| Complete 
|  32|0x0000000708600000, 0x0000000708700000, 0x0000000708700000|100%|HC|  |TAMS 0x0000000708700000, 0x0000000708600000| Complete 
|  33|0x0000000708700000, 0x0000000708800000, 0x0000000708800000|100%|HC|  |TAMS 0x0000000708800000, 0x0000000708700000| Complete 
|  34|0x0000000708800000, 0x0000000708900000, 0x0000000708900000|100%|HS|  |TAMS 0x0000000708900000, 0x0000000708800000| Complete 
|  35|0x0000000708900000, 0x0000000708a00000, 0x0000000708a00000|100%|HC|  |TAMS 0x0000000708a00000, 0x0000000708900000| Complete 
|  36|0x0000000708a00000, 0x0000000708b00000, 0x0000000708b00000|100%|HC|  |TAMS 0x0000000708b00000, 0x0000000708a00000| Complete 
|  37|0x0000000708b00000, 0x0000000708c00000, 0x0000000708c00000|100%|HC|  |TAMS 0x0000000708c00000, 0x0000000708b00000| Complete 
|  38|0x0000000708c00000, 0x0000000708d00000, 0x0000000708d00000|100%|HS|  |TAMS 0x0000000708d00000, 0x0000000708c00000| Complete 
|  39|0x0000000708d00000, 0x0000000708e00000, 0x0000000708e00000|100%|HC|  |TAMS 0x0000000708e00000, 0x0000000708d00000| Complete 
|  40|0x0000000708e00000, 0x0000000708f00000, 0x0000000708f00000|100%|HC|  |TAMS 0x0000000708f00000, 0x0000000708e00000| Complete 
|  41|0x0000000708f00000, 0x0000000709000000, 0x0000000709000000|100%|HC|  |TAMS 0x0000000709000000, 0x0000000708f00000| Complete 
|  42|0x0000000709000000, 0x0000000709100000, 0x0000000709100000|100%|HS|  |TAMS 0x0000000709100000, 0x0000000709000000| Complete 
|  43|0x0000000709100000, 0x0000000709200000, 0x0000000709200000|100%|HC|  |TAMS 0x0000000709200000, 0x0000000709100000| Complete 
|  44|0x0000000709200000, 0x0000000709300000, 0x0000000709300000|100%|HC|  |TAMS 0x0000000709300000, 0x0000000709200000| Complete 
|  45|0x0000000709300000, 0x0000000709400000, 0x0000000709400000|100%|HC|  |TAMS 0x0000000709400000, 0x0000000709300000| Complete 
|  46|0x0000000709400000, 0x0000000709500000, 0x0000000709500000|100%| O|  |TAMS 0x0000000709500000, 0x0000000709400000| Untracked 
|  47|0x0000000709500000, 0x0000000709600000, 0x0000000709600000|100%| O|  |TAMS 0x0000000709600000, 0x0000000709500000| Untracked 
|  48|0x0000000709600000, 0x0000000709700000, 0x0000000709700000|100%| O|  |TAMS 0x0000000709700000, 0x0000000709600000| Untracked 
|  49|0x0000000709700000, 0x0000000709800000, 0x0000000709800000|100%| O|  |TAMS 0x0000000709800000, 0x0000000709700000| Untracked 
|  50|0x0000000709800000, 0x0000000709900000, 0x0000000709900000|100%| O|  |TAMS 0x0000000709900000, 0x0000000709800000| Untracked 
|  51|0x0000000709900000, 0x0000000709a00000, 0x0000000709a00000|100%| O|  |TAMS 0x0000000709a00000, 0x0000000709900000| Untracked 
|  52|0x0000000709a00000, 0x0000000709b00000, 0x0000000709b00000|100%| O|  |TAMS 0x0000000709b00000, 0x0000000709a00000| Untracked 
|  53|0x0000000709b00000, 0x0000000709c00000, 0x0000000709c00000|100%| O|  |TAMS 0x0000000709c00000, 0x0000000709b00000| Untracked 
|  54|0x0000000709c00000, 0x0000000709d00000, 0x0000000709d00000|100%| O|  |TAMS 0x0000000709d00000, 0x0000000709c00000| Untracked 
|  55|0x0000000709d00000, 0x0000000709e00000, 0x0000000709e00000|100%| O|  |TAMS 0x0000000709e00000, 0x0000000709d00000| Untracked 
|  56|0x0000000709e00000, 0x0000000709f00000, 0x0000000709f00000|100%| O|  |TAMS 0x0000000709f00000, 0x0000000709e00000| Untracked 
|  57|0x0000000709f00000, 0x000000070a000000, 0x000000070a000000|100%| O|  |TAMS 0x000000070a000000, 0x0000000709f00000| Untracked 
|  58|0x000000070a000000, 0x000000070a100000, 0x000000070a100000|100%| O|  |TAMS 0x000000070a100000, 0x000000070a000000| Untracked 
|  59|0x000000070a100000, 0x000000070a200000, 0x000000070a200000|100%| O|  |TAMS 0x000000070a200000, 0x000000070a100000| Untracked 
|  60|0x000000070a200000, 0x000000070a300000, 0x000000070a300000|100%| O|  |TAMS 0x000000070a300000, 0x000000070a200000| Untracked 
|  61|0x000000070a300000, 0x000000070a400000, 0x000000070a400000|100%| O|  |TAMS 0x000000070a400000, 0x000000070a300000| Untracked 
|  62|0x000000070a400000, 0x000000070a500000, 0x000000070a500000|100%| O|  |TAMS 0x000000070a500000, 0x000000070a400000| Untracked 
|  63|0x000000070a500000, 0x000000070a600000, 0x000000070a600000|100%| O|  |TAMS 0x000000070a600000, 0x000000070a500000| Untracked 
|  64|0x000000070a600000, 0x000000070a700000, 0x000000070a700000|100%| O|  |TAMS 0x000000070a700000, 0x000000070a600000| Untracked 
|  65|0x000000070a700000, 0x000000070a800000, 0x000000070a800000|100%| O|  |TAMS 0x000000070a800000, 0x000000070a700000| Untracked 
|  66|0x000000070a800000, 0x000000070a900000, 0x000000070a900000|100%| O|  |TAMS 0x000000070a900000, 0x000000070a800000| Untracked 
|  67|0x000000070a900000, 0x000000070aa00000, 0x000000070aa00000|100%| O|  |TAMS 0x000000070aa00000, 0x000000070a900000| Untracked 
|  68|0x000000070aa00000, 0x000000070ab00000, 0x000000070ab00000|100%| O|  |TAMS 0x000000070ab00000, 0x000000070aa00000| Untracked 
|  69|0x000000070ab00000, 0x000000070ac00000, 0x000000070ac00000|100%| O|  |TAMS 0x000000070ac00000, 0x000000070ab00000| Untracked 
|  70|0x000000070ac00000, 0x000000070ad00000, 0x000000070ad00000|100%| O|  |TAMS 0x000000070ad00000, 0x000000070ac00000| Untracked 
|  71|0x000000070ad00000, 0x000000070ae00000, 0x000000070ae00000|100%| O|  |TAMS 0x000000070ae00000, 0x000000070ad00000| Untracked 
|  72|0x000000070ae00000, 0x000000070af00000, 0x000000070af00000|100%| O|  |TAMS 0x000000070af00000, 0x000000070ae00000| Untracked 
|  73|0x000000070af00000, 0x000000070b000000, 0x000000070b000000|100%| O|  |TAMS 0x000000070b000000, 0x000000070af00000| Untracked 
|  74|0x000000070b000000, 0x000000070b100000, 0x000000070b100000|100%| O|  |TAMS 0x000000070b100000, 0x000000070b000000| Untracked 
|  75|0x000000070b100000, 0x000000070b200000, 0x000000070b200000|100%| O|  |TAMS 0x000000070b200000, 0x000000070b100000| Untracked 
|  76|0x000000070b200000, 0x000000070b300000, 0x000000070b300000|100%| O|  |TAMS 0x000000070b300000, 0x000000070b200000| Untracked 
|  77|0x000000070b300000, 0x000000070b400000, 0x000000070b400000|100%| O|  |TAMS 0x000000070b400000, 0x000000070b300000| Untracked 
|  78|0x000000070b400000, 0x000000070b500000, 0x000000070b500000|100%| O|  |TAMS 0x000000070b500000, 0x000000070b400000| Untracked 
|  79|0x000000070b500000, 0x000000070b600000, 0x000000070b600000|100%| O|  |TAMS 0x000000070b600000, 0x000000070b500000| Untracked 
|  80|0x000000070b600000, 0x000000070b700000, 0x000000070b700000|100%| O|  |TAMS 0x000000070b700000, 0x000000070b600000| Untracked 
|  81|0x000000070b700000, 0x000000070b800000, 0x000000070b800000|100%| O|  |TAMS 0x000000070b800000, 0x000000070b700000| Untracked 
|  82|0x000000070b800000, 0x000000070b900000, 0x000000070b900000|100%| O|  |TAMS 0x000000070b900000, 0x000000070b800000| Untracked 
|  83|0x000000070b900000, 0x000000070ba00000, 0x000000070ba00000|100%| O|  |TAMS 0x000000070ba00000, 0x000000070b900000| Untracked 
|  84|0x000000070ba00000, 0x000000070bb00000, 0x000000070bb00000|100%| O|  |TAMS 0x000000070bb00000, 0x000000070ba00000| Untracked 
|  85|0x000000070bb00000, 0x000000070bc00000, 0x000000070bc00000|100%| O|  |TAMS 0x000000070bc00000, 0x000000070bb00000| Untracked 
|  86|0x000000070bc00000, 0x000000070bd00000, 0x000000070bd00000|100%| O|  |TAMS 0x000000070bd00000, 0x000000070bc00000| Untracked 
|  87|0x000000070bd00000, 0x000000070be00000, 0x000000070be00000|100%| O|  |TAMS 0x000000070be00000, 0x000000070bd00000| Untracked 
|  88|0x000000070be00000, 0x000000070bf00000, 0x000000070bf00000|100%| O|  |TAMS 0x000000070bf00000, 0x000000070be00000| Untracked 
|  89|0x000000070bf00000, 0x000000070c000000, 0x000000070c000000|100%| O|  |TAMS 0x000000070c000000, 0x000000070bf00000| Untracked 
|  90|0x000000070c000000, 0x000000070c100000, 0x000000070c100000|100%| O|  |TAMS 0x000000070c100000, 0x000000070c000000| Untracked 
|  91|0x000000070c100000, 0x000000070c200000, 0x000000070c200000|100%| O|  |TAMS 0x000000070c200000, 0x000000070c100000| Untracked 
|  92|0x000000070c200000, 0x000000070c300000, 0x000000070c300000|100%| O|  |TAMS 0x000000070c300000, 0x000000070c200000| Untracked 
|  93|0x000000070c300000, 0x000000070c400000, 0x000000070c400000|100%| O|  |TAMS 0x000000070c400000, 0x000000070c300000| Untracked 
|  94|0x000000070c400000, 0x000000070c500000, 0x000000070c500000|100%| O|  |TAMS 0x000000070c500000, 0x000000070c400000| Untracked 
|  95|0x000000070c500000, 0x000000070c600000, 0x000000070c600000|100%| O|  |TAMS 0x000000070c600000, 0x000000070c500000| Untracked 
|  96|0x000000070c600000, 0x000000070c700000, 0x000000070c700000|100%| O|  |TAMS 0x000000070c700000, 0x000000070c600000| Untracked 
|  97|0x000000070c700000, 0x000000070c800000, 0x000000070c800000|100%| O|  |TAMS 0x000000070c800000, 0x000000070c700000| Untracked 
|  98|0x000000070c800000, 0x000000070c900000, 0x000000070c900000|100%| O|  |TAMS 0x000000070c900000, 0x000000070c800000| Untracked 
|  99|0x000000070c900000, 0x000000070ca00000, 0x000000070ca00000|100%| O|  |TAMS 0x000000070ca00000, 0x000000070c900000| Untracked 
| 100|0x000000070ca00000, 0x000000070cb00000, 0x000000070cb00000|100%| O|  |TAMS 0x000000070cb00000, 0x000000070ca00000| Untracked 
| 101|0x000000070cb00000, 0x000000070cc00000, 0x000000070cc00000|100%| O|  |TAMS 0x000000070cc00000, 0x000000070cb00000| Untracked 
| 102|0x000000070cc00000, 0x000000070cd00000, 0x000000070cd00000|100%| O|  |TAMS 0x000000070cd00000, 0x000000070cc00000| Untracked 
| 103|0x000000070cd00000, 0x000000070ce00000, 0x000000070ce00000|100%| O|  |TAMS 0x000000070ce00000, 0x000000070cd00000| Untracked 
| 104|0x000000070ce00000, 0x000000070cf00000, 0x000000070cf00000|100%| O|  |TAMS 0x000000070cf00000, 0x000000070ce00000| Untracked 
| 105|0x000000070cf00000, 0x000000070d000000, 0x000000070d000000|100%| O|  |TAMS 0x000000070d000000, 0x000000070cf00000| Untracked 
| 106|0x000000070d000000, 0x000000070d100000, 0x000000070d100000|100%| O|  |TAMS 0x000000070d100000, 0x000000070d000000| Untracked 
| 107|0x000000070d100000, 0x000000070d200000, 0x000000070d200000|100%| O|  |TAMS 0x000000070d200000, 0x000000070d100000| Untracked 
| 108|0x000000070d200000, 0x000000070d300000, 0x000000070d300000|100%| O|  |TAMS 0x000000070d300000, 0x000000070d200000| Untracked 
| 109|0x000000070d300000, 0x000000070d400000, 0x000000070d400000|100%| O|  |TAMS 0x000000070d400000, 0x000000070d300000| Untracked 
| 110|0x000000070d400000, 0x000000070d500000, 0x000000070d500000|100%| O|  |TAMS 0x000000070d500000, 0x000000070d400000| Untracked 
| 111|0x000000070d500000, 0x000000070d600000, 0x000000070d600000|100%| O|  |TAMS 0x000000070d600000, 0x000000070d500000| Untracked 
| 112|0x000000070d600000, 0x000000070d700000, 0x000000070d700000|100%| O|  |TAMS 0x000000070d700000, 0x000000070d600000| Untracked 
| 113|0x000000070d700000, 0x000000070d800000, 0x000000070d800000|100%| O|  |TAMS 0x000000070d800000, 0x000000070d700000| Untracked 
| 114|0x000000070d800000, 0x000000070d900000, 0x000000070d900000|100%| O|  |TAMS 0x000000070d900000, 0x000000070d800000| Untracked 
| 115|0x000000070d900000, 0x000000070da00000, 0x000000070da00000|100%|HS|  |TAMS 0x000000070da00000, 0x000000070d900000| Complete 
| 116|0x000000070da00000, 0x000000070db00000, 0x000000070db00000|100%|HC|  |TAMS 0x000000070db00000, 0x000000070da00000| Complete 
| 117|0x000000070db00000, 0x000000070dc00000, 0x000000070dc00000|100%|HC|  |TAMS 0x000000070dc00000, 0x000000070db00000| Complete 
| 118|0x000000070dc00000, 0x000000070dd00000, 0x000000070dd00000|100%|HC|  |TAMS 0x000000070dd00000, 0x000000070dc00000| Complete 
| 119|0x000000070dd00000, 0x000000070de00000, 0x000000070de00000|100%|HC|  |TAMS 0x000000070de00000, 0x000000070dd00000| Complete 
| 120|0x000000070de00000, 0x000000070df00000, 0x000000070df00000|100%|HC|  |TAMS 0x000000070df00000, 0x000000070de00000| Complete 
| 121|0x000000070df00000, 0x000000070e000000, 0x000000070e000000|100%|HC|  |TAMS 0x000000070e000000, 0x000000070df00000| Complete 
| 122|0x000000070e000000, 0x000000070e100000, 0x000000070e100000|100%|HC|  |TAMS 0x000000070e100000, 0x000000070e000000| Complete 
| 123|0x000000070e100000, 0x000000070e200000, 0x000000070e200000|100%|HC|  |TAMS 0x000000070e200000, 0x000000070e100000| Complete 
| 124|0x000000070e200000, 0x000000070e300000, 0x000000070e300000|100%|HC|  |TAMS 0x000000070e300000, 0x000000070e200000| Complete 
| 125|0x000000070e300000, 0x000000070e400000, 0x000000070e400000|100%|HC|  |TAMS 0x000000070e400000, 0x000000070e300000| Complete 
| 126|0x000000070e400000, 0x000000070e500000, 0x000000070e500000|100%|HC|  |TAMS 0x000000070e500000, 0x000000070e400000| Complete 
| 127|0x000000070e500000, 0x000000070e600000, 0x000000070e600000|100%|HC|  |TAMS 0x000000070e600000, 0x000000070e500000| Complete 
| 128|0x000000070e600000, 0x000000070e700000, 0x000000070e700000|100%|HC|  |TAMS 0x000000070e700000, 0x000000070e600000| Complete 
| 129|0x000000070e700000, 0x000000070e800000, 0x000000070e800000|100%|HC|  |TAMS 0x000000070e800000, 0x000000070e700000| Complete 
| 130|0x000000070e800000, 0x000000070e900000, 0x000000070e900000|100%|HC|  |TAMS 0x000000070e900000, 0x000000070e800000| Complete 
| 131|0x000000070e900000, 0x000000070ea00000, 0x000000070ea00000|100%|HC|  |TAMS 0x000000070ea00000, 0x000000070e900000| Complete 
| 132|0x000000070ea00000, 0x000000070eb00000, 0x000000070eb00000|100%|HC|  |TAMS 0x000000070eb00000, 0x000000070ea00000| Complete 
| 133|0x000000070eb00000, 0x000000070ec00000, 0x000000070ec00000|100%|HC|  |TAMS 0x000000070ec00000, 0x000000070eb00000| Complete 
| 134|0x000000070ec00000, 0x000000070ed00000, 0x000000070ed00000|100%|HC|  |TAMS 0x000000070ed00000, 0x000000070ec00000| Complete 
| 135|0x000000070ed00000, 0x000000070ee00000, 0x000000070ee00000|100%|HC|  |TAMS 0x000000070ee00000, 0x000000070ed00000| Complete 
| 136|0x000000070ee00000, 0x000000070ef00000, 0x000000070ef00000|100%|HC|  |TAMS 0x000000070ef00000, 0x000000070ee00000| Complete 
| 137|0x000000070ef00000, 0x000000070f000000, 0x000000070f000000|100%|HC|  |TAMS 0x000000070f000000, 0x000000070ef00000| Complete 
| 138|0x000000070f000000, 0x000000070f100000, 0x000000070f100000|100%|HC|  |TAMS 0x000000070f100000, 0x000000070f000000| Complete 
| 139|0x000000070f100000, 0x000000070f200000, 0x000000070f200000|100%|HC|  |TAMS 0x000000070f200000, 0x000000070f100000| Complete 
| 140|0x000000070f200000, 0x000000070f300000, 0x000000070f300000|100%|HC|  |TAMS 0x000000070f300000, 0x000000070f200000| Complete 
| 141|0x000000070f300000, 0x000000070f400000, 0x000000070f400000|100%|HC|  |TAMS 0x000000070f400000, 0x000000070f300000| Complete 
| 142|0x000000070f400000, 0x000000070f500000, 0x000000070f500000|100%|HC|  |TAMS 0x000000070f500000, 0x000000070f400000| Complete 
| 143|0x000000070f500000, 0x000000070f600000, 0x000000070f600000|100%|HC|  |TAMS 0x000000070f600000, 0x000000070f500000| Complete 
| 144|0x000000070f600000, 0x000000070f700000, 0x000000070f700000|100%|HC|  |TAMS 0x000000070f700000, 0x000000070f600000| Complete 
| 145|0x000000070f700000, 0x000000070f800000, 0x000000070f800000|100%|HC|  |TAMS 0x000000070f800000, 0x000000070f700000| Complete 
| 146|0x000000070f800000, 0x000000070f900000, 0x000000070f900000|100%|HC|  |TAMS 0x000000070f900000, 0x000000070f800000| Complete 
| 147|0x000000070f900000, 0x000000070fa00000, 0x000000070fa00000|100%|HC|  |TAMS 0x000000070fa00000, 0x000000070f900000| Complete 
| 148|0x000000070fa00000, 0x000000070fb00000, 0x000000070fb00000|100%|HC|  |TAMS 0x000000070fb00000, 0x000000070fa00000| Complete 
| 149|0x000000070fb00000, 0x000000070fc00000, 0x000000070fc00000|100%|HC|  |TAMS 0x000000070fc00000, 0x000000070fb00000| Complete 
| 150|0x000000070fc00000, 0x000000070fd00000, 0x000000070fd00000|100%|HC|  |TAMS 0x000000070fd00000, 0x000000070fc00000| Complete 
| 151|0x000000070fd00000, 0x000000070fe00000, 0x000000070fe00000|100%|HC|  |TAMS 0x000000070fe00000, 0x000000070fd00000| Complete 
| 152|0x000000070fe00000, 0x000000070ff00000, 0x000000070ff00000|100%|HC|  |TAMS 0x000000070ff00000, 0x000000070fe00000| Complete 
| 153|0x000000070ff00000, 0x0000000710000000, 0x0000000710000000|100%|HC|  |TAMS 0x0000000710000000, 0x000000070ff00000| Complete 
| 154|0x0000000710000000, 0x0000000710100000, 0x0000000710100000|100%|HC|  |TAMS 0x0000000710100000, 0x0000000710000000| Complete 
| 155|0x0000000710100000, 0x0000000710200000, 0x0000000710200000|100%|HC|  |TAMS 0x0000000710200000, 0x0000000710100000| Complete 
| 156|0x0000000710200000, 0x0000000710300000, 0x0000000710300000|100%|HC|  |TAMS 0x0000000710300000, 0x0000000710200000| Complete 
| 157|0x0000000710300000, 0x0000000710400000, 0x0000000710400000|100%|HC|  |TAMS 0x0000000710400000, 0x0000000710300000| Complete 
| 158|0x0000000710400000, 0x0000000710500000, 0x0000000710500000|100%|HC|  |TAMS 0x0000000710500000, 0x0000000710400000| Complete 
| 159|0x0000000710500000, 0x0000000710600000, 0x0000000710600000|100%|HC|  |TAMS 0x0000000710600000, 0x0000000710500000| Complete 
| 160|0x0000000710600000, 0x0000000710700000, 0x0000000710700000|100%|HC|  |TAMS 0x0000000710700000, 0x0000000710600000| Complete 
| 161|0x0000000710700000, 0x0000000710800000, 0x0000000710800000|100%|HC|  |TAMS 0x0000000710800000, 0x0000000710700000| Complete 
| 162|0x0000000710800000, 0x0000000710900000, 0x0000000710900000|100%|HC|  |TAMS 0x0000000710900000, 0x0000000710800000| Complete 
| 163|0x0000000710900000, 0x0000000710a00000, 0x0000000710a00000|100%|HC|  |TAMS 0x0000000710a00000, 0x0000000710900000| Complete 
| 164|0x0000000710a00000, 0x0000000710b00000, 0x0000000710b00000|100%|HC|  |TAMS 0x0000000710b00000, 0x0000000710a00000| Complete 
| 165|0x0000000710b00000, 0x0000000710c00000, 0x0000000710c00000|100%|HC|  |TAMS 0x0000000710c00000, 0x0000000710b00000| Complete 
| 166|0x0000000710c00000, 0x0000000710d00000, 0x0000000710d00000|100%|HC|  |TAMS 0x0000000710d00000, 0x0000000710c00000| Complete 
| 167|0x0000000710d00000, 0x0000000710e00000, 0x0000000710e00000|100%|HC|  |TAMS 0x0000000710e00000, 0x0000000710d00000| Complete 
| 168|0x0000000710e00000, 0x0000000710f00000, 0x0000000710f00000|100%|HC|  |TAMS 0x0000000710f00000, 0x0000000710e00000| Complete 
| 169|0x0000000710f00000, 0x0000000711000000, 0x0000000711000000|100%|HC|  |TAMS 0x0000000711000000, 0x0000000710f00000| Complete 
| 170|0x0000000711000000, 0x0000000711100000, 0x0000000711100000|100%|HC|  |TAMS 0x0000000711100000, 0x0000000711000000| Complete 
| 171|0x0000000711100000, 0x0000000711200000, 0x0000000711200000|100%|HC|  |TAMS 0x0000000711200000, 0x0000000711100000| Complete 
| 172|0x0000000711200000, 0x0000000711300000, 0x0000000711300000|100%|HC|  |TAMS 0x0000000711300000, 0x0000000711200000| Complete 
| 173|0x0000000711300000, 0x0000000711400000, 0x0000000711400000|100%|HC|  |TAMS 0x0000000711400000, 0x0000000711300000| Complete 
| 174|0x0000000711400000, 0x0000000711500000, 0x0000000711500000|100%|HC|  |TAMS 0x0000000711500000, 0x0000000711400000| Complete 
| 175|0x0000000711500000, 0x0000000711600000, 0x0000000711600000|100%|HC|  |TAMS 0x0000000711600000, 0x0000000711500000| Complete 
| 176|0x0000000711600000, 0x0000000711700000, 0x0000000711700000|100%|HC|  |TAMS 0x0000000711700000, 0x0000000711600000| Complete 
| 177|0x0000000711700000, 0x0000000711800000, 0x0000000711800000|100%|HC|  |TAMS 0x0000000711800000, 0x0000000711700000| Complete 
| 178|0x0000000711800000, 0x0000000711900000, 0x0000000711900000|100%|HC|  |TAMS 0x0000000711900000, 0x0000000711800000| Complete 
| 179|0x0000000711900000, 0x0000000711a00000, 0x0000000711a00000|100%|HC|  |TAMS 0x0000000711a00000, 0x0000000711900000| Complete 
| 180|0x0000000711a00000, 0x0000000711b00000, 0x0000000711b00000|100%|HC|  |TAMS 0x0000000711b00000, 0x0000000711a00000| Complete 
| 181|0x0000000711b00000, 0x0000000711c00000, 0x0000000711c00000|100%|HC|  |TAMS 0x0000000711c00000, 0x0000000711b00000| Complete 
| 182|0x0000000711c00000, 0x0000000711d00000, 0x0000000711d00000|100%|HC|  |TAMS 0x0000000711d00000, 0x0000000711c00000| Complete 
| 183|0x0000000711d00000, 0x0000000711e00000, 0x0000000711e00000|100%|HC|  |TAMS 0x0000000711e00000, 0x0000000711d00000| Complete 
| 184|0x0000000711e00000, 0x0000000711f00000, 0x0000000711f00000|100%| O|  |TAMS 0x0000000711f00000, 0x0000000711e00000| Untracked 
| 185|0x0000000711f00000, 0x0000000712000000, 0x0000000712000000|100%| O|  |TAMS 0x0000000712000000, 0x0000000711f00000| Untracked 
| 186|0x0000000712000000, 0x0000000712100000, 0x0000000712100000|100%| O|  |TAMS 0x0000000712100000, 0x0000000712000000| Untracked 
| 187|0x0000000712100000, 0x0000000712200000, 0x0000000712200000|100%| O|  |TAMS 0x0000000712200000, 0x0000000712100000| Untracked 
| 188|0x0000000712200000, 0x0000000712300000, 0x0000000712300000|100%| O|  |TAMS 0x0000000712300000, 0x0000000712200000| Untracked 
| 189|0x0000000712300000, 0x0000000712400000, 0x0000000712400000|100%| O|  |TAMS 0x0000000712400000, 0x0000000712300000| Untracked 
| 190|0x0000000712400000, 0x0000000712500000, 0x0000000712500000|100%| O|  |TAMS 0x0000000712500000, 0x0000000712400000| Untracked 
| 191|0x0000000712500000, 0x0000000712600000, 0x0000000712600000|100%| O|  |TAMS 0x0000000712600000, 0x0000000712500000| Untracked 
| 192|0x0000000712600000, 0x0000000712600000, 0x0000000712700000|  0%| F|  |TAMS 0x0000000712600000, 0x0000000712600000| Untracked 
| 193|0x0000000712700000, 0x0000000712700000, 0x0000000712800000|  0%| F|  |TAMS 0x0000000712700000, 0x0000000712700000| Untracked 
| 194|0x0000000712800000, 0x0000000712800000, 0x0000000712900000|  0%| F|  |TAMS 0x0000000712800000, 0x0000000712800000| Untracked 
| 195|0x0000000712900000, 0x0000000712900000, 0x0000000712a00000|  0%| F|  |TAMS 0x0000000712900000, 0x0000000712900000| Untracked 
| 196|0x0000000712a00000, 0x0000000712b00000, 0x0000000712b00000|100%| O|  |TAMS 0x0000000712a00000, 0x0000000712a00000| Untracked 
| 197|0x0000000712b00000, 0x0000000712c00000, 0x0000000712c00000|100%| O|  |TAMS 0x0000000712b00000, 0x0000000712b00000| Untracked 
| 198|0x0000000712c00000, 0x0000000712d00000, 0x0000000712d00000|100%| O|  |TAMS 0x0000000712c00000, 0x0000000712c00000| Untracked 
| 199|0x0000000712d00000, 0x0000000712e00000, 0x0000000712e00000|100%| O|  |TAMS 0x0000000712d00000, 0x0000000712d00000| Untracked 
| 200|0x0000000712e00000, 0x0000000712f00000, 0x0000000712f00000|100%| O|  |TAMS 0x0000000712e00000, 0x0000000712e00000| Untracked 
| 201|0x0000000712f00000, 0x0000000713000000, 0x0000000713000000|100%| O|  |TAMS 0x0000000712f00000, 0x0000000712f00000| Untracked 
| 202|0x0000000713000000, 0x0000000713100000, 0x0000000713100000|100%| O|  |TAMS 0x0000000713000000, 0x0000000713000000| Untracked 
| 203|0x0000000713100000, 0x0000000713200000, 0x0000000713200000|100%| O|  |TAMS 0x0000000713100000, 0x0000000713100000| Untracked 
| 204|0x0000000713200000, 0x0000000713300000, 0x0000000713300000|100%| O|  |TAMS 0x0000000713200000, 0x0000000713200000| Untracked 
| 205|0x0000000713300000, 0x0000000713400000, 0x0000000713400000|100%| O|  |TAMS 0x0000000713300000, 0x0000000713300000| Untracked 
| 206|0x0000000713400000, 0x0000000713500000, 0x0000000713500000|100%| O|  |TAMS 0x0000000713400000, 0x0000000713400000| Untracked 
| 207|0x0000000713500000, 0x0000000713600000, 0x0000000713600000|100%| O|  |TAMS 0x0000000713500000, 0x0000000713500000| Untracked 
| 208|0x0000000713600000, 0x0000000713700000, 0x0000000713700000|100%| O|  |TAMS 0x0000000713700000, 0x0000000713600000| Untracked 
| 209|0x0000000713700000, 0x0000000713800000, 0x0000000713800000|100%| O|  |TAMS 0x0000000713800000, 0x0000000713700000| Untracked 
| 210|0x0000000713800000, 0x0000000713900000, 0x0000000713900000|100%| O|  |TAMS 0x0000000713800000, 0x0000000713800000| Untracked 
| 211|0x0000000713900000, 0x0000000713a00000, 0x0000000713a00000|100%| O|  |TAMS 0x0000000713900000, 0x0000000713900000| Untracked 
| 212|0x0000000713a00000, 0x0000000713b00000, 0x0000000713b00000|100%| O|  |TAMS 0x0000000713a00000, 0x0000000713a00000| Untracked 
| 213|0x0000000713b00000, 0x0000000713c00000, 0x0000000713c00000|100%| O|  |TAMS 0x0000000713b00000, 0x0000000713b00000| Untracked 
| 214|0x0000000713c00000, 0x0000000713d00000, 0x0000000713d00000|100%| O|  |TAMS 0x0000000713c00000, 0x0000000713c00000| Untracked 
| 215|0x0000000713d00000, 0x0000000713e00000, 0x0000000713e00000|100%| O|  |TAMS 0x0000000713d00000, 0x0000000713d00000| Untracked 
| 216|0x0000000713e00000, 0x0000000713f00000, 0x0000000713f00000|100%| O|  |TAMS 0x0000000713e00000, 0x0000000713e00000| Untracked 
| 217|0x0000000713f00000, 0x0000000714000000, 0x0000000714000000|100%| O|  |TAMS 0x0000000713f00000, 0x0000000713f00000| Untracked 
| 218|0x0000000714000000, 0x0000000714100000, 0x0000000714100000|100%| O|  |TAMS 0x0000000714100000, 0x0000000714000000| Untracked 
| 219|0x0000000714100000, 0x0000000714200000, 0x0000000714200000|100%| O|  |TAMS 0x0000000714200000, 0x0000000714100000| Untracked 
| 220|0x0000000714200000, 0x0000000714300000, 0x0000000714300000|100%| O|  |TAMS 0x0000000714300000, 0x0000000714200000| Untracked 
| 221|0x0000000714300000, 0x0000000714300000, 0x0000000714400000|  0%| F|  |TAMS 0x0000000714300000, 0x0000000714300000| Untracked 
| 222|0x0000000714400000, 0x0000000714500000, 0x0000000714500000|100%| O|  |TAMS 0x0000000714500000, 0x0000000714400000| Untracked 
| 223|0x0000000714500000, 0x0000000714600000, 0x0000000714600000|100%| O|  |TAMS 0x0000000714600000, 0x0000000714500000| Untracked 
| 224|0x0000000714600000, 0x0000000714700000, 0x0000000714700000|100%| O|  |TAMS 0x0000000714700000, 0x0000000714600000| Untracked 
| 225|0x0000000714700000, 0x0000000714800000, 0x0000000714800000|100%| O|  |TAMS 0x0000000714800000, 0x0000000714700000| Untracked 
| 226|0x0000000714800000, 0x0000000714900000, 0x0000000714900000|100%| O|  |TAMS 0x0000000714900000, 0x0000000714800000| Untracked 
| 227|0x0000000714900000, 0x0000000714a00000, 0x0000000714a00000|100%| O|  |TAMS 0x000000071497ee00, 0x0000000714900000| Untracked 
| 228|0x0000000714a00000, 0x0000000714b00000, 0x0000000714b00000|100%| O|  |TAMS 0x0000000714a00000, 0x0000000714a00000| Untracked 
| 229|0x0000000714b00000, 0x0000000714c00000, 0x0000000714c00000|100%| O|  |TAMS 0x0000000714b00000, 0x0000000714b00000| Untracked 
| 230|0x0000000714c00000, 0x0000000714d00000, 0x0000000714d00000|100%| O|  |TAMS 0x0000000714c00000, 0x0000000714c00000| Untracked 
| 231|0x0000000714d00000, 0x0000000714e00000, 0x0000000714e00000|100%| O|  |TAMS 0x0000000714d00000, 0x0000000714d00000| Untracked 
| 232|0x0000000714e00000, 0x0000000714f00000, 0x0000000714f00000|100%| O|  |TAMS 0x0000000714e00000, 0x0000000714e00000| Untracked 
| 233|0x0000000714f00000, 0x0000000715000000, 0x0000000715000000|100%| O|  |TAMS 0x0000000714f00000, 0x0000000714f00000| Untracked 
| 234|0x0000000715000000, 0x0000000715100000, 0x0000000715100000|100%| O|  |TAMS 0x0000000715000000, 0x0000000715000000| Untracked 
| 235|0x0000000715100000, 0x0000000715200000, 0x0000000715200000|100%| O|  |TAMS 0x0000000715100000, 0x0000000715100000| Untracked 
| 236|0x0000000715200000, 0x0000000715300000, 0x0000000715300000|100%| O|  |TAMS 0x0000000715200000, 0x0000000715200000| Untracked 
| 237|0x0000000715300000, 0x0000000715400000, 0x0000000715400000|100%| O|  |TAMS 0x0000000715300000, 0x0000000715300000| Untracked 
| 238|0x0000000715400000, 0x0000000715500000, 0x0000000715500000|100%| O|  |TAMS 0x0000000715400000, 0x0000000715400000| Untracked 
| 239|0x0000000715500000, 0x0000000715600000, 0x0000000715600000|100%| O|  |TAMS 0x0000000715500000, 0x0000000715500000| Untracked 
| 240|0x0000000715600000, 0x0000000715700000, 0x0000000715700000|100%| O|  |TAMS 0x0000000715600000, 0x0000000715600000| Untracked 
| 241|0x0000000715700000, 0x0000000715800000, 0x0000000715800000|100%| O|  |TAMS 0x0000000715700000, 0x0000000715700000| Untracked 
| 242|0x0000000715800000, 0x0000000715900000, 0x0000000715900000|100%| O|  |TAMS 0x0000000715800000, 0x0000000715800000| Untracked 
| 243|0x0000000715900000, 0x0000000715a00000, 0x0000000715a00000|100%| O|  |TAMS 0x0000000715900000, 0x0000000715900000| Untracked 
| 244|0x0000000715a00000, 0x0000000715b00000, 0x0000000715b00000|100%| O|  |TAMS 0x0000000715a00000, 0x0000000715a00000| Untracked 
| 245|0x0000000715b00000, 0x0000000715c00000, 0x0000000715c00000|100%| O|  |TAMS 0x0000000715b00000, 0x0000000715b00000| Untracked 
| 246|0x0000000715c00000, 0x0000000715d00000, 0x0000000715d00000|100%| O|  |TAMS 0x0000000715c00000, 0x0000000715c00000| Untracked 
| 247|0x0000000715d00000, 0x0000000715e00000, 0x0000000715e00000|100%| O|  |TAMS 0x0000000715d00000, 0x0000000715d00000| Untracked 
| 248|0x0000000715e00000, 0x0000000715f00000, 0x0000000715f00000|100%| O|  |TAMS 0x0000000715f00000, 0x0000000715e00000| Untracked 
| 249|0x0000000715f00000, 0x0000000716000000, 0x0000000716000000|100%| O|  |TAMS 0x0000000715f00000, 0x0000000715f00000| Untracked 
| 250|0x0000000716000000, 0x0000000716100000, 0x0000000716100000|100%|HS|  |TAMS 0x0000000716100000, 0x0000000716000000| Complete 
| 251|0x0000000716100000, 0x0000000716200000, 0x0000000716200000|100%|HC|  |TAMS 0x0000000716200000, 0x0000000716100000| Complete 
| 252|0x0000000716200000, 0x0000000716300000, 0x0000000716300000|100%|HC|  |TAMS 0x0000000716300000, 0x0000000716200000| Complete 
| 253|0x0000000716300000, 0x0000000716400000, 0x0000000716400000|100%|HC|  |TAMS 0x0000000716400000, 0x0000000716300000| Complete 
| 254|0x0000000716400000, 0x0000000716500000, 0x0000000716500000|100%|HC|  |TAMS 0x0000000716500000, 0x0000000716400000| Complete 
| 255|0x0000000716500000, 0x0000000716600000, 0x0000000716600000|100%|HC|  |TAMS 0x0000000716600000, 0x0000000716500000| Complete 
| 256|0x0000000716600000, 0x0000000716700000, 0x0000000716700000|100%|HC|  |TAMS 0x0000000716700000, 0x0000000716600000| Complete 
| 257|0x0000000716700000, 0x0000000716800000, 0x0000000716800000|100%|HC|  |TAMS 0x0000000716800000, 0x0000000716700000| Complete 
| 258|0x0000000716800000, 0x0000000716900000, 0x0000000716900000|100%|HC|  |TAMS 0x0000000716900000, 0x0000000716800000| Complete 
| 259|0x0000000716900000, 0x0000000716a00000, 0x0000000716a00000|100%|HC|  |TAMS 0x0000000716a00000, 0x0000000716900000| Complete 
| 260|0x0000000716a00000, 0x0000000716b00000, 0x0000000716b00000|100%|HC|  |TAMS 0x0000000716b00000, 0x0000000716a00000| Complete 
| 261|0x0000000716b00000, 0x0000000716c00000, 0x0000000716c00000|100%|HC|  |TAMS 0x0000000716c00000, 0x0000000716b00000| Complete 
| 262|0x0000000716c00000, 0x0000000716d00000, 0x0000000716d00000|100%|HC|  |TAMS 0x0000000716d00000, 0x0000000716c00000| Complete 
| 263|0x0000000716d00000, 0x0000000716e00000, 0x0000000716e00000|100%|HC|  |TAMS 0x0000000716e00000, 0x0000000716d00000| Complete 
| 264|0x0000000716e00000, 0x0000000716f00000, 0x0000000716f00000|100%|HC|  |TAMS 0x0000000716f00000, 0x0000000716e00000| Complete 
| 265|0x0000000716f00000, 0x0000000717000000, 0x0000000717000000|100%|HC|  |TAMS 0x0000000717000000, 0x0000000716f00000| Complete 
| 266|0x0000000717000000, 0x0000000717100000, 0x0000000717100000|100%|HC|  |TAMS 0x0000000717100000, 0x0000000717000000| Complete 
| 267|0x0000000717100000, 0x0000000717200000, 0x0000000717200000|100%|HC|  |TAMS 0x0000000717200000, 0x0000000717100000| Complete 
| 268|0x0000000717200000, 0x0000000717300000, 0x0000000717300000|100%|HC|  |TAMS 0x0000000717300000, 0x0000000717200000| Complete 
| 269|0x0000000717300000, 0x0000000717400000, 0x0000000717400000|100%|HC|  |TAMS 0x0000000717400000, 0x0000000717300000| Complete 
| 270|0x0000000717400000, 0x0000000717500000, 0x0000000717500000|100%|HC|  |TAMS 0x0000000717500000, 0x0000000717400000| Complete 
| 271|0x0000000717500000, 0x0000000717600000, 0x0000000717600000|100%|HC|  |TAMS 0x0000000717600000, 0x0000000717500000| Complete 
| 272|0x0000000717600000, 0x0000000717700000, 0x0000000717700000|100%|HC|  |TAMS 0x0000000717700000, 0x0000000717600000| Complete 
| 273|0x0000000717700000, 0x0000000717800000, 0x0000000717800000|100%|HC|  |TAMS 0x0000000717800000, 0x0000000717700000| Complete 
| 274|0x0000000717800000, 0x0000000717900000, 0x0000000717900000|100%|HC|  |TAMS 0x0000000717900000, 0x0000000717800000| Complete 
| 275|0x0000000717900000, 0x0000000717a00000, 0x0000000717a00000|100%|HC|  |TAMS 0x0000000717a00000, 0x0000000717900000| Complete 
| 276|0x0000000717a00000, 0x0000000717b00000, 0x0000000717b00000|100%|HC|  |TAMS 0x0000000717b00000, 0x0000000717a00000| Complete 
| 277|0x0000000717b00000, 0x0000000717c00000, 0x0000000717c00000|100%|HC|  |TAMS 0x0000000717c00000, 0x0000000717b00000| Complete 
| 278|0x0000000717c00000, 0x0000000717d00000, 0x0000000717d00000|100%|HC|  |TAMS 0x0000000717d00000, 0x0000000717c00000| Complete 
| 279|0x0000000717d00000, 0x0000000717e00000, 0x0000000717e00000|100%|HC|  |TAMS 0x0000000717e00000, 0x0000000717d00000| Complete 
| 280|0x0000000717e00000, 0x0000000717f00000, 0x0000000717f00000|100%|HC|  |TAMS 0x0000000717f00000, 0x0000000717e00000| Complete 
| 281|0x0000000717f00000, 0x0000000718000000, 0x0000000718000000|100%|HC|  |TAMS 0x0000000718000000, 0x0000000717f00000| Complete 
| 282|0x0000000718000000, 0x0000000718100000, 0x0000000718100000|100%|HC|  |TAMS 0x0000000718100000, 0x0000000718000000| Complete 
| 283|0x0000000718100000, 0x0000000718200000, 0x0000000718200000|100%|HC|  |TAMS 0x0000000718200000, 0x0000000718100000| Complete 
| 284|0x0000000718200000, 0x0000000718300000, 0x0000000718300000|100%|HC|  |TAMS 0x0000000718300000, 0x0000000718200000| Complete 
| 285|0x0000000718300000, 0x0000000718400000, 0x0000000718400000|100%|HC|  |TAMS 0x0000000718400000, 0x0000000718300000| Complete 
| 286|0x0000000718400000, 0x0000000718500000, 0x0000000718500000|100%|HC|  |TAMS 0x0000000718500000, 0x0000000718400000| Complete 
| 287|0x0000000718500000, 0x0000000718600000, 0x0000000718600000|100%|HC|  |TAMS 0x0000000718600000, 0x0000000718500000| Complete 
| 288|0x0000000718600000, 0x0000000718700000, 0x0000000718700000|100%|HC|  |TAMS 0x0000000718700000, 0x0000000718600000| Complete 
| 289|0x0000000718700000, 0x0000000718800000, 0x0000000718800000|100%|HC|  |TAMS 0x0000000718800000, 0x0000000718700000| Complete 
| 290|0x0000000718800000, 0x0000000718900000, 0x0000000718900000|100%|HC|  |TAMS 0x0000000718900000, 0x0000000718800000| Complete 
| 291|0x0000000718900000, 0x0000000718a00000, 0x0000000718a00000|100%|HC|  |TAMS 0x0000000718a00000, 0x0000000718900000| Complete 
| 292|0x0000000718a00000, 0x0000000718b00000, 0x0000000718b00000|100%|HC|  |TAMS 0x0000000718b00000, 0x0000000718a00000| Complete 
| 293|0x0000000718b00000, 0x0000000718c00000, 0x0000000718c00000|100%|HC|  |TAMS 0x0000000718c00000, 0x0000000718b00000| Complete 
| 294|0x0000000718c00000, 0x0000000718d00000, 0x0000000718d00000|100%|HC|  |TAMS 0x0000000718d00000, 0x0000000718c00000| Complete 
| 295|0x0000000718d00000, 0x0000000718e00000, 0x0000000718e00000|100%|HC|  |TAMS 0x0000000718e00000, 0x0000000718d00000| Complete 
| 296|0x0000000718e00000, 0x0000000718f00000, 0x0000000718f00000|100%|HS|  |TAMS 0x0000000718f00000, 0x0000000718e00000| Complete 
| 297|0x0000000718f00000, 0x0000000719000000, 0x0000000719000000|100%|HC|  |TAMS 0x0000000719000000, 0x0000000718f00000| Complete 
| 298|0x0000000719000000, 0x0000000719100000, 0x0000000719100000|100%|HC|  |TAMS 0x0000000719100000, 0x0000000719000000| Complete 
| 299|0x0000000719100000, 0x0000000719200000, 0x0000000719200000|100%|HC|  |TAMS 0x0000000719200000, 0x0000000719100000| Complete 
| 300|0x0000000719200000, 0x0000000719300000, 0x0000000719300000|100%|HC|  |TAMS 0x0000000719300000, 0x0000000719200000| Complete 
| 301|0x0000000719300000, 0x0000000719400000, 0x0000000719400000|100%|HC|  |TAMS 0x0000000719400000, 0x0000000719300000| Complete 
| 302|0x0000000719400000, 0x0000000719500000, 0x0000000719500000|100%|HC|  |TAMS 0x0000000719500000, 0x0000000719400000| Complete 
| 303|0x0000000719500000, 0x0000000719600000, 0x0000000719600000|100%|HC|  |TAMS 0x0000000719600000, 0x0000000719500000| Complete 
| 304|0x0000000719600000, 0x0000000719700000, 0x0000000719700000|100%|HC|  |TAMS 0x0000000719700000, 0x0000000719600000| Complete 
| 305|0x0000000719700000, 0x0000000719800000, 0x0000000719800000|100%|HC|  |TAMS 0x0000000719800000, 0x0000000719700000| Complete 
| 306|0x0000000719800000, 0x0000000719900000, 0x0000000719900000|100%|HC|  |TAMS 0x0000000719900000, 0x0000000719800000| Complete 
| 307|0x0000000719900000, 0x0000000719a00000, 0x0000000719a00000|100%|HC|  |TAMS 0x0000000719a00000, 0x0000000719900000| Complete 
| 308|0x0000000719a00000, 0x0000000719b00000, 0x0000000719b00000|100%|HC|  |TAMS 0x0000000719b00000, 0x0000000719a00000| Complete 
| 309|0x0000000719b00000, 0x0000000719c00000, 0x0000000719c00000|100%|HC|  |TAMS 0x0000000719c00000, 0x0000000719b00000| Complete 
| 310|0x0000000719c00000, 0x0000000719d00000, 0x0000000719d00000|100%|HC|  |TAMS 0x0000000719d00000, 0x0000000719c00000| Complete 
| 311|0x0000000719d00000, 0x0000000719e00000, 0x0000000719e00000|100%|HC|  |TAMS 0x0000000719e00000, 0x0000000719d00000| Complete 
| 312|0x0000000719e00000, 0x0000000719f00000, 0x0000000719f00000|100%|HC|  |TAMS 0x0000000719f00000, 0x0000000719e00000| Complete 
| 313|0x0000000719f00000, 0x000000071a000000, 0x000000071a000000|100%|HC|  |TAMS 0x000000071a000000, 0x0000000719f00000| Complete 
| 314|0x000000071a000000, 0x000000071a100000, 0x000000071a100000|100%|HC|  |TAMS 0x000000071a100000, 0x000000071a000000| Complete 
| 315|0x000000071a100000, 0x000000071a200000, 0x000000071a200000|100%|HC|  |TAMS 0x000000071a200000, 0x000000071a100000| Complete 
| 316|0x000000071a200000, 0x000000071a300000, 0x000000071a300000|100%|HC|  |TAMS 0x000000071a300000, 0x000000071a200000| Complete 
| 317|0x000000071a300000, 0x000000071a400000, 0x000000071a400000|100%|HC|  |TAMS 0x000000071a400000, 0x000000071a300000| Complete 
| 318|0x000000071a400000, 0x000000071a500000, 0x000000071a500000|100%|HC|  |TAMS 0x000000071a500000, 0x000000071a400000| Complete 
| 319|0x000000071a500000, 0x000000071a600000, 0x000000071a600000|100%|HC|  |TAMS 0x000000071a600000, 0x000000071a500000| Complete 
| 320|0x000000071a600000, 0x000000071a700000, 0x000000071a700000|100%|HC|  |TAMS 0x000000071a700000, 0x000000071a600000| Complete 
| 321|0x000000071a700000, 0x000000071a800000, 0x000000071a800000|100%|HC|  |TAMS 0x000000071a800000, 0x000000071a700000| Complete 
| 322|0x000000071a800000, 0x000000071a900000, 0x000000071a900000|100%|HC|  |TAMS 0x000000071a900000, 0x000000071a800000| Complete 
| 323|0x000000071a900000, 0x000000071aa00000, 0x000000071aa00000|100%|HC|  |TAMS 0x000000071aa00000, 0x000000071a900000| Complete 
| 324|0x000000071aa00000, 0x000000071ab00000, 0x000000071ab00000|100%|HC|  |TAMS 0x000000071ab00000, 0x000000071aa00000| Complete 
| 325|0x000000071ab00000, 0x000000071ac00000, 0x000000071ac00000|100%|HC|  |TAMS 0x000000071ac00000, 0x000000071ab00000| Complete 
| 326|0x000000071ac00000, 0x000000071ad00000, 0x000000071ad00000|100%|HC|  |TAMS 0x000000071ad00000, 0x000000071ac00000| Complete 
| 327|0x000000071ad00000, 0x000000071ae00000, 0x000000071ae00000|100%|HC|  |TAMS 0x000000071ae00000, 0x000000071ad00000| Complete 
| 328|0x000000071ae00000, 0x000000071af00000, 0x000000071af00000|100%|HC|  |TAMS 0x000000071af00000, 0x000000071ae00000| Complete 
| 329|0x000000071af00000, 0x000000071b000000, 0x000000071b000000|100%|HC|  |TAMS 0x000000071b000000, 0x000000071af00000| Complete 
| 330|0x000000071b000000, 0x000000071b100000, 0x000000071b100000|100%|HC|  |TAMS 0x000000071b100000, 0x000000071b000000| Complete 
| 331|0x000000071b100000, 0x000000071b200000, 0x000000071b200000|100%|HC|  |TAMS 0x000000071b200000, 0x000000071b100000| Complete 
| 332|0x000000071b200000, 0x000000071b300000, 0x000000071b300000|100%|HC|  |TAMS 0x000000071b300000, 0x000000071b200000| Complete 
| 333|0x000000071b300000, 0x000000071b400000, 0x000000071b400000|100%|HC|  |TAMS 0x000000071b400000, 0x000000071b300000| Complete 
| 334|0x000000071b400000, 0x000000071b500000, 0x000000071b500000|100%|HC|  |TAMS 0x000000071b500000, 0x000000071b400000| Complete 
| 335|0x000000071b500000, 0x000000071b600000, 0x000000071b600000|100%|HC|  |TAMS 0x000000071b600000, 0x000000071b500000| Complete 
| 336|0x000000071b600000, 0x000000071b700000, 0x000000071b700000|100%|HC|  |TAMS 0x000000071b700000, 0x000000071b600000| Complete 
| 337|0x000000071b700000, 0x000000071b800000, 0x000000071b800000|100%|HC|  |TAMS 0x000000071b800000, 0x000000071b700000| Complete 
| 338|0x000000071b800000, 0x000000071b900000, 0x000000071b900000|100%|HC|  |TAMS 0x000000071b900000, 0x000000071b800000| Complete 
| 339|0x000000071b900000, 0x000000071ba00000, 0x000000071ba00000|100%|HC|  |TAMS 0x000000071ba00000, 0x000000071b900000| Complete 
| 340|0x000000071ba00000, 0x000000071bb00000, 0x000000071bb00000|100%|HC|  |TAMS 0x000000071bb00000, 0x000000071ba00000| Complete 
| 341|0x000000071bb00000, 0x000000071bc00000, 0x000000071bc00000|100%|HC|  |TAMS 0x000000071bc00000, 0x000000071bb00000| Complete 
| 342|0x000000071bc00000, 0x000000071bd00000, 0x000000071bd00000|100%|HC|  |TAMS 0x000000071bd00000, 0x000000071bc00000| Complete 
| 343|0x000000071bd00000, 0x000000071be00000, 0x000000071be00000|100%|HC|  |TAMS 0x000000071be00000, 0x000000071bd00000| Complete 
| 344|0x000000071be00000, 0x000000071bf00000, 0x000000071bf00000|100%|HC|  |TAMS 0x000000071bf00000, 0x000000071be00000| Complete 
| 345|0x000000071bf00000, 0x000000071c000000, 0x000000071c000000|100%|HC|  |TAMS 0x000000071c000000, 0x000000071bf00000| Complete 
| 346|0x000000071c000000, 0x000000071c100000, 0x000000071c100000|100%|HC|  |TAMS 0x000000071c100000, 0x000000071c000000| Complete 
| 347|0x000000071c100000, 0x000000071c200000, 0x000000071c200000|100%|HC|  |TAMS 0x000000071c200000, 0x000000071c100000| Complete 
| 348|0x000000071c200000, 0x000000071c300000, 0x000000071c300000|100%|HC|  |TAMS 0x000000071c300000, 0x000000071c200000| Complete 
| 349|0x000000071c300000, 0x000000071c400000, 0x000000071c400000|100%|HC|  |TAMS 0x000000071c400000, 0x000000071c300000| Complete 
| 350|0x000000071c400000, 0x000000071c500000, 0x000000071c500000|100%|HC|  |TAMS 0x000000071c500000, 0x000000071c400000| Complete 
| 351|0x000000071c500000, 0x000000071c600000, 0x000000071c600000|100%|HC|  |TAMS 0x000000071c600000, 0x000000071c500000| Complete 
| 352|0x000000071c600000, 0x000000071c700000, 0x000000071c700000|100%|HC|  |TAMS 0x000000071c700000, 0x000000071c600000| Complete 
| 353|0x000000071c700000, 0x000000071c800000, 0x000000071c800000|100%|HC|  |TAMS 0x000000071c800000, 0x000000071c700000| Complete 
| 354|0x000000071c800000, 0x000000071c900000, 0x000000071c900000|100%|HC|  |TAMS 0x000000071c900000, 0x000000071c800000| Complete 
| 355|0x000000071c900000, 0x000000071ca00000, 0x000000071ca00000|100%|HC|  |TAMS 0x000000071ca00000, 0x000000071c900000| Complete 
| 356|0x000000071ca00000, 0x000000071cb00000, 0x000000071cb00000|100%|HC|  |TAMS 0x000000071cb00000, 0x000000071ca00000| Complete 
| 357|0x000000071cb00000, 0x000000071cc00000, 0x000000071cc00000|100%|HC|  |TAMS 0x000000071cc00000, 0x000000071cb00000| Complete 
| 358|0x000000071cc00000, 0x000000071cd00000, 0x000000071cd00000|100%|HC|  |TAMS 0x000000071cd00000, 0x000000071cc00000| Complete 
| 359|0x000000071cd00000, 0x000000071ce00000, 0x000000071ce00000|100%|HC|  |TAMS 0x000000071ce00000, 0x000000071cd00000| Complete 
| 360|0x000000071ce00000, 0x000000071cf00000, 0x000000071cf00000|100%|HC|  |TAMS 0x000000071cf00000, 0x000000071ce00000| Complete 
| 361|0x000000071cf00000, 0x000000071d000000, 0x000000071d000000|100%|HC|  |TAMS 0x000000071d000000, 0x000000071cf00000| Complete 
| 362|0x000000071d000000, 0x000000071d100000, 0x000000071d100000|100%|HC|  |TAMS 0x000000071d100000, 0x000000071d000000| Complete 
| 363|0x000000071d100000, 0x000000071d200000, 0x000000071d200000|100%|HC|  |TAMS 0x000000071d200000, 0x000000071d100000| Complete 
| 364|0x000000071d200000, 0x000000071d300000, 0x000000071d300000|100%|HC|  |TAMS 0x000000071d300000, 0x000000071d200000| Complete 
| 365|0x000000071d300000, 0x000000071d400000, 0x000000071d400000|100%| O|  |TAMS 0x000000071d300000, 0x000000071d300000| Untracked 
| 366|0x000000071d400000, 0x000000071d500000, 0x000000071d500000|100%| O|  |TAMS 0x000000071d400000, 0x000000071d400000| Untracked 
| 367|0x000000071d500000, 0x000000071d600000, 0x000000071d600000|100%| O|  |TAMS 0x000000071d500000, 0x000000071d500000| Untracked 
| 368|0x000000071d600000, 0x000000071d700000, 0x000000071d700000|100%| O|  |TAMS 0x000000071d600000, 0x000000071d600000| Untracked 
| 369|0x000000071d700000, 0x000000071d800000, 0x000000071d800000|100%| O|  |TAMS 0x000000071d700000, 0x000000071d700000| Untracked 
| 370|0x000000071d800000, 0x000000071d900000, 0x000000071d900000|100%| O|  |TAMS 0x000000071d800000, 0x000000071d800000| Untracked 
| 371|0x000000071d900000, 0x000000071da00000, 0x000000071da00000|100%| O|  |TAMS 0x000000071d900000, 0x000000071d900000| Untracked 
| 372|0x000000071da00000, 0x000000071db00000, 0x000000071db00000|100%| O|  |TAMS 0x000000071da00000, 0x000000071da00000| Untracked 
| 373|0x000000071db00000, 0x000000071dc00000, 0x000000071dc00000|100%| O|  |TAMS 0x000000071db00000, 0x000000071db00000| Untracked 
| 374|0x000000071dc00000, 0x000000071dd00000, 0x000000071dd00000|100%| O|  |TAMS 0x000000071dc00000, 0x000000071dc00000| Untracked 
| 375|0x000000071dd00000, 0x000000071de00000, 0x000000071de00000|100%| O|  |TAMS 0x000000071dd00000, 0x000000071dd00000| Untracked 
| 376|0x000000071de00000, 0x000000071df00000, 0x000000071df00000|100%| O|  |TAMS 0x000000071de00000, 0x000000071de00000| Untracked 
| 377|0x000000071df00000, 0x000000071e000000, 0x000000071e000000|100%| O|  |TAMS 0x000000071df00000, 0x000000071df00000| Untracked 
| 378|0x000000071e000000, 0x000000071e100000, 0x000000071e100000|100%| O|  |TAMS 0x000000071e000000, 0x000000071e000000| Untracked 
| 379|0x000000071e100000, 0x000000071e200000, 0x000000071e200000|100%| O|  |TAMS 0x000000071e100000, 0x000000071e100000| Untracked 
| 380|0x000000071e200000, 0x000000071e300000, 0x000000071e300000|100%| O|  |TAMS 0x000000071e200000, 0x000000071e200000| Untracked 
| 381|0x000000071e300000, 0x000000071e400000, 0x000000071e400000|100%| O|  |TAMS 0x000000071e300000, 0x000000071e300000| Untracked 
| 382|0x000000071e400000, 0x000000071e500000, 0x000000071e500000|100%| O|  |TAMS 0x000000071e400000, 0x000000071e400000| Untracked 
| 383|0x000000071e500000, 0x000000071e600000, 0x000000071e600000|100%| O|  |TAMS 0x000000071e500000, 0x000000071e500000| Untracked 
| 384|0x000000071e600000, 0x000000071e700000, 0x000000071e700000|100%| O|  |TAMS 0x000000071e600000, 0x000000071e600000| Untracked 
| 385|0x000000071e700000, 0x000000071e800000, 0x000000071e800000|100%| O|  |TAMS 0x000000071e700000, 0x000000071e700000| Untracked 
| 386|0x000000071e800000, 0x000000071e900000, 0x000000071e900000|100%| O|  |TAMS 0x000000071e800000, 0x000000071e800000| Untracked 
| 387|0x000000071e900000, 0x000000071ea00000, 0x000000071ea00000|100%| O|  |TAMS 0x000000071e900000, 0x000000071e900000| Untracked 
| 388|0x000000071ea00000, 0x000000071eb00000, 0x000000071eb00000|100%| O|  |TAMS 0x000000071ea00000, 0x000000071ea00000| Untracked 
| 389|0x000000071eb00000, 0x000000071ec00000, 0x000000071ec00000|100%| O|  |TAMS 0x000000071eb00000, 0x000000071eb00000| Untracked 
| 390|0x000000071ec00000, 0x000000071ed00000, 0x000000071ed00000|100%| O|  |TAMS 0x000000071ec00000, 0x000000071ec00000| Untracked 
| 391|0x000000071ed00000, 0x000000071ee00000, 0x000000071ee00000|100%| O|  |TAMS 0x000000071ed00000, 0x000000071ed00000| Untracked 
| 392|0x000000071ee00000, 0x000000071ef00000, 0x000000071ef00000|100%| O|  |TAMS 0x000000071ee00000, 0x000000071ee00000| Untracked 
| 393|0x000000071ef00000, 0x000000071f000000, 0x000000071f000000|100%| O|  |TAMS 0x000000071ef00000, 0x000000071ef00000| Untracked 
| 394|0x000000071f000000, 0x000000071f100000, 0x000000071f100000|100%| O|  |TAMS 0x000000071f000000, 0x000000071f000000| Untracked 
| 395|0x000000071f100000, 0x000000071f200000, 0x000000071f200000|100%| O|  |TAMS 0x000000071f100000, 0x000000071f100000| Untracked 
| 396|0x000000071f200000, 0x000000071f300000, 0x000000071f300000|100%| O|  |TAMS 0x000000071f200000, 0x000000071f200000| Untracked 
| 397|0x000000071f300000, 0x000000071f400000, 0x000000071f400000|100%| O|  |TAMS 0x000000071f300000, 0x000000071f300000| Untracked 
| 398|0x000000071f400000, 0x000000071f500000, 0x000000071f500000|100%| O|  |TAMS 0x000000071f400000, 0x000000071f400000| Untracked 
| 399|0x000000071f500000, 0x000000071f600000, 0x000000071f600000|100%| O|  |TAMS 0x000000071f500000, 0x000000071f500000| Untracked 
| 400|0x000000071f600000, 0x000000071f700000, 0x000000071f700000|100%| O|  |TAMS 0x000000071f600000, 0x000000071f600000| Untracked 
| 401|0x000000071f700000, 0x000000071f800000, 0x000000071f800000|100%| O|  |TAMS 0x000000071f700000, 0x000000071f700000| Untracked 
| 402|0x000000071f800000, 0x000000071f900000, 0x000000071f900000|100%| O|  |TAMS 0x000000071f800000, 0x000000071f800000| Untracked 
| 403|0x000000071f900000, 0x000000071fa00000, 0x000000071fa00000|100%| O|  |TAMS 0x000000071f900000, 0x000000071f900000| Untracked 
| 404|0x000000071fa00000, 0x000000071fb00000, 0x000000071fb00000|100%| O|  |TAMS 0x000000071fa00000, 0x000000071fa00000| Untracked 
| 405|0x000000071fb00000, 0x000000071fc00000, 0x000000071fc00000|100%| O|  |TAMS 0x000000071fb00000, 0x000000071fb00000| Untracked 
| 406|0x000000071fc00000, 0x000000071fd00000, 0x000000071fd00000|100%| O|  |TAMS 0x000000071fc00000, 0x000000071fc00000| Untracked 
| 407|0x000000071fd00000, 0x000000071fe00000, 0x000000071fe00000|100%| O|  |TAMS 0x000000071fd00000, 0x000000071fd00000| Untracked 
| 408|0x000000071fe00000, 0x000000071ff00000, 0x000000071ff00000|100%| O|  |TAMS 0x000000071fe00000, 0x000000071fe00000| Untracked 
| 409|0x000000071ff00000, 0x0000000720000000, 0x0000000720000000|100%| O|  |TAMS 0x000000071ff00000, 0x000000071ff00000| Untracked 
| 410|0x0000000720000000, 0x0000000720100000, 0x0000000720100000|100%| O|  |TAMS 0x0000000720000000, 0x0000000720000000| Untracked 
| 411|0x0000000720100000, 0x0000000720200000, 0x0000000720200000|100%| O|  |TAMS 0x0000000720100000, 0x0000000720100000| Untracked 
| 412|0x0000000720200000, 0x0000000720300000, 0x0000000720300000|100%| O|  |TAMS 0x0000000720200000, 0x0000000720200000| Untracked 
| 413|0x0000000720300000, 0x0000000720400000, 0x0000000720400000|100%| O|  |TAMS 0x0000000720300000, 0x0000000720300000| Untracked 
| 414|0x0000000720400000, 0x0000000720500000, 0x0000000720500000|100%| O|  |TAMS 0x0000000720400000, 0x0000000720400000| Untracked 
| 415|0x0000000720500000, 0x0000000720600000, 0x0000000720600000|100%| O|  |TAMS 0x0000000720500000, 0x0000000720500000| Untracked 
| 416|0x0000000720600000, 0x0000000720700000, 0x0000000720700000|100%| O|  |TAMS 0x0000000720600000, 0x0000000720600000| Untracked 
| 417|0x0000000720700000, 0x0000000720800000, 0x0000000720800000|100%| O|  |TAMS 0x0000000720700000, 0x0000000720700000| Untracked 
| 418|0x0000000720800000, 0x0000000720900000, 0x0000000720900000|100%| O|  |TAMS 0x0000000720800000, 0x0000000720800000| Untracked 
| 419|0x0000000720900000, 0x0000000720a00000, 0x0000000720a00000|100%| O|  |TAMS 0x0000000720900000, 0x0000000720900000| Untracked 
| 420|0x0000000720a00000, 0x0000000720b00000, 0x0000000720b00000|100%| O|  |TAMS 0x0000000720a00000, 0x0000000720a00000| Untracked 
| 421|0x0000000720b00000, 0x0000000720c00000, 0x0000000720c00000|100%| O|  |TAMS 0x0000000720b00000, 0x0000000720b00000| Untracked 
| 422|0x0000000720c00000, 0x0000000720c80000, 0x0000000720d00000| 50%| O|  |TAMS 0x0000000720c00000, 0x0000000720c00000| Untracked 
| 423|0x0000000720d00000, 0x0000000720d00000, 0x0000000720e00000|  0%| F|  |TAMS 0x0000000720d00000, 0x0000000720d00000| Untracked 
| 424|0x0000000720e00000, 0x0000000720e00000, 0x0000000720f00000|  0%| F|  |TAMS 0x0000000720e00000, 0x0000000720e00000| Untracked 
| 425|0x0000000720f00000, 0x0000000720f00000, 0x0000000721000000|  0%| F|  |TAMS 0x0000000720f00000, 0x0000000720f00000| Untracked 
| 426|0x0000000721000000, 0x0000000721000000, 0x0000000721100000|  0%| F|  |TAMS 0x0000000721000000, 0x0000000721000000| Untracked 
| 427|0x0000000721100000, 0x0000000721100000, 0x0000000721200000|  0%| F|  |TAMS 0x0000000721100000, 0x0000000721100000| Untracked 
| 428|0x0000000721200000, 0x0000000721200000, 0x0000000721300000|  0%| F|  |TAMS 0x0000000721200000, 0x0000000721200000| Untracked 
| 429|0x0000000721300000, 0x0000000721300000, 0x0000000721400000|  0%| F|  |TAMS 0x0000000721300000, 0x0000000721300000| Untracked 
| 430|0x0000000721400000, 0x0000000721400000, 0x0000000721500000|  0%| F|  |TAMS 0x0000000721400000, 0x0000000721400000| Untracked 
| 431|0x0000000721500000, 0x0000000721500000, 0x0000000721600000|  0%| F|  |TAMS 0x0000000721500000, 0x0000000721500000| Untracked 
| 432|0x0000000721600000, 0x0000000721600000, 0x0000000721700000|  0%| F|  |TAMS 0x0000000721600000, 0x0000000721600000| Untracked 
| 433|0x0000000721700000, 0x0000000721700000, 0x0000000721800000|  0%| F|  |TAMS 0x0000000721700000, 0x0000000721700000| Untracked 
| 434|0x0000000721800000, 0x0000000721800000, 0x0000000721900000|  0%| F|  |TAMS 0x0000000721800000, 0x0000000721800000| Untracked 
| 435|0x0000000721900000, 0x0000000721900000, 0x0000000721a00000|  0%| F|  |TAMS 0x0000000721900000, 0x0000000721900000| Untracked 
| 436|0x0000000721a00000, 0x0000000721a00000, 0x0000000721b00000|  0%| F|  |TAMS 0x0000000721a00000, 0x0000000721a00000| Untracked 
| 437|0x0000000721b00000, 0x0000000721b00000, 0x0000000721c00000|  0%| F|  |TAMS 0x0000000721b00000, 0x0000000721b00000| Untracked 
| 438|0x0000000721c00000, 0x0000000721c00000, 0x0000000721d00000|  0%| F|  |TAMS 0x0000000721c00000, 0x0000000721c00000| Untracked 
| 439|0x0000000721d00000, 0x0000000721d00000, 0x0000000721e00000|  0%| F|  |TAMS 0x0000000721d00000, 0x0000000721d00000| Untracked 
| 440|0x0000000721e00000, 0x0000000721e00000, 0x0000000721f00000|  0%| F|  |TAMS 0x0000000721e00000, 0x0000000721e00000| Untracked 
| 441|0x0000000721f00000, 0x0000000721f00000, 0x0000000722000000|  0%| F|  |TAMS 0x0000000721f00000, 0x0000000721f00000| Untracked 
| 442|0x0000000722000000, 0x0000000722000000, 0x0000000722100000|  0%| F|  |TAMS 0x0000000722000000, 0x0000000722000000| Untracked 
| 443|0x0000000722100000, 0x0000000722100000, 0x0000000722200000|  0%| F|  |TAMS 0x0000000722100000, 0x0000000722100000| Untracked 
| 444|0x0000000722200000, 0x0000000722200000, 0x0000000722300000|  0%| F|  |TAMS 0x0000000722200000, 0x0000000722200000| Untracked 
| 445|0x0000000722300000, 0x0000000722300000, 0x0000000722400000|  0%| F|  |TAMS 0x0000000722300000, 0x0000000722300000| Untracked 
| 446|0x0000000722400000, 0x0000000722400000, 0x0000000722500000|  0%| F|  |TAMS 0x0000000722400000, 0x0000000722400000| Untracked 
| 447|0x0000000722500000, 0x0000000722500000, 0x0000000722600000|  0%| F|  |TAMS 0x0000000722500000, 0x0000000722500000| Untracked 
| 448|0x0000000722600000, 0x0000000722600000, 0x0000000722700000|  0%| F|  |TAMS 0x0000000722600000, 0x0000000722600000| Untracked 
| 449|0x0000000722700000, 0x0000000722700000, 0x0000000722800000|  0%| F|  |TAMS 0x0000000722700000, 0x0000000722700000| Untracked 
| 450|0x0000000722800000, 0x0000000722900000, 0x0000000722900000|100%| S|CS|TAMS 0x0000000722800000, 0x0000000722800000| Complete 
| 451|0x0000000722900000, 0x0000000722a00000, 0x0000000722a00000|100%| S|CS|TAMS 0x0000000722900000, 0x0000000722900000| Complete 
| 452|0x0000000722a00000, 0x0000000722b00000, 0x0000000722b00000|100%| S|CS|TAMS 0x0000000722a00000, 0x0000000722a00000| Complete 
| 453|0x0000000722b00000, 0x0000000722b00000, 0x0000000722c00000|  0%| F|  |TAMS 0x0000000722b00000, 0x0000000722b00000| Untracked 
| 454|0x0000000722c00000, 0x0000000722c00000, 0x0000000722d00000|  0%| F|  |TAMS 0x0000000722c00000, 0x0000000722c00000| Untracked 
| 455|0x0000000722d00000, 0x0000000722d00000, 0x0000000722e00000|  0%| F|  |TAMS 0x0000000722d00000, 0x0000000722d00000| Untracked 
| 456|0x0000000722e00000, 0x0000000722e00000, 0x0000000722f00000|  0%| F|  |TAMS 0x0000000722e00000, 0x0000000722e00000| Untracked 
| 457|0x0000000722f00000, 0x0000000722f00000, 0x0000000723000000|  0%| F|  |TAMS 0x0000000722f00000, 0x0000000722f00000| Untracked 
| 458|0x0000000723000000, 0x0000000723000000, 0x0000000723100000|  0%| F|  |TAMS 0x0000000723000000, 0x0000000723000000| Untracked 
| 459|0x0000000723100000, 0x0000000723100000, 0x0000000723200000|  0%| F|  |TAMS 0x0000000723100000, 0x0000000723100000| Untracked 
| 460|0x0000000723200000, 0x0000000723200000, 0x0000000723300000|  0%| F|  |TAMS 0x0000000723200000, 0x0000000723200000| Untracked 
| 461|0x0000000723300000, 0x0000000723300000, 0x0000000723400000|  0%| F|  |TAMS 0x0000000723300000, 0x0000000723300000| Untracked 
| 462|0x0000000723400000, 0x0000000723400000, 0x0000000723500000|  0%| F|  |TAMS 0x0000000723400000, 0x0000000723400000| Untracked 
| 463|0x0000000723500000, 0x00000007235989f0, 0x0000000723600000| 59%| E|  |TAMS 0x0000000723500000, 0x0000000723500000| Complete 
| 464|0x0000000723600000, 0x0000000723700000, 0x0000000723700000|100%| E|CS|TAMS 0x0000000723600000, 0x0000000723600000| Complete 
| 465|0x0000000723700000, 0x0000000723800000, 0x0000000723800000|100%| E|  |TAMS 0x0000000723700000, 0x0000000723700000| Complete 
| 466|0x0000000723800000, 0x0000000723900000, 0x0000000723900000|100%| E|CS|TAMS 0x0000000723800000, 0x0000000723800000| Complete 
| 467|0x0000000723900000, 0x0000000723a00000, 0x0000000723a00000|100%| E|CS|TAMS 0x0000000723900000, 0x0000000723900000| Complete 
| 468|0x0000000723a00000, 0x0000000723b00000, 0x0000000723b00000|100%| E|CS|TAMS 0x0000000723a00000, 0x0000000723a00000| Complete 
| 469|0x0000000723b00000, 0x0000000723c00000, 0x0000000723c00000|100%| E|CS|TAMS 0x0000000723b00000, 0x0000000723b00000| Complete 
| 470|0x0000000723c00000, 0x0000000723d00000, 0x0000000723d00000|100%| E|CS|TAMS 0x0000000723c00000, 0x0000000723c00000| Complete 
| 471|0x0000000723d00000, 0x0000000723e00000, 0x0000000723e00000|100%| E|CS|TAMS 0x0000000723d00000, 0x0000000723d00000| Complete 
| 472|0x0000000723e00000, 0x0000000723f00000, 0x0000000723f00000|100%| E|CS|TAMS 0x0000000723e00000, 0x0000000723e00000| Complete 
| 473|0x0000000723f00000, 0x0000000724000000, 0x0000000724000000|100%| E|CS|TAMS 0x0000000723f00000, 0x0000000723f00000| Complete 
| 474|0x0000000724000000, 0x0000000724100000, 0x0000000724100000|100%| E|CS|TAMS 0x0000000724000000, 0x0000000724000000| Complete 
| 475|0x0000000724100000, 0x0000000724200000, 0x0000000724200000|100%| E|CS|TAMS 0x0000000724100000, 0x0000000724100000| Complete 

Card table byte_map: [0x00000203cc1e0000,0x00000203cc9b0000] _byte_map_base: 0x00000203c89ad000

Marking Bits (Prev, Next): (CMBitMap*) 0x00000203b315d448, (CMBitMap*) 0x00000203b315d480
 Prev Bits: [0x00000203cd180000, 0x00000203d0fe8000)
 Next Bits: [0x00000203d0ff0000, 0x00000203d4e58000)

Polling page: 0x00000203bbf80000

Metaspace:

Usage:
  Non-class:     33.04 MB capacity,    32.48 MB ( 98%) used,   449.47 KB (  1%) free+waste,   122.25 KB ( <1%) overhead. 
      Class:      4.27 MB capacity,     3.76 MB ( 88%) used,   456.75 KB ( 10%) free+waste,    69.31 KB (  2%) overhead. 
       Both:     37.31 MB capacity,    36.24 MB ( 97%) used,   906.22 KB (  2%) free+waste,   191.56 KB ( <1%) overhead. 

Virtual space:
  Non-class space:       34.00 MB reserved,      33.25 MB ( 98%) committed 
      Class space:        1.00 GB reserved,       4.38 MB ( <1%) committed 
             Both:        1.03 GB reserved,      37.62 MB (  4%) committed 

Chunk freelists:
   Non-Class:  18.12 KB
       Class:  1.25 KB
        Both:  19.38 KB

CodeHeap 'non-profiled nmethods': size=120000Kb used=1501Kb max_used=1501Kb free=118498Kb
 bounds [0x00000203c3a70000, 0x00000203c3ce0000, 0x00000203cafa0000]
CodeHeap 'profiled nmethods': size=120000Kb used=5703Kb max_used=5703Kb free=114296Kb
 bounds [0x00000203bc540000, 0x00000203bcae0000, 0x00000203c3a70000]
CodeHeap 'non-nmethods': size=5760Kb used=1587Kb max_used=1616Kb free=4172Kb
 bounds [0x00000203bbfa0000, 0x00000203bc210000, 0x00000203bc540000]
 total_blobs=3985 nmethods=2858 adapters=1038
 compilation: enabled
              stopped_count=0, restarted_count=0
 full_count=0

Compilation events (10 events):
Event: 13.396 Thread 0x00000203d82d7000 2886       3       java.net.DualStackPlainDatagramSocketImpl::checkAndReturnNativeFD (40 bytes)
Event: 13.396 Thread 0x00000203d82d7000 nmethod 2886 0x00000203bcad0d90 code [0x00000203bcad0f60, 0x00000203bcad1368]
Event: 13.445 Thread 0x00000203d82d7000 2887       3       java.io.ObjectInputStream$BlockDataInputStream::readShort (73 bytes)
Event: 13.446 Thread 0x00000203d82d7000 nmethod 2887 0x00000203bcad1510 code [0x00000203bcad16e0, 0x00000203bcad1a18]
Event: 13.446 Thread 0x00000203d82d7000 2888       1       java.io.ObjectInputStream$BlockDataInputStream::getBlockDataMode (5 bytes)
Event: 13.446 Thread 0x00000203d82d7000 nmethod 2888 0x00000203c3be6e90 code [0x00000203c3be7020, 0x00000203c3be70d8]
Event: 13.627 Thread 0x00000203d82d7000 2889       3       java.io.FileInputStream::read (8 bytes)
Event: 13.627 Thread 0x00000203d82d7000 nmethod 2889 0x00000203bcad1b90 code [0x00000203bcad1d40, 0x00000203bcad1e68]
Event: 15.161 Thread 0x00000203d79ed800 2890       4       java.lang.ClassLoader::checkName (37 bytes)
Event: 15.167 Thread 0x00000203d79ed800 nmethod 2890 0x00000203c3be7190 code [0x00000203c3be7320, 0x00000203c3be7578]

GC Heap History (10 events):
Event: 12.261 GC heap before
{Heap before GC invocations=20 (full 0):
 garbage-first heap   total 487424K, used 431637K [0x0000000706600000, 0x0000000800000000)
  region size 1024K, 40 young (40960K), 2 survivors (2048K)
 Metaspace       used 37046K, capacity 38145K, committed 38524K, reserved 1083392K
  class space    used 3843K, capacity 4374K, committed 4480K, reserved 1048576K
}
Event: 12.265 GC heap after
{Heap after GC invocations=21 (full 0):
 garbage-first heap   total 487424K, used 356643K [0x0000000706600000, 0x0000000800000000)
  region size 1024K, 5 young (5120K), 5 survivors (5120K)
 Metaspace       used 37046K, capacity 38145K, committed 38524K, reserved 1083392K
  class space    used 3843K, capacity 4374K, committed 4480K, reserved 1048576K
}
Event: 12.887 GC heap before
{Heap before GC invocations=21 (full 0):
 garbage-first heap   total 487424K, used 405795K [0x0000000706600000, 0x0000000800000000)
  region size 1024K, 53 young (54272K), 5 survivors (5120K)
 Metaspace       used 37065K, capacity 38209K, committed 38524K, reserved 1083392K
  class space    used 3844K, capacity 4374K, committed 4480K, reserved 1048576K
}
Event: 12.901 GC heap after
{Heap after GC invocations=22 (full 0):
 garbage-first heap   total 487424K, used 338427K [0x0000000706600000, 0x0000000800000000)
  region size 1024K, 7 young (7168K), 7 survivors (7168K)
 Metaspace       used 37065K, capacity 38209K, committed 38524K, reserved 1083392K
  class space    used 3844K, capacity 4374K, committed 4480K, reserved 1048576K
}
Event: 12.925 GC heap before
{Heap before GC invocations=22 (full 0):
 garbage-first heap   total 487424K, used 392699K [0x0000000706600000, 0x0000000800000000)
  region size 1024K, 60 young (61440K), 7 survivors (7168K)
 Metaspace       used 37065K, capacity 38209K, committed 38524K, reserved 1083392K
  class space    used 3844K, capacity 4374K, committed 4480K, reserved 1048576K
}
Event: 12.940 GC heap after
{Heap after GC invocations=23 (full 0):
 garbage-first heap   total 487424K, used 392753K [0x0000000706600000, 0x0000000800000000)
  region size 1024K, 8 young (8192K), 8 survivors (8192K)
 Metaspace       used 37065K, capacity 38209K, committed 38524K, reserved 1083392K
  class space    used 3844K, capacity 4374K, committed 4480K, reserved 1048576K
}
Event: 12.945 GC heap before
{Heap before GC invocations=23 (full 0):
 garbage-first heap   total 487424K, used 411185K [0x0000000706600000, 0x0000000800000000)
  region size 1024K, 26 young (26624K), 8 survivors (8192K)
 Metaspace       used 37065K, capacity 38209K, committed 38524K, reserved 1083392K
  class space    used 3844K, capacity 4374K, committed 4480K, reserved 1048576K
}
Event: 12.952 GC heap after
{Heap after GC invocations=24 (full 0):
 garbage-first heap   total 487424K, used 413696K [0x0000000706600000, 0x0000000800000000)
  region size 1024K, 4 young (4096K), 4 survivors (4096K)
 Metaspace       used 37065K, capacity 38209K, committed 38524K, reserved 1083392K
  class space    used 3844K, capacity 4374K, committed 4480K, reserved 1048576K
}
Event: 12.962 GC heap before
{Heap before GC invocations=24 (full 0):
 garbage-first heap   total 487424K, used 433152K [0x0000000706600000, 0x0000000800000000)
  region size 1024K, 23 young (23552K), 4 survivors (4096K)
 Metaspace       used 37065K, capacity 38209K, committed 38524K, reserved 1083392K
  class space    used 3844K, capacity 4374K, committed 4480K, reserved 1048576K
}
Event: 12.967 GC heap after
{Heap after GC invocations=25 (full 0):
 garbage-first heap   total 487424K, used 435712K [0x0000000706600000, 0x0000000800000000)
  region size 1024K, 3 young (3072K), 3 survivors (3072K)
 Metaspace       used 37065K, capacity 38209K, committed 38524K, reserved 1083392K
  class space    used 3844K, capacity 4374K, committed 4480K, reserved 1048576K
}

Deoptimization events (10 events):
Event: 10.187 Thread 0x00000203b30fc800 Uncommon trap: reason=intrinsic_or_type_checked_inlining action=make_not_entrant pc=0x00000203c3bb0b0c method=java.util.ArrayList$SubList.toArray([Ljava/lang/Object;)[Ljava/lang/Object; @ 58 c2
Event: 10.188 Thread 0x00000203b30fc800 Uncommon trap: reason=intrinsic_or_type_checked_inlining action=make_not_entrant pc=0x00000203c3ba76e0 method=java.util.ArrayList$SubList.toArray([Ljava/lang/Object;)[Ljava/lang/Object; @ 58 c2
Event: 10.299 Thread 0x00000203b30fc800 Uncommon trap: reason=intrinsic_or_type_checked_inlining action=make_not_entrant pc=0x00000203c3babb78 method=java.util.ArrayList$SubList.toArray([Ljava/lang/Object;)[Ljava/lang/Object; @ 58 c2
Event: 10.722 Thread 0x00000203d9e5e000 Uncommon trap: reason=unstable_if action=reinterpret pc=0x00000203c3bcdce0 method=java.awt.image.ComponentColorModel.getDataElements(ILjava/lang/Object;)Ljava/lang/Object; @ 30 c2
Event: 10.728 Thread 0x00000203d9e5e000 Uncommon trap: reason=unstable_if action=reinterpret pc=0x00000203c3bc92f0 method=sun.awt.image.ByteInterleavedRaster.getDataElements(IILjava/lang/Object;)Ljava/lang/Object; @ 43 c2
Event: 11.074 Thread 0x00000203d9e5e000 Uncommon trap: reason=unstable_if action=reinterpret pc=0x00000203c3bd16c4 method=sun.java2d.loops.OpaqueCopyAnyToArgb.Blit(Lsun/java2d/SurfaceData;Lsun/java2d/SurfaceData;Ljava/awt/Composite;Lsun/java2d/pipe/Region;IIIIII)V @ 150 c2
Event: 11.157 Thread 0x00000203d9e5e000 Uncommon trap: reason=unstable_if action=reinterpret pc=0x00000203c3bd3524 method=sun.java2d.loops.OpaqueCopyArgbToAny.Blit(Lsun/java2d/SurfaceData;Lsun/java2d/SurfaceData;Ljava/awt/Composite;Lsun/java2d/pipe/Region;IIIIII)V @ 159 c2
Event: 12.359 Thread 0x00000203d9e5e000 Uncommon trap: reason=unstable_if action=reinterpret pc=0x00000203c3ba3828 method=jogamp.opengl.util.jpeg.JPEGDecoder.clampTo8bit(F)B @ 14 c2
Event: 12.394 Thread 0x00000203d9e5e000 Uncommon trap: reason=unstable_if action=reinterpret pc=0x00000203c3bdac28 method=jogamp.opengl.util.jpeg.JPEGDecoder.clampTo8bit(F)B @ 3 c2
Event: 12.550 Thread 0x00000203d9e5e000 Uncommon trap: reason=unstable_if action=reinterpret pc=0x00000203c3bdbd64 method=jogamp.opengl.util.jpeg.JPEGDecoder.clampTo8bit(F)B @ 3 c2

Classes redefined (0 events):
No events

Internal exceptions (10 events):
Event: 4.792 Thread 0x00000203b30fc800 Implicit null exception at 0x00000203c3aa40d7 to 0x00000203c3aa45f8
Event: 4.830 Thread 0x00000203b30fc800 Exception <a 'java/lang/NoSuchMethodError'{0x00000007154a1fe0}: java.lang.invoke.DirectMethodHandle$Holder.invokeStatic(Ljava/lang/Object;IIII)Ljava/lang/Object;> (0x00000007154a1fe0) thrown at [./open/src/hotspot/share/interpreter/linkResolver.cpp, line 
Event: 4.830 Thread 0x00000203b30fc800 Exception <a 'java/lang/NoSuchMethodError'{0x00000007154a50f8}: java.lang.invoke.DirectMethodHandle$Holder.invokeStaticInit(Ljava/lang/Object;IIII)Ljava/lang/Object;> (0x00000007154a50f8) thrown at [./open/src/hotspot/share/interpreter/linkResolver.cpp, l
Event: 5.613 Thread 0x00000203b30fc800 Exception <a 'java/lang/NoSuchMethodError'{0x0000000715371ec8}: java.lang.invoke.DirectMethodHandle$Holder.invokeStatic(Ljava/lang/Object;J)V> (0x0000000715371ec8) thrown at [./open/src/hotspot/share/interpreter/linkResolver.cpp, line 772]
Event: 5.614 Thread 0x00000203b30fc800 Exception <a 'java/lang/NoSuchMethodError'{0x0000000715377028}: java.lang.invoke.DirectMethodHandle$Holder.invokeStatic(Ljava/lang/Object;J)Ljava/lang/Object;> (0x0000000715377028) thrown at [./open/src/hotspot/share/interpreter/linkResolver.cpp, line 772
Event: 5.615 Thread 0x00000203b30fc800 Exception <a 'java/lang/NoSuchMethodError'{0x000000071537a540}: java.lang.invoke.DirectMethodHandle$Holder.invokeSpecial(Ljava/lang/Object;Ljava/lang/Object;J)Ljava/lang/Object;> (0x000000071537a540) thrown at [./open/src/hotspot/share/interpreter/linkRes
Event: 5.617 Thread 0x00000203b30fc800 Exception <a 'java/lang/NoSuchMethodError'{0x00000007153853e8}: java.lang.invoke.DirectMethodHandle$Holder.invokeStaticInit(Ljava/lang/Object;Ljava/lang/Object;JLjava/lang/Object;)Ljava/lang/Object;> (0x00000007153853e8) thrown at [./open/src/hotspot/shar
Event: 5.617 Thread 0x00000203b30fc800 Exception <a 'java/lang/NoSuchMethodError'{0x000000071538b0b0}: java.lang.invoke.DirectMethodHandle$Holder.invokeStatic(Ljava/lang/Object;Ljava/lang/Object;J)Ljava/lang/Object;> (0x000000071538b0b0) thrown at [./open/src/hotspot/share/interpreter/linkReso
Event: 5.618 Thread 0x00000203b30fc800 Exception <a 'java/lang/NoSuchMethodError'{0x000000071538e000}: java.lang.invoke.Invokers$Holder.linkToTargetMethod(Ljava/lang/Object;JLjava/lang/Object;)Ljava/lang/Object;> (0x000000071538e000) thrown at [./open/src/hotspot/share/interpreter/linkResolver
Event: 10.728 Thread 0x00000203d9e5e000 Implicit null exception at 0x00000203c3bc9002 to 0x00000203c3bc92d4

Events (10 events):
Event: 15.165 Executing VM operation: RevokeBias
Event: 15.165 Executing VM operation: RevokeBias done
Event: 15.165 Thread 0x00000203d9894000 Thread exited: 0x00000203d9894000
Event: 15.166 loading class jogamp/opengl/egl/EGLDisplayUtil$1
Event: 15.166 loading class jogamp/opengl/egl/EGLDisplayUtil$1 done
Event: 15.166 Executing VM operation: RevokeBias
Event: 15.167 Executing VM operation: RevokeBias done
Event: 15.167 Thread 0x00000203da8cd800 Thread exited: 0x00000203da8cd800
Event: 15.250 Thread 0x00000203dad19800 Thread exited: 0x00000203dad19800
Event: 15.250 Executing VM operation: Exit


Dynamic libraries:
0x00007ff7dcce0000 - 0x00007ff7dccf0000 	C:\Program Files\Java\jdk-11\bin\java.exe
0x00007ffe4ce10000 - 0x00007ffe4d024000 	C:\WINDOWS\SYSTEM32\ntdll.dll
0x00007ffe4b720000 - 0x00007ffe4b7e2000 	C:\WINDOWS\System32\KERNEL32.DLL
0x00007ffe4a6a0000 - 0x00007ffe4aa43000 	C:\WINDOWS\System32\KERNELBASE.dll
0x00007ffe4aaf0000 - 0x00007ffe4ac01000 	C:\WINDOWS\System32\ucrtbase.dll
0x00007ffe421b0000 - 0x00007ffe421cb000 	C:\Program Files\Java\jdk-11\bin\VCRUNTIME140.dll
0x00007ffe42190000 - 0x00007ffe421a8000 	C:\Program Files\Java\jdk-11\bin\jli.dll
0x00007ffe4c310000 - 0x00007ffe4c3be000 	C:\WINDOWS\System32\ADVAPI32.dll
0x00007ffe4cca0000 - 0x00007ffe4cd47000 	C:\WINDOWS\System32\msvcrt.dll
0x00007ffe4c440000 - 0x00007ffe4c4e4000 	C:\WINDOWS\System32\sechost.dll
0x00007ffe4c6a0000 - 0x00007ffe4c7b7000 	C:\WINDOWS\System32\RPCRT4.dll
0x00007ffe4c4f0000 - 0x00007ffe4c69b000 	C:\WINDOWS\System32\USER32.dll
0x00007ffe4a500000 - 0x00007ffe4a526000 	C:\WINDOWS\System32\win32u.dll
0x00007ffe38ab0000 - 0x00007ffe38d3e000 	C:\WINDOWS\WinSxS\amd64_microsoft.windows.common-controls_6595b64144ccf1df_6.0.22621.1635_none_270f70857386168e\COMCTL32.dll
0x00007ffe4cd50000 - 0x00007ffe4cd79000 	C:\WINDOWS\System32\GDI32.dll
0x00007ffe4a2b0000 - 0x00007ffe4a3c8000 	C:\WINDOWS\System32\gdi32full.dll
0x00007ffe4aa50000 - 0x00007ffe4aaea000 	C:\WINDOWS\System32\msvcp_win.dll
0x00007ffe42d50000 - 0x00007ffe42d5a000 	C:\WINDOWS\SYSTEM32\VERSION.dll
0x00007ffe4ac10000 - 0x00007ffe4ac41000 	C:\WINDOWS\System32\IMM32.DLL
0x00007ffe478b0000 - 0x00007ffe478bc000 	C:\Program Files\Java\jdk-11\bin\vcruntime140_1.dll
0x00007ffe29b00000 - 0x00007ffe29b8e000 	C:\Program Files\Java\jdk-11\bin\msvcp140.dll
0x00007ffda8f40000 - 0x00007ffda9aa8000 	C:\Program Files\Java\jdk-11\bin\server\jvm.dll
0x00007ffe4b630000 - 0x00007ffe4b638000 	C:\WINDOWS\System32\PSAPI.DLL
0x00007ffe39d80000 - 0x00007ffe39d89000 	C:\WINDOWS\SYSTEM32\WSOCK32.dll
0x00007ffe43e80000 - 0x00007ffe43eb4000 	C:\WINDOWS\SYSTEM32\WINMM.dll
0x00007ffe4ac50000 - 0x00007ffe4acc1000 	C:\WINDOWS\System32\WS2_32.dll
0x00007ffe49250000 - 0x00007ffe49268000 	C:\WINDOWS\SYSTEM32\kernel.appcore.dll
0x00007ffe42180000 - 0x00007ffe42190000 	C:\Program Files\Java\jdk-11\bin\verify.dll
0x00007ffe45b20000 - 0x00007ffe45d4e000 	C:\WINDOWS\SYSTEM32\DBGHELP.DLL
0x00007ffe4acd0000 - 0x00007ffe4b059000 	C:\WINDOWS\System32\combase.dll
0x00007ffe4b640000 - 0x00007ffe4b717000 	C:\WINDOWS\System32\OLEAUT32.dll
0x00007ffe42e30000 - 0x00007ffe42e62000 	C:\WINDOWS\SYSTEM32\dbgcore.DLL
0x00007ffe4a230000 - 0x00007ffe4a2ab000 	C:\WINDOWS\System32\bcryptPrimitives.dll
0x00007ffe375b0000 - 0x00007ffe375d8000 	C:\Program Files\Java\jdk-11\bin\java.dll
0x00007ffe42170000 - 0x00007ffe4217a000 	C:\Program Files\Java\jdk-11\bin\jimage.dll
0x00007ffe2b410000 - 0x00007ffe2b427000 	C:\Program Files\Java\jdk-11\bin\zip.dll
0x00007ffe4b7f0000 - 0x00007ffe4bfea000 	C:\WINDOWS\System32\SHELL32.dll
0x00007ffe481e0000 - 0x00007ffe48aae000 	C:\WINDOWS\SYSTEM32\windows.storage.dll
0x00007ffe480a0000 - 0x00007ffe481de000 	C:\WINDOWS\SYSTEM32\wintypes.dll
0x00007ffe4b330000 - 0x00007ffe4b421000 	C:\WINDOWS\System32\SHCORE.dll
0x00007ffe4cc40000 - 0x00007ffe4cc9e000 	C:\WINDOWS\System32\shlwapi.dll
0x00007ffe4a160000 - 0x00007ffe4a181000 	C:\WINDOWS\SYSTEM32\profapi.dll
0x00007ffe2b3f0000 - 0x00007ffe2b409000 	C:\Program Files\Java\jdk-11\bin\net.dll
0x00007ffe44e70000 - 0x00007ffe44fa7000 	C:\WINDOWS\SYSTEM32\WINHTTP.dll
0x00007ffe496f0000 - 0x00007ffe49759000 	C:\WINDOWS\system32\mswsock.dll
0x00007ffe2ad30000 - 0x00007ffe2ad42000 	C:\Program Files\Java\jdk-11\bin\nio.dll
0x00007ffe00350000 - 0x00007ffe004d2000 	C:\Program Files\Java\jdk-11\bin\awt.dll
0x00007ffe47540000 - 0x00007ffe475d7000 	C:\WINDOWS\SYSTEM32\apphelp.dll
0x00007ffe47a30000 - 0x00007ffe47a5b000 	C:\WINDOWS\system32\DWMAPI.DLL
0x00007ffe477f0000 - 0x00007ffe4789b000 	C:\WINDOWS\system32\uxtheme.dll
0x00007ffe167d0000 - 0x00007ffe168d0000 	C:\WINDOWS\system32\opengl32.dll
0x00007ffe19af0000 - 0x00007ffe19b1d000 	C:\WINDOWS\SYSTEM32\GLU32.dll
0x00007ffe478d0000 - 0x00007ffe47906000 	C:\WINDOWS\SYSTEM32\dxcore.dll
0x00007ffe4bff0000 - 0x00007ffe4c10e000 	C:\WINDOWS\System32\MSCTF.dll
0x00007ffe4c170000 - 0x00007ffe4c30c000 	C:\WINDOWS\System32\ole32.dll
0x00007ffe29a70000 - 0x00007ffe29af6000 	C:\Program Files\Java\jdk-11\bin\freetype.dll
0x00007ffdfcc00000 - 0x00007ffdfccc5000 	C:\Program Files\Java\jdk-11\bin\fontmanager.dll
0x00007ffe3e130000 - 0x00007ffe3e25d000 	C:\WINDOWS\SYSTEM32\textinputframework.dll
0x00007ffe3b610000 - 0x00007ffe3b679000 	C:\WINDOWS\system32\Oleacc.dll
0x00007ffe47260000 - 0x00007ffe47393000 	C:\WINDOWS\SYSTEM32\CoreMessaging.dll
0x00007ffe36760000 - 0x00007ffe36acc000 	C:\WINDOWS\SYSTEM32\CoreUIComponents.dll
0x00007ffe49950000 - 0x00007ffe4995c000 	C:\WINDOWS\SYSTEM32\CRYPTBASE.DLL
0x00007ffe29a40000 - 0x00007ffe29a65000 	C:\javagaming\jinput\lib\jinput-dx8_64.dll
0x00007ffe29840000 - 0x00007ffe29886000 	C:\WINDOWS\SYSTEM32\DINPUT8.dll
0x00007ffe2d0b0000 - 0x00007ffe2d2b1000 	C:\WINDOWS\SYSTEM32\inputhost.dll
0x00007ffe48ab0000 - 0x00007ffe48abe000 	C:\WINDOWS\SYSTEM32\HID.DLL
0x00007ffe4c7c0000 - 0x00007ffe4cc34000 	C:\WINDOWS\System32\SETUPAPI.DLL
0x00007ffe49e70000 - 0x00007ffe49ebe000 	C:\WINDOWS\SYSTEM32\cfgmgr32.DLL
0x00007ffe49ec0000 - 0x00007ffe49eec000 	C:\WINDOWS\SYSTEM32\DEVOBJ.dll
0x00007ffe4a3d0000 - 0x00007ffe4a43b000 	C:\WINDOWS\System32\WINTRUST.dll
0x00007ffe4a530000 - 0x00007ffe4a697000 	C:\WINDOWS\System32\CRYPT32.dll
0x00007ffe499b0000 - 0x00007ffe499c2000 	C:\WINDOWS\SYSTEM32\MSASN1.dll
0x00007ffe29a10000 - 0x00007ffe29a36000 	C:\javagaming\jinput\lib\jinput-raw_64.dll
0x00007ffe49960000 - 0x00007ffe4997b000 	C:\WINDOWS\SYSTEM32\CRYPTSP.dll
0x00007ffe491c0000 - 0x00007ffe491f5000 	C:\WINDOWS\system32\rsaenh.dll
0x00007ffe497f0000 - 0x00007ffe49818000 	C:\WINDOWS\SYSTEM32\USERENV.dll
0x00007ffe49b10000 - 0x00007ffe49b38000 	C:\WINDOWS\SYSTEM32\bcrypt.dll
0x00007ffe48d10000 - 0x00007ffe48d3d000 	C:\WINDOWS\SYSTEM32\IPHLPAPI.DLL
0x00007ffe4b570000 - 0x00007ffe4b579000 	C:\WINDOWS\System32\NSI.dll
0x00007ffe44ad0000 - 0x00007ffe44ae9000 	C:\WINDOWS\SYSTEM32\dhcpcsvc6.DLL
0x00007ffe44ab0000 - 0x00007ffe44acf000 	C:\WINDOWS\SYSTEM32\dhcpcsvc.DLL
0x00007ffe48d80000 - 0x00007ffe48e73000 	C:\WINDOWS\SYSTEM32\DNSAPI.dll
0x000000006e8c0000 - 0x000000006e8cd000 	C:\Users\Eguzm\AppData\Local\Temp\jogamp_0000\file_cache\jln11416870664805392468\jln10143003317248622136\natives\windows-amd64\gluegen_rt.dll
0x00007ffe42160000 - 0x00007ffe42167000 	C:\Program Files\Java\jdk-11\bin\jawt.dll
0x000000006a440000 - 0x000000006a44d000 	C:\Users\Eguzm\AppData\Local\Temp\jogamp_0000\file_cache\jln11416870664805392468\jln10143003317248622136\natives\windows-amd64\nativewindow_awt.dll
0x000000006c100000 - 0x000000006c110000 	C:\Users\Eguzm\AppData\Local\Temp\jogamp_0000\file_cache\jln11416870664805392468\jln10143003317248622136\natives\windows-amd64\nativewindow_win32.dll
0x0000000064500000 - 0x0000000064585000 	C:\Users\Eguzm\AppData\Local\Temp\jogamp_0000\file_cache\jln11416870664805392468\jln10143003317248622136\natives\windows-amd64\jogl_desktop.dll
0x0000000064340000 - 0x0000000064391000 	C:\Users\Eguzm\AppData\Local\Temp\jogamp_0000\file_cache\jln11416870664805392468\jln10143003317248622136\natives\windows-amd64\jogl_mobile.dll
0x00007ffe386e0000 - 0x00007ffe38728000 	C:\WINDOWS\SYSTEM32\directxdatabasehelper.dll
0x00007ffe4b580000 - 0x00007ffe4b630000 	C:\WINDOWS\System32\clbcatq.dll
0x00007ffe410e0000 - 0x00007ffe41214000 	C:\Windows\System32\AppXDeploymentClient.dll
0x00007ffda53b0000 - 0x00007ffda63d2000 	C:\WINDOWS\System32\DriverStore\FileRepository\iigd_dch.inf_amd64_d73f88d32ddb95d3\ig11icd64.dll
0x00007ffe47910000 - 0x00007ffe47a06000 	C:\WINDOWS\system32\dxgi.dll
0x00007ffda84d0000 - 0x00007ffda88d9000 	C:\WINDOWS\System32\DriverStore\FileRepository\iigd_dch.inf_amd64_d73f88d32ddb95d3\igdml64.dll
0x00007ffe46f20000 - 0x00007ffe47251000 	C:\WINDOWS\System32\DriverStore\FileRepository\iigd_dch.inf_amd64_d73f88d32ddb95d3\igdgmm64.dll
0x00007ffe2ebc0000 - 0x00007ffe31938000 	C:\WINDOWS\System32\DriverStore\FileRepository\iigd_dch.inf_amd64_d73f88d32ddb95d3\igc64.dll
0x00007ffe4a100000 - 0x00007ffe4a14d000 	C:\WINDOWS\SYSTEM32\powrprof.dll
0x00007ffe4a030000 - 0x00007ffe4a043000 	C:\WINDOWS\SYSTEM32\UMPDC.dll
0x000000006b600000 - 0x000000006b658000 	C:\Users\Eguzm\AppData\Local\Temp\jogamp_0000\file_cache\jln11416870664805392468\jln10143003317248622136\natives\windows-amd64\soft_oal.dll
0x00000000680c0000 - 0x00000000680d4000 	C:\Users\Eguzm\AppData\Local\Temp\jogamp_0000\file_cache\jln11416870664805392468\jln10143003317248622136\natives\windows-amd64\joal.dll
0x00007ffe42670000 - 0x00007ffe4270d000 	C:\WINDOWS\System32\MMDevApi.dll
0x00007ffdfa4c0000 - 0x00007ffdfa562000 	C:\WINDOWS\SYSTEM32\dsound.dll
0x00007ffe38e70000 - 0x00007ffe38e99000 	C:\WINDOWS\SYSTEM32\winmmbase.dll
0x00007ffdf6370000 - 0x00007ffdf6421000 	C:\WINDOWS\SYSTEM32\ResampleDmo.DLL
0x00007ffe41c60000 - 0x00007ffe41c6b000 	C:\WINDOWS\SYSTEM32\msdmo.dll
0x00007ffe2baa0000 - 0x00007ffe2bc85000 	C:\WINDOWS\SYSTEM32\AUDIOSES.DLL
0x00007ffe47d60000 - 0x00007ffe47d75000 	C:\WINDOWS\SYSTEM32\resourcepolicyclient.dll
0x00007ffe27ae0000 - 0x00007ffe27b0e000 	C:\Program Files\Java\jdk-11\bin\javajpeg.dll

dbghelp: loaded successfully - version: 4.0.5 - missing functions: none
symbol engine: initialized successfully - sym options: 0x614 - pdb path: .;C:\Program Files\Java\jdk-11\bin;C:\WINDOWS\SYSTEM32;C:\WINDOWS\WinSxS\amd64_microsoft.windows.common-controls_6595b64144ccf1df_6.0.22621.1635_none_270f70857386168e;C:\Program Files\Java\jdk-11\bin\server;C:\javagaming\jinput\lib;C:\Users\Eguzm\AppData\Local\Temp\jogamp_0000\file_cache\jln11416870664805392468\jln10143003317248622136\natives\windows-amd64;C:\WINDOWS\System32\DriverStore\FileRepository\iigd_dch.inf_amd64_d73f88d32ddb95d3

VM Arguments:
jvm_args: -Dsun.java2d.d3d=false -Dsun.java2d.uiScale=1 
java_command: a3.MazeGame 192.168.56.1 6030 UDP
java_class_path (initial): .;C:\javagaming\joml\joml-1.10.0.jar;C:\javagaming\jogl\jogl-all.jar;C:\javagaming\jogl\gluegen-rt.jar;C:\javagaming\jogl\joal.jar;C:\javagaming\jinput\jinput.jar;C:\javagaming\jbullet\jbullet.jar;C:\javagaming\vecmath\vecmath.jar;
Launcher Type: SUN_STANDARD

[Global flags]
     intx CICompilerCount                          = 4                                         {product} {ergonomic}
     uint ConcGCThreads                            = 2                                         {product} {ergonomic}
     uint G1ConcRefinementThreads                  = 8                                         {product} {ergonomic}
   size_t G1HeapRegionSize                         = 1048576                                   {product} {ergonomic}
    uintx GCDrainStackTargetSize                   = 64                                        {product} {ergonomic}
   size_t InitialHeapSize                          = 262144000                                 {product} {ergonomic}
   size_t MarkStackSize                            = 4194304                                   {product} {ergonomic}
   size_t MaxHeapSize                              = 4188012544                                {product} {ergonomic}
   size_t MaxNewSize                               = 2512388096                                {product} {ergonomic}
   size_t MinHeapDeltaBytes                        = 1048576                                   {product} {ergonomic}
    uintx NonNMethodCodeHeapSize                   = 5836300                                {pd product} {ergonomic}
    uintx NonProfiledCodeHeapSize                  = 122910970                              {pd product} {ergonomic}
    uintx ProfiledCodeHeapSize                     = 122910970                              {pd product} {ergonomic}
    uintx ReservedCodeCacheSize                    = 251658240                              {pd product} {ergonomic}
     bool SegmentedCodeCache                       = true                                      {product} {ergonomic}
     bool UseCompressedClassPointers               = true                                 {lp64_product} {ergonomic}
     bool UseCompressedOops                        = true                                 {lp64_product} {ergonomic}
     bool UseG1GC                                  = true                                      {product} {ergonomic}
     bool UseLargePagesIndividualAllocation        = false                                  {pd product} {ergonomic}

Logging:
Log output configuration:
 #0: stdout all=warning uptime,level,tags
 #1: stderr all=off uptime,level,tags

Environment Variables:
JAVA_HOME=C:\Program Files\Java\jdk-11
CLASSPATH=.;C:\javagaming\joml\joml-1.10.0.jar;C:\javagaming\jogl\jogl-all.jar;C:\javagaming\jogl\gluegen-rt.jar;C:\javagaming\jogl\joal.jar;C:\javagaming\jinput\jinput.jar;C:\javagaming\jbullet\jbullet.jar;C:\javagaming\vecmath\vecmath.jar;
PATH=C:\Program Files\Common Files\Oracle\Java\javapath;C:\WINDOWS\system32;C:\WINDOWS;C:\WINDOWS\System32\Wbem;C:\WINDOWS\System32\WindowsPowerShell\v1.0\;C:\WINDOWS\System32\OpenSSH\;C:\Program Files\Git\cmd;C:\javagaming\jinput\lib;C:\Users\Eguzm\AppData\Local\Microsoft\WindowsApps;C:\Users\Eguzm\AppData\Local\Programs\Microsoft VS Code\bin;C:\Program Files\heroku\bin
USERNAME=Eguzm
OS=Windows_NT
PROCESSOR_IDENTIFIER=Intel64 Family 6 Model 126 Stepping 5, GenuineIntel



---------------  S Y S T E M  ---------------

OS: Windows 11 , 64 bit Build 22621 (10.0.22621.1635)
Hyper-V role detected

CPU:total 8 (initial active 8) (4 cores per cpu, 2 threads per core) family 6 model 126 stepping 5 microcode 0xb0, cmov, cx8, fxsr, mmx, sse, sse2, sse3, ssse3, sse4.1, sse4.2, popcnt, avx, avx2, aes, clmul, erms, 3dnowpref, lzcnt, ht, tsc, tscinvbit, bmi1, bmi2, adx, evex, sha, fma

Memory: 4k page, system-wide physical 15970M (4616M free)
TotalPageFile size 26210M (AvailPageFile size 9480M)
current process WorkingSet (physical memory assigned to process): 971M, peak: 1060M
current process commit charge ("private bytes"): 967M, peak: 1108M

vm_info: Java HotSpot(TM) 64-Bit Server VM (11.0.18+9-LTS-195) for windows-amd64 JRE (11.0.18+9-LTS-195), built on Dec  6 2022 15:50:58 by "mach5one" with MS VC++ 17.1 (VS2022)

END.
